2024-11-18T07:47:58.185Z info: server started successfully! {}
2024-11-18T07:47:58.187Z info: Http server started successfully! {}
2024-11-18T07:50:21.785Z info: A client connected {}
2024-11-18T07:50:21.914Z info: A client connected {}
2024-11-18T07:50:22.044Z info: A client connected {}
2024-11-18T07:50:22.174Z info: A client connected {}
2024-11-18T07:50:22.301Z info: A client connected {}
2024-11-18T07:50:22.435Z info: A client connected {}
2024-11-18T07:50:22.592Z info: A client connected {}
2024-11-18T07:50:22.742Z info: A client connected {}
2024-11-18T07:50:22.873Z info: A client connected {}
2024-11-18T07:50:23.021Z info: A client connected {}
2024-11-18T07:50:23.144Z info: A client connected {}
2024-11-18T07:50:23.277Z info: A client connected {}
2024-11-18T07:50:23.408Z info: A client connected {}
2024-11-18T07:50:23.560Z info: A client connected {}
2024-11-18T07:50:23.683Z info: A client connected {}
2024-11-18T07:50:23.810Z info: A client connected {}
2024-11-18T07:50:23.943Z info: A client connected {}
2024-11-18T07:50:24.098Z info: A client connected {}
2024-11-18T07:50:24.229Z info: A client connected {}
2024-11-18T07:50:24.373Z info: A client connected {}
2024-11-18T07:50:24.527Z info: A client connected {}
2024-11-18T07:50:24.679Z info: A client connected {}
2024-11-18T07:50:24.814Z info: A client connected {}
2024-11-18T07:50:24.966Z info: A client connected {}
2024-11-18T07:50:25.122Z info: A client connected {}
2024-11-18T07:50:25.277Z info: A client connected {}
2024-11-18T07:50:25.424Z info: A client connected {}
2024-11-18T07:50:25.576Z info: A client connected {}
2024-11-18T07:50:25.727Z info: A client connected {}
2024-11-18T07:50:25.863Z info: A client connected {}
2024-11-18T07:50:25.988Z info: A client connected {}
2024-11-18T07:50:26.115Z info: A client connected {}
2024-11-18T07:50:26.246Z info: A client connected {}
2024-11-18T07:50:26.358Z info: A client disconnected {}
2024-11-18T07:50:26.410Z info: A client connected {}
2024-11-18T07:50:26.559Z info: A client connected {}
2024-11-18T07:50:26.714Z info: A client connected {}
2024-11-18T07:50:26.866Z info: A client connected {}
2024-11-18T07:50:26.995Z info: A client connected {}
2024-11-18T07:50:27.143Z info: A client connected {}
2024-11-18T07:50:27.284Z info: A client connected {}
2024-11-18T07:50:27.418Z info: A client connected {}
2024-11-18T07:50:27.562Z info: A client connected {}
2024-11-18T07:50:27.709Z info: A client connected {}
2024-11-18T07:50:27.817Z info: A client disconnected {}
2024-11-18T07:50:27.852Z info: A client connected {}
2024-11-18T07:51:07.709Z info: server started successfully! {}
2024-11-18T07:51:07.712Z info: Http server started successfully! {}
2024-11-18T07:51:07.867Z info: A client connected {}
2024-11-18T07:51:07.998Z info: A client connected {}
2024-11-18T07:51:08.125Z info: A client connected {}
2024-11-18T07:51:08.272Z info: A client connected {}
2024-11-18T07:51:08.405Z info: A client connected {}
2024-11-18T07:51:08.559Z info: A client connected {}
2024-11-18T07:51:08.692Z info: A client connected {}
2024-11-18T07:51:08.842Z info: A client connected {}
2024-11-18T07:51:08.993Z info: A client connected {}
2024-11-18T07:51:09.129Z info: A client connected {}
2024-11-18T07:51:09.275Z info: A client connected {}
2024-11-18T07:51:09.427Z info: A client connected {}
2024-11-18T07:51:09.577Z info: A client connected {}
2024-11-18T07:51:09.710Z info: A client connected {}
2024-11-18T07:51:09.856Z info: A client connected {}
2024-11-18T07:51:09.992Z info: A client connected {}
2024-11-18T07:51:10.123Z info: A client connected {}
2024-11-18T07:51:10.260Z info: A client connected {}
2024-11-18T07:51:10.411Z info: A client connected {}
2024-11-18T07:51:10.544Z info: A client connected {}
2024-11-18T07:51:10.690Z info: A client connected {}
2024-11-18T07:51:10.842Z info: A client connected {}
2024-11-18T07:51:10.976Z info: A client connected {}
2024-11-18T07:51:11.125Z info: A client connected {}
2024-11-18T07:51:11.280Z info: A client connected {}
2024-11-18T07:51:11.434Z info: A client connected {}
2024-11-18T07:51:11.572Z info: A client connected {}
2024-11-18T07:51:11.704Z info: A client connected {}
2024-11-18T07:51:11.854Z info: A client connected {}
2024-11-18T07:51:11.991Z info: A client connected {}
2024-11-18T07:51:12.141Z info: A client connected {}
2024-11-18T07:51:12.291Z info: A client connected {}
2024-11-18T07:51:12.421Z info: A client connected {}
2024-11-18T07:51:12.572Z info: A client connected {}
2024-11-18T07:51:12.726Z info: A client connected {}
2024-11-18T07:51:12.873Z info: A client connected {}
2024-11-18T07:51:13.024Z info: A client connected {}
2024-11-18T07:51:13.223Z info: A client connected {}
2024-11-18T07:51:13.349Z info: A client connected {}
2024-11-18T07:51:13.477Z info: A client connected {}
2024-11-18T07:51:13.628Z info: A client connected {}
2024-11-18T07:51:13.826Z info: A client connected {}
2024-11-18T07:51:13.992Z info: A client connected {}
2024-11-18T07:51:14.139Z info: A client connected {}
2024-11-18T07:51:14.284Z info: A client connected {}
2024-11-18T07:51:14.451Z info: A client connected {}
2024-11-18T07:51:14.600Z info: A client connected {}
2024-11-18T07:51:14.779Z info: A client connected {}
2024-11-18T07:51:14.925Z info: A client connected {}
2024-11-18T07:51:15.082Z info: A client connected {}
2024-11-18T07:51:15.226Z info: A client connected {}
2024-11-18T07:51:15.400Z info: A client connected {}
2024-11-18T07:51:15.541Z info: A client connected {}
2024-11-18T07:51:15.719Z info: A client connected {}
2024-11-18T07:51:15.825Z info: A client disconnected {}
2024-11-18T07:51:15.894Z info: A client connected {}
2024-11-18T07:51:16.069Z info: A client connected {}
2024-11-18T07:51:16.224Z info: A client connected {}
2024-11-18T07:51:16.364Z info: A client connected {}
2024-11-18T07:51:16.508Z info: A client connected {}
2024-11-18T07:51:16.655Z info: A client connected {}
2024-11-18T07:51:16.827Z info: A client connected {}
2024-11-18T07:51:16.938Z info: A client disconnected {}
2024-11-18T07:51:16.980Z info: A client connected {}
2024-11-18T07:51:35.926Z error: Failed to retrieve enable system {}
2024-11-18T07:51:36.030Z info: A client disconnected {}
2024-11-18T07:51:36.093Z info: A client connected {}
2024-11-18T07:51:36.238Z info: A client connected {}
2024-11-18T07:51:36.386Z info: A client connected {}
2024-11-18T07:51:36.563Z info: A client connected {}
2024-11-18T07:51:36.712Z info: A client connected {}
2024-11-18T07:51:36.855Z info: A client connected {}
2024-11-18T07:51:37.011Z info: A client connected {}
2024-11-18T07:51:37.153Z info: A client connected {}
2024-11-18T07:51:37.312Z info: A client connected {}
2024-11-18T07:51:37.485Z info: A client connected {}
2024-11-18T07:51:37.635Z info: A client connected {}
2024-11-18T07:51:37.811Z info: A client connected {}
2024-11-18T07:51:37.984Z info: A client connected {}
2024-11-18T07:51:38.146Z info: A client connected {}
2024-11-18T07:51:38.330Z info: A client connected {}
2024-11-18T07:51:38.487Z info: A client connected {}
2024-11-18T07:51:38.625Z info: A client connected {}
2024-11-18T07:51:38.804Z info: A client connected {}
2024-11-18T07:51:38.953Z info: A client connected {}
2024-11-18T07:51:39.133Z info: A client connected {}
2024-11-18T07:51:39.238Z info: A client disconnected {}
2024-11-18T07:51:39.312Z info: A client connected {}
2024-11-18T07:51:39.461Z info: A client connected {}
2024-11-18T07:51:39.643Z info: A client connected {}
2024-11-18T07:51:39.788Z info: A client connected {}
2024-11-18T07:51:39.934Z info: A client connected {}
2024-11-18T07:51:40.117Z info: A client connected {}
2024-11-18T07:51:40.316Z info: A client connected {}
2024-11-18T07:51:40.462Z info: A client connected {}
2024-11-18T07:51:40.649Z info: A client connected {}
2024-11-18T07:51:40.815Z info: A client connected {}
2024-11-18T07:51:40.962Z info: A client connected {}
2024-11-18T07:51:41.141Z info: A client connected {}
2024-11-18T07:51:41.283Z info: A client connected {}
2024-11-18T07:51:41.450Z info: A client connected {}
2024-11-18T07:51:41.556Z info: A client disconnected {}
2024-11-18T07:51:41.633Z info: A client connected {}
2024-11-18T07:51:41.786Z info: A client connected {}
2024-11-18T07:51:41.966Z info: A client connected {}
2024-11-18T07:51:42.150Z info: A client connected {}
2024-11-18T07:51:42.288Z info: A client connected {}
2024-11-18T07:51:42.466Z info: A client connected {}
2024-11-18T07:51:42.646Z info: A client connected {}
2024-11-18T07:51:42.751Z info: A client disconnected {}
2024-11-18T07:51:42.821Z info: A client connected {}
2024-11-18T07:51:43.002Z info: A client connected {}
2024-11-18T07:51:43.184Z info: A client connected {}
2024-11-18T07:51:43.332Z info: A client connected {}
2024-11-18T07:51:43.505Z info: A client connected {}
2024-11-18T07:51:43.659Z info: A client connected {}
2024-11-18T07:51:43.841Z info: A client connected {}
2024-11-18T07:51:43.946Z info: A client disconnected {}
2024-11-18T07:51:44.023Z info: A client connected {}
2024-11-18T07:51:44.181Z info: A client connected {}
2024-11-18T07:51:44.349Z info: A client connected {}
2024-11-18T07:51:44.520Z info: A client connected {}
2024-11-18T07:51:44.706Z info: A client connected {}
2024-11-18T07:51:44.854Z info: A client connected {}
2024-11-18T07:51:45.039Z info: A client connected {}
2024-11-18T07:51:45.181Z info: A client connected {}
2024-11-18T07:51:45.322Z info: A client connected {}
2024-11-18T07:51:45.468Z info: A client connected {}
2024-11-18T07:51:45.635Z info: A client connected {}
2024-11-18T07:51:45.784Z info: A client connected {}
2024-11-18T07:51:45.926Z info: A client connected {}
2024-11-18T07:51:46.079Z info: A client connected {}
2024-11-18T07:51:46.235Z info: A client connected {}
2024-11-18T07:51:46.413Z info: A client connected {}
2024-11-18T07:51:46.518Z info: A client disconnected {}
2024-11-18T07:51:46.594Z info: A client connected {}
2024-11-18T07:51:46.702Z info: A client disconnected {}
2024-11-18T07:51:46.756Z info: A client connected {}
2024-11-18T07:51:46.936Z info: A client connected {}
2024-11-18T07:51:47.116Z info: A client connected {}
2024-11-18T07:51:47.265Z info: A client connected {}
2024-11-18T07:51:47.448Z info: A client connected {}
2024-11-18T07:51:47.618Z info: A client connected {}
2024-11-18T07:51:47.797Z info: A client connected {}
2024-11-18T07:51:47.944Z info: A client connected {}
2024-11-18T07:51:48.107Z info: A client connected {}
2024-11-18T07:51:48.261Z info: A client connected {}
2024-11-18T07:51:48.452Z info: A client connected {}
2024-11-18T07:51:48.602Z info: A client connected {}
2024-11-18T07:51:48.756Z info: A client connected {}
2024-11-18T07:51:48.928Z info: A client connected {}
2024-11-18T07:51:49.074Z info: A client connected {}
2024-11-18T07:51:49.251Z info: A client connected {}
2024-11-18T07:51:49.397Z info: A client connected {}
2024-11-18T07:51:49.572Z info: A client connected {}
2024-11-18T07:51:49.731Z info: A client connected {}
2024-11-18T07:51:49.893Z info: A client connected {}
2024-11-18T07:51:50.069Z info: A client connected {}
2024-11-18T07:51:50.246Z info: A client connected {}
2024-11-18T07:51:50.403Z info: A client connected {}
2024-11-18T07:51:50.593Z info: A client connected {}
2024-11-18T07:51:50.705Z info: A client disconnected {}
2024-11-18T07:51:50.781Z info: A client connected {}
2024-11-18T07:51:50.931Z info: A client connected {}
2024-11-18T07:51:51.038Z info: A client disconnected {}
2024-11-18T07:51:51.116Z info: A client connected {}
2024-11-18T07:51:51.295Z info: A client connected {}
2024-11-18T07:51:51.440Z info: A client connected {}
2024-11-18T07:51:51.626Z info: A client connected {}
2024-11-18T07:51:51.805Z info: A client connected {}
2024-11-18T07:51:51.979Z info: A client connected {}
2024-11-18T07:51:52.085Z info: A client disconnected {}
2024-11-18T07:51:52.162Z info: A client connected {}
2024-11-18T07:51:52.344Z info: A client connected {}
2024-11-18T07:51:52.535Z info: A client connected {}
2024-11-18T07:51:52.679Z info: A client connected {}
2024-11-18T07:51:52.819Z info: A client connected {}
2024-11-18T07:51:52.863Z info: A client disconnected {}
2024-11-18T07:51:52.994Z info: A client disconnected {}
2024-11-18T07:51:53.009Z info: A client connected {}
2024-11-18T07:51:53.122Z info: A client disconnected {}
2024-11-18T07:51:53.228Z info: A client disconnected {}
2024-11-18T07:51:53.269Z info: A client disconnected {}
2024-11-18T07:51:53.313Z info: A client connected {}
2024-11-18T07:51:53.403Z info: A client disconnected {}
2024-11-18T07:51:53.508Z info: A client disconnected {}
2024-11-18T07:51:53.557Z info: A client disconnected {}
2024-11-18T07:51:53.595Z info: A client connected {}
2024-11-18T07:51:53.690Z info: A client disconnected {}
2024-11-18T07:51:53.796Z info: A client disconnected {}
2024-11-18T07:51:53.836Z info: A client disconnected {}
2024-11-18T07:51:53.878Z info: A client connected {}
2024-11-18T07:51:53.985Z info: A client disconnected {}
2024-11-18T07:51:54.060Z info: A client connected {}
2024-11-18T07:51:54.127Z info: A client disconnected {}
2024-11-18T07:51:54.231Z info: A client disconnected {}
2024-11-18T07:51:54.271Z info: A client disconnected {}
2024-11-18T07:51:54.311Z info: A client connected {}
2024-11-18T07:51:54.422Z info: A client disconnected {}
2024-11-18T07:51:54.494Z info: A client connected {}
2024-11-18T07:51:54.572Z info: A client disconnected {}
2024-11-18T07:51:54.677Z info: A client disconnected {}
2024-11-18T07:51:54.709Z info: A client disconnected {}
2024-11-18T07:51:54.758Z info: A client connected {}
2024-11-18T07:51:54.853Z info: A client disconnected {}
2024-11-18T07:51:54.958Z info: A client disconnected {}
2024-11-18T07:51:54.991Z info: A client disconnected {}
2024-11-18T07:51:55.047Z info: A client connected {}
2024-11-18T07:51:55.121Z info: A client disconnected {}
2024-11-18T07:51:55.226Z info: A client disconnected {}
2024-11-18T07:51:55.260Z info: A client disconnected {}
2024-11-18T07:51:55.307Z info: A client connected {}
2024-11-18T07:51:55.405Z info: A client disconnected {}
2024-11-18T07:51:55.509Z info: A client disconnected {}
2024-11-18T07:51:55.542Z info: A client disconnected {}
2024-11-18T07:51:55.597Z info: A client connected {}
2024-11-18T07:51:55.684Z info: A client disconnected {}
2024-11-18T07:51:55.790Z info: A client disconnected {}
2024-11-18T07:51:55.836Z info: A client disconnected {}
2024-11-18T07:51:55.872Z info: A client connected {}
2024-11-18T07:51:55.974Z info: A client disconnected {}
2024-11-18T07:51:56.053Z info: A client connected {}
2024-11-18T07:51:56.120Z info: A client disconnected {}
2024-11-18T07:51:56.224Z info: A client disconnected {}
2024-11-18T07:51:56.277Z info: A client disconnected {}
2024-11-18T07:51:56.322Z info: A client connected {}
2024-11-18T07:51:56.431Z info: A client disconnected {}
2024-11-18T07:51:56.536Z info: A client disconnected {}
2024-11-18T07:51:56.570Z info: A client disconnected {}
2024-11-18T07:51:56.618Z info: A client connected {}
2024-11-18T07:51:56.703Z info: A client disconnected {}
2024-11-18T07:51:56.812Z info: A client disconnected {}
2024-11-18T07:51:56.851Z info: A client disconnected {}
2024-11-18T07:51:56.894Z info: A client connected {}
2024-11-18T07:51:56.990Z info: A client disconnected {}
2024-11-18T07:51:57.095Z info: A client disconnected {}
2024-11-18T07:51:57.135Z info: A client disconnected {}
2024-11-18T07:51:57.178Z info: A client connected {}
2024-11-18T07:51:57.284Z info: A client disconnected {}
2024-11-18T07:51:57.288Z info: A client disconnected {}
2024-11-18T07:51:57.359Z info: A client connected {}
2024-11-18T07:51:57.419Z info: A client disconnected {}
2024-11-18T07:51:57.525Z info: A client disconnected {}
2024-11-18T07:51:57.567Z info: A client disconnected {}
2024-11-18T07:51:57.608Z info: A client connected {}
2024-11-18T07:51:57.720Z info: A client disconnected {}
2024-11-18T07:51:57.793Z info: A client connected {}
2024-11-18T07:51:57.867Z info: A client disconnected {}
2024-11-18T07:51:57.973Z info: A client disconnected {}
2024-11-18T07:51:58.020Z info: A client disconnected {}
2024-11-18T07:51:58.054Z info: A client connected {}
2024-11-18T07:51:58.205Z info: A client connected {}
2024-11-18T07:51:58.220Z info: A client disconnected {}
2024-11-18T07:51:58.345Z info: A client disconnected {}
2024-11-18T07:51:58.390Z info: A client connected {}
2024-11-18T07:51:58.474Z info: A client disconnected {}
2024-11-18T07:51:58.578Z info: A client disconnected {}
2024-11-18T07:51:58.623Z info: A client disconnected {}
2024-11-18T07:51:58.662Z info: A client connected {}
2024-11-18T07:51:58.809Z info: A client connected {}
2024-11-18T07:51:58.824Z info: A client disconnected {}
2024-11-18T07:51:58.977Z info: A client connected {}
2024-11-18T07:51:58.988Z info: A client disconnected {}
2024-11-18T07:51:59.087Z info: A client disconnected {}
2024-11-18T07:51:59.135Z info: A client disconnected {}
2024-11-18T07:51:59.169Z info: A client connected {}
2024-11-18T07:51:59.282Z info: A client disconnected {}
2024-11-18T07:51:59.350Z info: A client connected {}
2024-11-18T07:51:59.446Z info: A client disconnected {}
2024-11-18T07:51:59.552Z info: A client disconnected {}
2024-11-18T07:51:59.596Z info: A client disconnected {}
2024-11-18T07:51:59.631Z info: A client connected {}
2024-11-18T07:51:59.773Z info: A client disconnected {}
2024-11-18T07:51:59.780Z info: A client connected {}
2024-11-18T07:51:59.878Z info: A client disconnected {}
2024-11-18T07:51:59.922Z info: A client disconnected {}
2024-11-18T07:51:59.960Z info: A client connected {}
2024-11-18T07:52:00.065Z info: A client disconnected {}
2024-11-18T07:52:00.078Z info: A client disconnected {}
2024-11-18T07:52:00.151Z info: A client connected {}
2024-11-18T07:52:00.224Z info: A client disconnected {}
2024-11-18T07:52:00.329Z info: A client disconnected {}
2024-11-18T07:52:00.396Z info: A client disconnected {}
2024-11-18T07:52:00.412Z info: A client connected {}
2024-11-18T07:52:00.539Z info: A client disconnected {}
2024-11-18T07:52:00.645Z info: A client disconnected {}
2024-11-18T07:52:00.726Z info: A client connected {}
2024-11-18T07:52:00.837Z info: A client disconnected {}
2024-11-18T07:52:00.890Z info: A client disconnected {}
2024-11-18T07:52:00.920Z info: A client connected {}
2024-11-18T07:52:01.067Z info: A client disconnected {}
2024-11-18T07:52:01.172Z info: A client disconnected {}
2024-11-18T07:52:01.221Z info: A client disconnected {}
2024-11-18T07:52:01.254Z info: A client connected {}
2024-11-18T07:52:01.360Z info: A client disconnected {}
2024-11-18T07:52:01.441Z info: A client connected {}
2024-11-18T07:52:01.504Z info: A client disconnected {}
2024-11-18T07:52:01.608Z info: A client disconnected {}
2024-11-18T07:52:01.652Z info: A client disconnected {}
2024-11-18T07:52:01.693Z info: A client connected {}
2024-11-18T07:52:01.857Z info: A client connected {}
2024-11-18T07:52:02.043Z info: A client connected {}
2024-11-18T07:52:02.192Z info: A client connected {}
2024-11-18T07:52:02.374Z info: A client connected {}
2024-11-18T07:52:02.523Z info: A client connected {}
2024-11-18T07:52:02.630Z info: A client disconnected {}
2024-11-18T07:52:02.707Z info: A client connected {}
2024-11-18T07:52:02.883Z info: A client connected {}
2024-11-18T07:52:03.030Z info: A client connected {}
2024-11-18T07:52:03.214Z info: A client connected {}
2024-11-18T07:52:03.322Z info: A client disconnected {}
2024-11-18T07:52:03.408Z info: A client connected {}
2024-11-18T07:52:03.587Z info: A client connected {}
2024-11-18T07:52:03.734Z info: A client connected {}
2024-11-18T07:52:03.877Z info: A client connected {}
2024-11-18T07:52:03.982Z info: A client disconnected {}
2024-11-18T07:52:04.061Z info: A client connected {}
2024-11-18T07:52:04.237Z info: A client connected {}
2024-11-18T07:52:04.388Z info: A client connected {}
2024-11-18T07:52:04.542Z info: A client connected {}
2024-11-18T07:52:04.725Z info: A client connected {}
2024-11-18T07:52:04.908Z info: A client connected {}
2024-11-18T07:52:05.089Z info: A client connected {}
2024-11-18T07:52:05.269Z info: A client connected {}
2024-11-18T07:52:05.434Z info: A client connected {}
2024-11-18T07:52:05.624Z info: A client connected {}
2024-11-18T07:52:05.771Z info: A client connected {}
2024-11-18T07:52:05.955Z info: A client connected {}
2024-11-18T07:52:06.103Z info: A client connected {}
2024-11-18T07:52:06.280Z info: A client connected {}
2024-11-18T07:52:06.425Z info: A client connected {}
2024-11-18T07:52:06.608Z info: A client connected {}
2024-11-18T07:52:06.718Z info: A client disconnected {}
2024-11-18T07:52:06.796Z info: A client connected {}
2024-11-18T07:52:06.970Z info: A client connected {}
2024-11-18T07:52:07.155Z info: A client connected {}
2024-11-18T07:52:07.337Z info: A client connected {}
2024-11-18T07:52:07.489Z info: A client connected {}
2024-11-18T07:52:07.667Z info: A client connected {}
2024-11-18T07:52:07.817Z info: A client connected {}
2024-11-18T07:52:07.999Z info: A client connected {}
2024-11-18T07:52:08.177Z info: A client connected {}
2024-11-18T07:52:08.282Z info: A client disconnected {}
2024-11-18T07:52:08.362Z info: A client connected {}
2024-11-18T07:52:08.472Z info: A client disconnected {}
2024-11-18T07:52:08.553Z info: A client connected {}
2024-11-18T07:52:08.665Z info: A client disconnected {}
2024-11-18T07:52:08.743Z info: A client connected {}
2024-11-18T07:52:08.922Z info: A client connected {}
2024-11-18T07:52:09.083Z info: A client connected {}
2024-11-18T07:52:09.264Z info: A client connected {}
2024-11-18T07:52:09.411Z info: A client connected {}
2024-11-18T07:52:09.590Z info: A client connected {}
2024-11-18T07:52:09.759Z info: A client connected {}
2024-11-18T07:52:09.866Z info: A client disconnected {}
2024-11-18T07:52:09.942Z info: A client connected {}
2024-11-18T07:52:10.106Z info: A client connected {}
2024-11-18T07:52:10.292Z info: A client connected {}
2024-11-18T07:52:10.470Z info: A client connected {}
2024-11-18T07:52:10.639Z info: A client connected {}
2024-11-18T07:52:10.828Z info: A client connected {}
2024-11-18T07:52:10.939Z info: A client disconnected {}
2024-11-18T07:52:11.018Z info: A client connected {}
2024-11-18T07:52:11.170Z info: A client connected {}
2024-11-18T07:52:11.350Z info: A client connected {}
2024-11-18T07:52:11.534Z info: A client connected {}
2024-11-18T07:52:11.715Z info: A client connected {}
2024-11-18T07:52:11.860Z info: A client connected {}
2024-11-18T07:52:12.010Z info: A client connected {}
2024-11-18T07:52:12.161Z info: A client connected {}
2024-11-18T07:52:12.341Z info: A client connected {}
2024-11-18T07:52:12.530Z info: A client connected {}
2024-11-18T07:52:12.639Z info: A client disconnected {}
2024-11-18T07:52:12.721Z info: A client connected {}
2024-11-18T07:52:12.901Z info: A client connected {}
2024-11-18T07:52:13.043Z info: A client connected {}
2024-11-18T07:52:13.222Z info: A client connected {}
2024-11-18T07:52:13.403Z info: A client connected {}
2024-11-18T07:52:13.554Z info: A client connected {}
2024-11-18T07:52:13.725Z info: A client connected {}
2024-11-18T07:52:13.908Z info: A client connected {}
2024-11-18T07:52:14.063Z info: A client connected {}
2024-11-18T07:52:14.244Z info: A client connected {}
2024-11-18T07:52:14.437Z info: A client connected {}
2024-11-18T07:52:14.544Z info: A client disconnected {}
2024-11-18T07:52:14.615Z info: A client connected {}
2024-11-18T07:52:14.792Z info: A client connected {}
2024-11-18T07:52:14.939Z info: A client connected {}
2024-11-18T07:52:15.119Z info: A client connected {}
2024-11-18T07:52:15.283Z info: A client connected {}
2024-11-18T07:52:15.433Z info: A client connected {}
2024-11-18T07:52:15.617Z info: A client connected {}
2024-11-18T07:52:15.722Z info: A client disconnected {}
2024-11-18T07:52:15.794Z info: A client connected {}
2024-11-18T07:52:15.992Z info: A client connected {}
2024-11-18T07:52:16.137Z info: A client connected {}
2024-11-18T07:52:16.323Z info: A client connected {}
2024-11-18T07:52:16.487Z info: A client connected {}
2024-11-18T07:52:16.642Z info: A client connected {}
2024-11-18T07:52:16.795Z info: A client connected {}
2024-11-18T07:52:16.958Z info: A client connected {}
2024-11-18T07:52:17.140Z info: A client connected {}
2024-11-18T07:52:17.301Z info: A client connected {}
2024-11-18T07:52:17.412Z info: A client disconnected {}
2024-11-18T07:52:17.492Z info: A client connected {}
2024-11-18T07:52:17.638Z info: A client connected {}
2024-11-18T07:52:17.747Z info: A client disconnected {}
2024-11-18T07:52:17.826Z info: A client connected {}
2024-11-18T07:52:18.007Z info: A client connected {}
2024-11-18T07:52:18.190Z info: A client connected {}
2024-11-18T07:52:18.301Z info: A client disconnected {}
2024-11-18T07:52:18.380Z info: A client connected {}
2024-11-18T07:52:18.584Z info: A client connected {}
2024-11-18T07:52:18.768Z info: A client connected {}
2024-11-18T07:52:18.936Z info: A client connected {}
2024-11-18T07:52:19.121Z info: A client connected {}
2024-11-18T07:52:19.304Z info: A client connected {}
2024-11-18T07:52:19.465Z info: A client connected {}
2024-11-18T07:52:19.640Z info: A client connected {}
2024-11-18T07:52:19.786Z info: A client connected {}
2024-11-18T07:52:19.964Z info: A client connected {}
2024-11-18T07:52:20.145Z info: A client connected {}
2024-11-18T07:52:20.302Z info: A client connected {}
2024-11-18T07:52:20.472Z info: A client connected {}
2024-11-18T07:52:20.580Z info: A client disconnected {}
2024-11-18T07:52:20.656Z info: A client connected {}
2024-11-18T07:52:20.802Z info: A client connected {}
2024-11-18T07:52:20.985Z info: A client connected {}
2024-11-18T07:52:21.089Z info: A client disconnected {}
2024-11-18T07:52:21.091Z info: A client disconnected {}
2024-11-18T07:52:21.172Z info: A client connected {}
2024-11-18T07:52:21.234Z info: A client disconnected {}
2024-11-18T07:52:21.338Z info: A client disconnected {}
2024-11-18T07:52:21.382Z info: A client disconnected {}
2024-11-18T07:52:21.419Z info: A client connected {}
2024-11-18T07:52:21.562Z info: A client disconnected {}
2024-11-18T07:52:21.603Z info: A client connected {}
2024-11-18T07:52:21.711Z info: A client disconnected {}
2024-11-18T07:52:21.815Z info: A client disconnected {}
2024-11-18T07:52:21.851Z info: A client disconnected {}
2024-11-18T07:52:21.904Z info: A client connected {}
2024-11-18T07:52:22.008Z info: A client disconnected {}
2024-11-18T07:52:22.112Z info: A client disconnected {}
2024-11-18T07:52:22.151Z info: A client disconnected {}
2024-11-18T07:52:22.196Z info: A client connected {}
2024-11-18T07:52:22.300Z info: A client disconnected {}
2024-11-18T07:52:22.308Z info: A client disconnected {}
2024-11-18T07:52:22.377Z info: A client connected {}
2024-11-18T07:52:22.480Z info: A client disconnected {}
2024-11-18T07:52:22.482Z info: A client disconnected {}
2024-11-18T07:52:22.563Z info: A client connected {}
2024-11-18T07:52:22.630Z info: A client disconnected {}
2024-11-18T07:52:22.733Z info: A client disconnected {}
2024-11-18T07:52:22.807Z info: A client disconnected {}
2024-11-18T07:52:22.812Z info: A client connected {}
2024-11-18T07:52:22.980Z info: A client disconnected {}
2024-11-18T07:52:22.993Z info: A client connected {}
2024-11-18T07:52:23.089Z info: A client disconnected {}
2024-11-18T07:52:23.141Z info: A client disconnected {}
2024-11-18T07:52:23.158Z info: A client connected {}
2024-11-18T07:52:23.254Z info: A client disconnected {}
2024-11-18T07:52:23.292Z info: A client connected {}
2024-11-18T07:52:23.327Z info: A client disconnected {}
2024-11-18T07:52:23.431Z info: A client disconnected {}
2024-11-18T07:52:23.484Z info: A client disconnected {}
2024-11-18T07:52:23.518Z info: A client connected {}
2024-11-18T07:52:23.622Z info: A client disconnected {}
2024-11-18T07:52:23.726Z info: A client disconnected {}
2024-11-18T07:52:23.796Z info: A client disconnected {}
2024-11-18T07:52:23.815Z info: A client connected {}
2024-11-18T07:52:23.916Z info: A client disconnected {}
2024-11-18T07:52:23.947Z info: A client disconnected {}
2024-11-18T07:52:23.975Z info: A client connected {}
2024-11-18T07:52:24.155Z info: A client connected {}
2024-11-18T07:52:24.300Z info: A client connected {}
2024-11-18T07:52:24.309Z info: A client disconnected {}
2024-11-18T07:52:24.447Z info: A client connected {}
2024-11-18T07:52:24.458Z info: A client disconnected {}
2024-11-18T07:52:24.596Z info: A client connected {}
2024-11-18T07:52:24.638Z info: A client disconnected {}
2024-11-18T07:52:24.742Z info: A client connected {}
2024-11-18T07:52:24.784Z info: A client disconnected {}
2024-11-18T07:52:24.893Z info: A client connected {}
2024-11-18T07:52:24.929Z info: A client disconnected {}
2024-11-18T07:52:25.001Z info: A client disconnected {}
2024-11-18T07:52:25.078Z info: A client connected {}
2024-11-18T07:52:25.108Z info: A client disconnected {}
2024-11-18T07:52:25.189Z info: A client disconnected {}
2024-11-18T07:52:25.268Z info: A client connected {}
2024-11-18T07:52:25.315Z info: A client disconnected {}
2024-11-18T07:52:25.407Z info: A client connected {}
2024-11-18T07:52:25.458Z info: A client disconnected {}
2024-11-18T07:52:25.549Z info: A client connected {}
2024-11-18T07:52:25.645Z info: A client disconnected {}
2024-11-18T07:52:25.749Z info: A client disconnected {}
2024-11-18T07:52:25.811Z info: A client disconnected {}
2024-11-18T07:52:25.835Z info: A client connected {}
2024-11-18T07:52:25.956Z info: A client disconnected {}
2024-11-18T07:52:26.060Z info: A client disconnected {}
2024-11-18T07:52:26.138Z info: A client disconnected {}
2024-11-18T07:52:26.145Z info: A client connected {}
2024-11-18T07:52:26.247Z info: A client disconnected {}
2024-11-18T07:52:26.280Z info: A client disconnected {}
2024-11-18T07:52:26.310Z info: A client connected {}
2024-11-18T07:52:26.462Z info: A client connected {}
2024-11-18T07:52:26.628Z info: A client disconnected {}
2024-11-18T07:52:26.653Z info: A client connected {}
2024-11-18T07:52:26.782Z info: A client disconnected {}
2024-11-18T07:52:26.885Z info: A client disconnected {}
2024-11-18T07:52:26.959Z info: A client connected {}
2024-11-18T07:52:26.960Z info: A client disconnected {}
2024-11-18T07:52:27.067Z info: A client disconnected {}
2024-11-18T07:52:27.141Z info: A client connected {}
2024-11-18T07:52:27.141Z info: A client disconnected {}
2024-11-18T07:52:27.279Z info: A client connected {}
2024-11-18T07:52:27.286Z info: A client disconnected {}
2024-11-18T07:52:27.390Z info: A client disconnected {}
2024-11-18T07:52:27.464Z info: A client disconnected {}
2024-11-18T07:52:27.504Z info: A client connected {}
2024-11-18T07:52:27.816Z info: A client disconnected {}
2024-11-18T07:52:27.921Z info: A client disconnected {}
2024-11-18T07:52:27.966Z info: A client connected {}
2024-11-18T07:52:27.995Z info: A client disconnected {}
2024-11-18T07:52:28.098Z info: A client disconnected {}
2024-11-18T07:52:28.176Z info: A client connected {}
2024-11-18T07:52:28.176Z info: A client disconnected {}
2024-11-18T07:52:28.317Z info: A client connected {}
2024-11-18T07:52:28.327Z info: A client disconnected {}
2024-11-18T07:52:28.467Z info: A client connected {}
2024-11-18T07:52:28.501Z info: A client disconnected {}
2024-11-18T07:52:28.614Z info: A client connected {}
2024-11-18T07:52:28.655Z info: A client disconnected {}
2024-11-18T07:52:28.762Z info: A client connected {}
2024-11-18T07:52:28.944Z info: A client connected {}
2024-11-18T07:52:29.019Z info: A client disconnected {}
2024-11-18T07:52:29.123Z info: A client disconnected {}
2024-11-18T07:52:29.170Z info: A client disconnected {}
2024-11-18T07:52:29.204Z info: A client connected {}
2024-11-18T07:52:29.346Z info: A client disconnected {}
2024-11-18T07:52:29.390Z info: A client connected {}
2024-11-18T07:52:29.512Z info: A client disconnected {}
2024-11-18T07:52:29.616Z info: A client disconnected {}
2024-11-18T07:52:29.695Z info: A client connected {}
2024-11-18T07:52:29.703Z info: A client disconnected {}
2024-11-18T07:52:29.851Z info: A client disconnected {}
2024-11-18T07:52:38.006Z info: server started successfully! {}
2024-11-18T07:52:38.009Z info: Http server started successfully! {}
2024-11-18T07:52:41.296Z info: A client connected {}
2024-11-18T07:52:41.426Z info: A client connected {}
2024-11-18T07:52:41.570Z info: A client connected {}
2024-11-18T07:52:41.719Z info: A client connected {}
2024-11-18T07:52:41.853Z info: A client connected {}
2024-11-18T07:52:42.006Z info: A client connected {}
2024-11-18T07:52:42.157Z info: A client connected {}
2024-11-18T07:52:42.306Z info: A client connected {}
2024-11-18T07:52:42.439Z info: A client connected {}
2024-11-18T07:52:42.588Z info: A client connected {}
2024-11-18T07:52:42.723Z info: A client connected {}
2024-11-18T07:52:42.875Z info: A client connected {}
2024-11-18T07:52:43.013Z info: A client connected {}
2024-11-18T07:52:43.148Z info: A client connected {}
2024-11-18T07:52:43.290Z info: A client connected {}
2024-11-18T07:52:43.443Z info: A client connected {}
2024-11-18T07:52:43.592Z info: A client connected {}
2024-11-18T07:52:43.756Z info: A client connected {}
2024-11-18T07:52:43.909Z info: A client connected {}
2024-11-18T07:52:44.047Z info: A client connected {}
2024-11-18T07:52:44.177Z info: A client connected {}
2024-11-18T07:52:44.314Z info: A client connected {}
2024-11-18T07:52:44.453Z info: A client connected {}
2024-11-18T07:52:44.607Z info: A client connected {}
2024-11-18T07:52:44.762Z info: A client connected {}
2024-11-18T07:52:44.875Z info: A client disconnected {}
2024-11-18T07:52:44.902Z info: A client connected {}
2024-11-18T07:53:26.297Z info: A client disconnected {}
2024-11-18T07:53:26.404Z info: A client disconnected {}
2024-11-18T07:53:26.423Z info: A client disconnected {}
2024-11-18T07:53:26.453Z info: A client connected {}
2024-11-18T07:53:26.566Z info: A client disconnected {}
2024-11-18T07:53:26.670Z info: A client disconnected {}
2024-11-18T07:53:26.712Z info: A client disconnected {}
2024-11-18T07:53:26.746Z info: A client connected {}
2024-11-18T07:53:26.850Z info: A client disconnected {}
2024-11-18T07:53:26.896Z info: A client connected {}
2024-11-18T07:53:27.001Z info: A client disconnected {}
2024-11-18T07:53:27.106Z info: A client disconnected {}
2024-11-18T07:53:27.152Z info: A client disconnected {}
2024-11-18T07:53:27.169Z info: A client connected {}
2024-11-18T07:53:27.274Z info: A client disconnected {}
2024-11-18T07:53:27.302Z info: A client disconnected {}
2024-11-18T07:53:27.352Z info: A client connected {}
2024-11-18T07:53:27.437Z info: A client disconnected {}
2024-11-18T07:53:27.541Z info: A client disconnected {}
2024-11-18T07:53:27.585Z info: A client disconnected {}
2024-11-18T07:53:27.618Z info: A client connected {}
2024-11-18T07:53:27.722Z info: A client disconnected {}
2024-11-18T07:53:27.826Z info: A client disconnected {}
2024-11-18T07:53:27.870Z info: A client disconnected {}
2024-11-18T07:53:27.904Z info: A client connected {}
2024-11-18T07:53:28.011Z info: A client disconnected {}
2024-11-18T07:53:28.076Z info: A client connected {}
2024-11-18T07:53:28.147Z info: A client disconnected {}
2024-11-18T07:53:28.250Z info: A client disconnected {}
2024-11-18T07:53:28.286Z info: A client disconnected {}
2024-11-18T07:53:28.317Z info: A client connected {}
2024-11-18T07:53:28.439Z info: A client disconnected {}
2024-11-18T07:53:28.475Z info: A client connected {}
2024-11-18T07:53:28.588Z info: A client disconnected {}
2024-11-18T07:53:28.692Z info: A client disconnected {}
2024-11-18T07:53:28.752Z info: A client disconnected {}
2024-11-18T07:53:28.780Z info: A client connected {}
2024-11-18T07:53:28.903Z info: A client disconnected {}
2024-11-18T07:53:29.008Z info: A client disconnected {}
2024-11-18T07:53:29.045Z info: A client disconnected {}
2024-11-18T07:53:29.086Z info: A client connected {}
2024-11-18T07:53:29.174Z info: A client disconnected {}
2024-11-18T07:53:29.279Z info: A client disconnected {}
2024-11-18T07:53:29.311Z info: A client disconnected {}
2024-11-18T07:53:29.356Z info: A client connected {}
2024-11-18T07:53:29.452Z info: A client disconnected {}
2024-11-18T07:53:29.557Z info: A client disconnected {}
2024-11-18T07:53:29.603Z info: A client disconnected {}
2024-11-18T07:53:29.624Z info: A client connected {}
2024-11-18T07:53:29.768Z info: A client connected {}
2024-11-18T07:53:29.905Z info: A client connected {}
2024-11-18T07:53:30.013Z info: A client disconnected {}
2024-11-18T07:53:30.096Z info: A client connected {}
2024-11-18T07:53:30.203Z info: A client disconnected {}
2024-11-18T07:53:30.268Z info: A client connected {}
2024-11-18T07:53:30.409Z info: A client connected {}
2024-11-18T07:53:30.561Z info: A client connected {}
2024-11-18T07:53:30.728Z info: A client connected {}
2024-11-18T07:53:30.871Z info: A client connected {}
2024-11-18T07:53:31.016Z info: A client connected {}
2024-11-18T07:53:31.133Z info: A client disconnected {}
2024-11-18T07:53:31.199Z info: A client connected {}
2024-11-18T07:53:31.345Z info: A client connected {}
2024-11-18T07:53:31.495Z info: A client connected {}
2024-11-18T07:53:31.669Z info: A client connected {}
2024-11-18T07:53:31.776Z info: A client disconnected {}
2024-11-18T07:53:31.844Z info: A client connected {}
2024-11-18T07:53:31.950Z info: A client disconnected {}
2024-11-18T07:53:32.025Z info: A client connected {}
2024-11-18T07:53:32.131Z info: A client disconnected {}
2024-11-18T07:53:32.206Z info: A client connected {}
2024-11-18T07:53:32.400Z info: A client connected {}
2024-11-18T07:53:32.540Z info: A client connected {}
2024-11-18T07:53:32.678Z info: A client connected {}
2024-11-18T07:53:32.855Z info: A client connected {}
2024-11-18T07:53:32.998Z info: A client connected {}
2024-11-18T07:53:33.143Z info: A client connected {}
2024-11-18T07:53:33.292Z info: A client connected {}
2024-11-18T07:53:33.457Z info: A client connected {}
2024-11-18T07:53:33.636Z info: A client connected {}
2024-11-18T07:53:33.808Z info: A client connected {}
2024-11-18T07:53:33.947Z info: A client connected {}
2024-11-18T07:53:34.091Z info: A client connected {}
2024-11-18T07:53:34.272Z info: A client connected {}
2024-11-18T07:53:34.438Z info: A client connected {}
2024-11-18T07:53:34.586Z info: A client connected {}
2024-11-18T07:53:34.731Z info: A client connected {}
2024-11-18T07:53:34.904Z info: A client connected {}
2024-11-18T07:53:35.040Z info: A client connected {}
