2024-11-14T22:42:19.320Z info: server started successfully! {}
2024-11-14T22:42:19.323Z info: Http server started successfully! {}
2024-11-14T22:44:09.157Z info: server started successfully! {}
2024-11-14T22:44:09.160Z info: Http server started successfully! {}
2024-11-14T22:44:23.606Z info: A client connected {}
2024-11-14T22:45:38.742Z info: A client disconnected {}
2024-11-14T22:45:38.791Z info: A client connected {}
2024-11-14T22:46:37.932Z info: A client disconnected {}
2024-11-14T22:46:37.977Z info: A client connected {}
2024-11-14T22:47:52.680Z info: A client disconnected {}
2024-11-14T22:47:52.717Z info: A client connected {}
2024-11-14T22:49:31.588Z info: A client disconnected {}
2024-11-14T22:49:31.631Z info: A client connected {}
2024-11-14T22:50:07.044Z info: A client disconnected {}
2024-11-14T22:50:07.084Z info: A client connected {}
2024-11-14T22:52:17.442Z info: A client disconnected {}
2024-11-14T22:52:17.479Z info: A client connected {}
2024-11-14T22:56:16.163Z info: A client disconnected {}
2024-11-14T22:56:16.274Z info: A client connected {}
2024-11-14T22:56:19.020Z info: A client disconnected {}
2024-11-14T22:56:20.969Z info: A client connected {}
2024-11-14T22:56:29.567Z info: A client disconnected {}
2024-11-14T22:56:29.639Z info: A client connected {}
2024-11-14T22:56:30.787Z info: A client disconnected {}
2024-11-14T22:56:30.867Z info: A client connected {}
2024-11-14T22:58:37.832Z info: A client disconnected {}
2024-11-14T22:58:37.955Z info: A client connected {}
2024-11-14T22:58:55.731Z info: A client disconnected {}
2024-11-14T22:58:55.818Z info: A client connected {}
2024-11-14T22:59:03.129Z info: A client connected {}
2024-11-14T22:59:14.107Z info: A client disconnected {}
2024-11-14T23:04:58.385Z info: A client disconnected {}
2024-11-14T23:10:20.093Z info: server started successfully! {}
2024-11-14T23:10:20.097Z info: Http server started successfully! {}
2024-11-14T23:11:23.547Z info: A client connected {}
2024-11-14T23:12:30.530Z info: A client disconnected {}
2024-11-14T23:12:30.626Z info: A client connected {}
2024-11-14T23:15:27.340Z info: A client disconnected {}
2024-11-14T23:15:27.434Z info: A client connected {}
2024-11-14T23:21:47.034Z info: A client disconnected {}
2024-11-14T23:21:47.142Z info: A client connected {}
2024-11-14T23:25:15.579Z info: A client disconnected {}
2024-11-14T23:25:17.794Z info: A client connected {}
2024-11-14T23:25:18.394Z info: A client disconnected {}
2024-11-14T23:25:18.487Z info: A client connected {}
2024-11-14T23:25:28.525Z info: server started successfully! {}
2024-11-14T23:25:28.528Z info: Http server started successfully! {}
2024-11-14T23:25:34.159Z info: A client connected {}
2024-11-14T23:27:03.778Z info: A client disconnected {}
2024-11-14T23:27:03.886Z info: A client connected {}
2024-11-14T23:27:21.194Z info: A client disconnected {}
2024-11-14T23:27:21.296Z info: A client connected {}
2024-11-14T23:28:00.743Z info: A client disconnected {}
2024-11-14T23:28:00.841Z info: A client connected {}
2024-11-14T23:28:36.655Z info: A client disconnected {}
2024-11-14T23:28:36.763Z info: A client connected {}
2024-11-14T23:30:12.764Z info: A client disconnected {}
2024-11-14T23:30:12.883Z info: A client connected {}
2024-11-14T23:31:34.501Z info: A client disconnected {}
2024-11-14T23:31:34.597Z info: A client connected {}
2024-11-14T23:31:44.308Z info: A client disconnected {}
2024-11-14T23:31:44.378Z info: A client connected {}
2024-11-14T23:32:03.277Z info: A client disconnected {}
2024-11-14T23:32:03.362Z info: A client connected {}
2024-11-14T23:32:09.101Z info: A client disconnected {}
2024-11-14T23:32:09.171Z info: A client connected {}
2024-11-14T23:32:21.173Z info: A client disconnected {}
2024-11-14T23:32:21.248Z info: A client connected {}
2024-11-14T23:32:41.286Z info: A client disconnected {}
2024-11-14T23:32:41.355Z info: A client connected {}
2024-11-14T23:33:43.728Z info: A client disconnected {}
2024-11-14T23:33:43.815Z info: A client connected {}
2024-11-14T23:34:03.413Z info: A client disconnected {}
2024-11-14T23:34:03.491Z info: A client connected {}
2024-11-14T23:34:31.886Z info: A client disconnected {}
2024-11-14T23:34:39.789Z info: A client connected {}
2024-11-14T23:35:09.324Z info: A client disconnected {}
2024-11-14T23:36:12.844Z info: A client connected {}
2024-11-14T23:36:29.703Z info: A client disconnected {}
2024-11-14T23:37:47.403Z info: A client connected {}
2024-11-14T23:38:03.940Z info: A client disconnected {}
2024-11-14T23:38:18.569Z info: A client connected {}
2024-11-14T23:38:24.763Z info: A client disconnected {}
2024-11-14T23:38:24.851Z info: A client connected {}
2024-11-14T23:40:34.509Z info: A client disconnected {}
2024-11-14T23:40:34.610Z info: A client connected {}
2024-11-14T23:42:30.298Z info: A client disconnected {}
2024-11-14T23:42:30.400Z info: A client connected {}
2024-11-14T23:42:56.591Z info: A client disconnected {}
2024-11-14T23:42:56.692Z info: A client connected {}
2024-11-14T23:45:38.784Z info: A client disconnected {}
2024-11-14T23:45:38.892Z info: A client connected {}
2024-11-14T23:45:44.973Z info: A client disconnected {}
2024-11-14T23:45:45.045Z info: A client connected {}
2024-11-14T23:45:50.262Z info: A client disconnected {}
2024-11-14T23:45:50.368Z info: A client connected {}
2024-11-14T23:45:50.993Z info: A client disconnected {}
2024-11-14T23:45:51.079Z info: A client connected {}
2024-11-14T23:45:52.317Z info: A client disconnected {}
2024-11-14T23:45:52.393Z info: A client connected {}
2024-11-14T23:46:15.755Z info: A client disconnected {}
2024-11-14T23:46:15.969Z info: A client connected {}
2024-11-14T23:50:22.474Z info: A client disconnected {}
2024-11-14T23:50:22.689Z info: A client connected {}
2024-11-14T23:50:36.656Z info: A client disconnected {}
2024-11-14T23:50:36.828Z info: A client connected {}
2024-11-14T23:51:07.623Z info: A client disconnected {}
2024-11-14T23:51:07.787Z info: A client connected {}
2024-11-14T23:51:18.374Z info: A client disconnected {}
2024-11-14T23:51:18.545Z info: A client connected {}
2024-11-14T23:51:33.134Z info: A client disconnected {}
2024-11-14T23:52:39.150Z info: A client connected {}
2024-11-14T23:52:39.862Z info: A client disconnected {}
2024-11-14T23:52:39.998Z info: A client connected {}
2024-11-14T23:53:40.185Z info: A client disconnected {}
2024-11-14T23:53:40.397Z info: A client connected {}
2024-11-14T23:54:06.944Z info: A client disconnected {}
2024-11-14T23:54:07.154Z info: A client connected {}
2024-11-14T23:54:33.570Z info: A client disconnected {}
2024-11-14T23:54:33.777Z info: A client connected {}
2024-11-14T23:55:12.225Z info: A client disconnected {}
2024-11-14T23:55:12.440Z info: A client connected {}
2024-11-14T23:55:27.665Z info: A client disconnected {}
2024-11-14T23:55:27.826Z info: A client connected {}
2024-11-14T23:55:28.442Z info: A client disconnected {}
2024-11-14T23:55:28.605Z info: A client connected {}
2024-11-14T23:55:49.426Z info: A client disconnected {}
2024-11-14T23:55:49.651Z info: A client connected {}
2024-11-14T23:56:17.005Z info: A client disconnected {}
2024-11-14T23:56:17.185Z info: A client connected {}
2024-11-14T23:56:59.528Z info: A client disconnected {}
2024-11-14T23:56:59.750Z info: A client connected {}
2024-11-14T23:58:02.885Z info: A client disconnected {}
2024-11-14T23:58:03.088Z info: A client connected {}
2024-11-14T23:58:12.245Z info: A client disconnected {}
2024-11-14T23:58:17.929Z info: A client connected {}
2024-11-14T23:58:28.328Z info: A client disconnected {}
2024-11-14T23:58:44.810Z info: A client connected {}
2024-11-14T23:58:53.180Z info: A client disconnected {}
2024-11-14T23:59:27.392Z info: A client connected {}
2024-11-14T23:59:35.463Z info: A client disconnected {}
2024-11-14T23:59:37.985Z info: A client connected {}
2024-11-15T00:00:05.973Z info: A client disconnected {}
2024-11-15T00:00:06.167Z info: A client connected {}
2024-11-15T00:00:15.544Z info: A client disconnected {}
2024-11-15T00:00:17.960Z info: A client connected {}
2024-11-15T00:00:18.819Z info: A client disconnected {}
2024-11-15T00:00:18.978Z info: A client connected {}
2024-11-15T00:00:30.129Z info: A client disconnected {}
2024-11-15T00:00:31.731Z info: A client connected {}
2024-11-15T00:00:33.342Z info: A client disconnected {}
2024-11-15T00:00:33.487Z info: A client connected {}
2024-11-15T00:00:46.561Z info: A client disconnected {}
2024-11-15T00:00:51.420Z info: A client connected {}
2024-11-15T00:01:00.944Z info: A client disconnected {}
2024-11-15T00:01:10.918Z info: A client connected {}
2024-11-15T00:01:11.341Z info: A client disconnected {}
2024-11-15T00:01:11.512Z info: A client connected {}
2024-11-15T00:01:15.402Z info: A client disconnected {}
2024-11-15T00:01:15.584Z info: A client connected {}
2024-11-15T00:01:21.242Z info: A client disconnected {}
2024-11-15T00:01:21.382Z info: A client connected {}
2024-11-15T00:01:29.242Z info: A client disconnected {}
2024-11-15T00:01:51.153Z info: A client connected {}
2024-11-15T00:01:51.735Z info: A client disconnected {}
2024-11-15T00:01:51.892Z info: A client connected {}
2024-11-15T00:03:27.035Z info: A client disconnected {}
2024-11-15T00:03:27.236Z info: A client connected {}
2024-11-15T00:04:25.766Z info: A client disconnected {}
2024-11-15T00:04:25.975Z info: A client connected {}
2024-11-15T00:04:57.830Z info: A client disconnected {}
2024-11-15T00:04:58.013Z info: A client connected {}
2024-11-15T00:04:58.603Z info: A client disconnected {}
2024-11-15T00:04:58.777Z info: A client connected {}
2024-11-15T00:05:55.061Z info: server started successfully! {}
2024-11-15T00:05:55.063Z info: Http server started successfully! {}
2024-11-15T00:05:55.517Z info: A client connected {}
2024-11-15T00:06:18.309Z info: A client disconnected {}
2024-11-15T00:06:18.450Z info: A client connected {}
2024-11-15T00:07:01.593Z info: A client disconnected {}
2024-11-15T00:07:01.800Z info: A client connected {}
2024-11-15T00:07:02.528Z info: A client disconnected {}
2024-11-15T00:07:02.692Z info: A client connected {}
2024-11-15T00:07:17.378Z info: A client disconnected {}
2024-11-15T00:07:17.552Z info: A client connected {}
2024-11-15T00:08:05.152Z info: A client disconnected {}
2024-11-15T00:08:05.353Z info: A client connected {}
2024-11-15T00:09:11.386Z info: A client disconnected {}
2024-11-15T00:09:11.605Z info: A client connected {}
2024-11-15T00:09:35.891Z info: A client disconnected {}
2024-11-15T00:09:36.061Z info: A client connected {}
2024-11-15T00:09:51.161Z info: A client disconnected {}
2024-11-15T00:09:51.374Z info: A client connected {}
2024-11-15T00:09:52.311Z info: A client disconnected {}
2024-11-15T00:09:52.486Z info: A client connected {}
2024-11-15T00:10:37.125Z info: A client disconnected {}
2024-11-15T00:10:37.287Z info: A client connected {}
2024-11-15T00:10:37.981Z info: A client disconnected {}
2024-11-15T00:10:38.141Z info: A client connected {}
2024-11-15T00:11:19.181Z info: A client disconnected {}
2024-11-15T00:11:19.497Z info: A client connected {}
2024-11-15T00:12:14.598Z info: A client disconnected {}
2024-11-15T00:12:14.792Z info: A client connected {}
2024-11-15T00:12:15.781Z info: A client disconnected {}
2024-11-15T00:12:15.965Z info: A client connected {}
2024-11-15T00:12:16.477Z info: A client disconnected {}
2024-11-15T00:12:16.642Z info: A client connected {}
2024-11-15T00:12:24.413Z info: A client disconnected {}
2024-11-15T00:12:25.361Z info: A client connected {}
2024-11-15T00:12:51.665Z info: server started successfully! {}
2024-11-15T00:12:51.668Z info: Http server started successfully! {}
2024-11-15T00:12:52.254Z info: A client connected {}
2024-11-15T00:12:58.043Z info: A client disconnected {}
2024-11-15T00:12:58.210Z info: A client connected {}
2024-11-15T00:14:07.239Z info: server started successfully! {}
2024-11-15T00:14:07.245Z info: Http server started successfully! {}
2024-11-15T00:14:07.471Z info: A client connected {}
2024-11-15T00:14:11.325Z info: A client connected {}
2024-11-15T00:14:42.928Z info: A client disconnected {}
2024-11-15T00:14:43.605Z info: A client connected {}
2024-11-15T00:14:47.664Z info: A client disconnected {}
2024-11-15T00:14:48.349Z info: A client connected {}
2024-11-15T00:14:49.585Z info: A client disconnected {}
2024-11-15T00:14:53.729Z info: A client disconnected {}
2024-11-15T00:14:53.934Z info: A client connected {}
2024-11-15T00:16:10.545Z info: A client disconnected {}
2024-11-15T00:16:10.771Z info: A client connected {}
2024-11-15T00:16:11.714Z info: A client disconnected {}
2024-11-15T00:16:11.918Z info: A client connected {}
2024-11-15T00:16:29.007Z info: server started successfully! {}
2024-11-15T00:16:29.010Z info: Http server started successfully! {}
2024-11-15T00:16:30.199Z info: A client connected {}
2024-11-15T00:16:38.066Z info: A client disconnected {}
2024-11-15T00:16:38.246Z info: A client connected {}
2024-11-15T00:16:44.257Z info: A client disconnected {}
2024-11-15T00:16:44.422Z info: A client connected {}
2024-11-15T00:16:45.262Z info: A client disconnected {}
2024-11-15T00:16:45.431Z info: A client connected {}
2024-11-15T00:16:56.457Z info: A client disconnected {}
2024-11-15T00:16:56.626Z info: A client connected {}
2024-11-15T00:17:49.843Z info: A client disconnected {}
2024-11-15T00:17:50.126Z info: A client connected {}
2024-11-15T00:17:50.835Z info: A client disconnected {}
2024-11-15T00:17:51.063Z info: A client connected {}
2024-11-15T00:18:10.374Z info: A client disconnected {}
2024-11-15T00:18:10.620Z info: A client connected {}
2024-11-15T00:18:38.194Z info: server started successfully! {}
2024-11-15T00:18:38.198Z info: Http server started successfully! {}
2024-11-15T00:18:38.944Z info: A client connected {}
2024-11-15T00:18:40.607Z info: A client disconnected {}
2024-11-15T00:18:40.826Z info: A client connected {}
2024-11-15T00:19:00.143Z info: A client disconnected {}
2024-11-15T00:19:00.336Z info: A client connected {}
2024-11-15T00:19:01.037Z info: A client disconnected {}
2024-11-15T00:19:01.233Z info: A client connected {}
2024-11-15T00:19:50.030Z info: A client disconnected {}
2024-11-15T00:19:50.320Z info: A client connected {}
2024-11-15T00:21:07.055Z info: A client disconnected {}
2024-11-15T00:21:16.532Z info: A client connected {}
2024-11-15T00:21:21.258Z info: A client disconnected {}
2024-11-15T10:42:35.656Z info: server started successfully! {}
2024-11-15T10:42:35.659Z info: Http server started successfully! {}
2024-11-15T10:47:10.616Z info: server started successfully! {}
2024-11-15T10:47:10.619Z info: Http server started successfully! {}
2024-11-15T11:05:25.261Z info: server started successfully! {}
2024-11-15T11:05:25.264Z info: Http server started successfully! {}
2024-11-15T11:05:28.535Z info: A client connected {}
2024-11-15T11:06:56.741Z info: A client disconnected {}
2024-11-15T11:06:56.776Z info: A client connected {}
2024-11-15T11:07:50.206Z info: A client disconnected {}
2024-11-15T11:07:50.277Z info: A client connected {}
2024-11-15T11:07:57.435Z info: A client disconnected {}
2024-11-15T11:07:57.475Z info: A client connected {}
2024-11-15T11:08:26.391Z info: A client disconnected {}
2024-11-15T11:08:26.433Z info: A client connected {}
2024-11-15T11:08:31.189Z info: A client disconnected {}
2024-11-15T11:08:31.228Z info: A client connected {}
2024-11-15T11:08:38.591Z info: A client disconnected {}
2024-11-15T11:08:38.633Z info: A client connected {}
2024-11-15T11:09:01.616Z info: A client disconnected {}
2024-11-15T11:09:01.654Z info: A client connected {}
2024-11-15T11:09:50.843Z info: A client disconnected {}
2024-11-15T11:09:50.935Z info: A client connected {}
2024-11-15T11:10:10.723Z info: server started successfully! {}
2024-11-15T11:10:10.726Z info: Http server started successfully! {}
2024-11-15T11:10:12.598Z info: A client connected {}
2024-11-15T11:10:13.053Z info: A client disconnected {}
2024-11-15T11:10:13.081Z info: A client connected {}
2024-11-15T11:10:17.922Z info: A client disconnected {}
2024-11-15T11:10:17.957Z info: A client connected {}
2024-11-15T11:18:25.736Z info: A client disconnected {}
2024-11-15T11:18:25.775Z info: A client connected {}
2024-11-15T11:22:09.308Z info: A client disconnected {}
2024-11-15T11:40:19.336Z info: server started successfully! {}
2024-11-15T11:40:19.339Z info: Http server started successfully! {}
2024-11-15T11:45:44.911Z info: server started successfully! {}
2024-11-15T11:45:44.914Z info: Http server started successfully! {}
2024-11-15T11:56:45.988Z info: server started successfully! {}
2024-11-15T11:56:45.991Z info: Http server started successfully! {}
2024-11-15T11:56:46.163Z info: A client connected {}
2024-11-15T11:56:46.316Z info: A client connected {}
2024-11-15T11:56:46.487Z info: A client connected {}
2024-11-15T11:56:46.652Z info: A client connected {}
2024-11-15T11:56:46.786Z info: A client connected {}
2024-11-15T11:56:46.957Z info: A client connected {}
2024-11-15T11:56:47.127Z info: A client connected {}
2024-11-15T11:56:47.269Z info: A client connected {}
2024-11-15T11:56:47.409Z info: A client connected {}
2024-11-15T11:56:47.568Z info: A client connected {}
2024-11-15T11:56:47.685Z info: A client disconnected {}
2024-11-15T11:56:47.746Z info: A client connected {}
2024-11-15T11:56:47.914Z info: A client connected {}
2024-11-15T11:56:48.035Z info: A client disconnected {}
2024-11-15T11:56:48.091Z info: A client connected {}
2024-11-15T11:56:48.227Z info: A client connected {}
2024-11-15T11:56:48.371Z info: A client connected {}
2024-11-15T11:56:48.546Z info: A client connected {}
2024-11-15T11:56:48.718Z info: A client connected {}
2024-11-15T11:56:48.835Z info: A client disconnected {}
2024-11-15T11:56:48.890Z info: A client connected {}
2024-11-15T11:56:51.444Z info: server started successfully! {}
2024-11-15T11:56:51.447Z info: Http server started successfully! {}
2024-11-15T11:56:51.596Z info: A client connected {}
2024-11-15T11:56:51.776Z info: A client connected {}
2024-11-15T11:56:51.948Z info: A client connected {}
2024-11-15T11:56:52.093Z info: A client connected {}
2024-11-15T11:56:52.228Z info: A client connected {}
2024-11-15T11:56:52.370Z info: A client connected {}
2024-11-15T11:56:52.552Z info: A client connected {}
2024-11-15T11:56:52.695Z info: A client connected {}
2024-11-15T11:56:52.866Z info: A client connected {}
2024-11-15T11:56:53.045Z info: A client connected {}
2024-11-15T11:56:53.212Z info: A client connected {}
2024-11-15T11:56:53.362Z info: A client connected {}
2024-11-15T11:56:53.538Z info: A client connected {}
2024-11-15T11:56:53.706Z info: A client connected {}
2024-11-15T11:56:53.838Z info: A client connected {}
2024-11-15T11:56:54.019Z info: A client connected {}
2024-11-15T11:56:54.190Z info: A client connected {}
2024-11-15T11:56:54.352Z info: A client connected {}
2024-11-15T11:56:54.522Z info: A client connected {}
2024-11-15T11:56:54.689Z info: A client connected {}
2024-11-15T11:56:54.860Z info: A client connected {}
2024-11-15T11:56:55.036Z info: A client connected {}
2024-11-15T11:56:55.202Z info: A client connected {}
2024-11-15T11:56:55.365Z info: A client connected {}
2024-11-15T11:56:55.539Z info: A client connected {}
2024-11-15T11:56:55.695Z info: A client connected {}
2024-11-15T11:56:55.840Z info: A client connected {}
2024-11-15T11:56:56.015Z info: A client connected {}
2024-11-15T11:56:56.179Z info: A client connected {}
2024-11-15T11:56:56.322Z info: A client connected {}
2024-11-15T11:56:56.499Z info: A client connected {}
2024-11-15T11:56:56.670Z info: A client connected {}
2024-11-15T11:56:56.839Z info: A client connected {}
2024-11-15T11:56:57.012Z info: A client connected {}
2024-11-15T11:56:57.186Z info: A client connected {}
2024-11-15T11:56:57.309Z info: A client disconnected {}
2024-11-15T11:56:57.342Z info: A client connected {}
2024-11-15T11:57:02.608Z info: A client disconnected {}
2024-11-15T11:57:02.644Z info: A client connected {}
2024-11-15T11:57:09.399Z info: A client disconnected {}
2024-11-15T11:57:09.436Z info: A client connected {}
2024-11-15T11:57:09.648Z info: A client disconnected {}
2024-11-15T11:57:09.683Z info: A client connected {}
2024-11-15T11:57:10.817Z info: A client disconnected {}
2024-11-15T11:57:10.854Z info: A client connected {}
2024-11-15T11:57:14.307Z info: A client disconnected {}
2024-11-15T11:57:14.343Z info: A client connected {}
2024-11-15T11:57:36.701Z info: server started successfully! {}
2024-11-15T11:57:36.705Z info: Http server started successfully! {}
2024-11-15T11:57:36.856Z info: A client connected {}
2024-11-15T11:57:36.978Z info: A client disconnected {}
2024-11-15T11:57:37.036Z info: A client connected {}
2024-11-15T11:57:37.216Z info: A client connected {}
2024-11-15T11:57:37.376Z info: A client connected {}
2024-11-15T11:57:37.541Z info: A client connected {}
2024-11-15T11:57:37.719Z info: A client connected {}
2024-11-15T11:57:37.882Z info: A client connected {}
2024-11-15T11:57:38.026Z info: A client connected {}
2024-11-15T11:57:38.198Z info: A client connected {}
2024-11-15T11:57:38.366Z info: A client connected {}
2024-11-15T11:57:38.526Z info: A client connected {}
2024-11-15T11:57:38.706Z info: A client connected {}
2024-11-15T11:57:38.870Z info: A client connected {}
2024-11-15T11:57:39.038Z info: A client connected {}
2024-11-15T11:57:39.215Z info: A client connected {}
2024-11-15T11:57:39.379Z info: A client connected {}
2024-11-15T11:57:39.538Z info: A client connected {}
2024-11-15T11:57:39.710Z info: A client connected {}
2024-11-15T11:57:39.869Z info: A client connected {}
2024-11-15T11:57:40.035Z info: A client connected {}
2024-11-15T11:57:40.213Z info: A client connected {}
2024-11-15T11:57:40.375Z info: A client connected {}
2024-11-15T11:57:40.537Z info: A client connected {}
2024-11-15T11:57:40.713Z info: A client connected {}
2024-11-15T11:57:40.868Z info: A client connected {}
2024-11-15T11:57:41.034Z info: A client connected {}
2024-11-15T11:57:41.200Z info: A client connected {}
2024-11-15T11:57:41.369Z info: A client connected {}
2024-11-15T11:57:41.535Z info: A client connected {}
2024-11-15T11:57:41.717Z info: A client connected {}
2024-11-15T11:57:41.882Z info: A client connected {}
2024-11-15T11:57:42.045Z info: A client connected {}
2024-11-15T11:57:42.223Z info: A client connected {}
2024-11-15T11:57:42.393Z info: A client connected {}
2024-11-15T11:57:42.555Z info: A client connected {}
2024-11-15T11:57:42.735Z info: A client connected {}
2024-11-15T11:57:42.881Z info: A client connected {}
2024-11-15T11:57:43.025Z info: A client connected {}
2024-11-15T11:57:43.213Z info: A client connected {}
2024-11-15T11:57:43.370Z info: A client connected {}
2024-11-15T11:57:43.531Z info: A client connected {}
2024-11-15T11:57:43.710Z info: A client connected {}
2024-11-15T11:57:43.875Z info: A client connected {}
2024-11-15T11:57:44.029Z info: A client connected {}
2024-11-15T11:57:44.212Z info: A client connected {}
2024-11-15T11:57:44.367Z info: A client connected {}
2024-11-15T11:57:44.542Z info: A client connected {}
2024-11-15T11:57:44.717Z info: A client connected {}
2024-11-15T11:57:44.862Z info: A client connected {}
2024-11-15T11:57:45.036Z info: A client connected {}
2024-11-15T11:57:45.142Z info: A client disconnected {}
2024-11-15T11:57:45.198Z info: A client connected {}
2024-11-15T11:57:45.368Z info: A client connected {}
2024-11-15T11:57:45.527Z info: A client connected {}
2024-11-15T11:57:45.692Z info: A client connected {}
2024-11-15T11:57:45.860Z info: A client connected {}
2024-11-15T11:57:45.965Z info: A client disconnected {}
2024-11-15T11:57:46.023Z info: A client connected {}
2024-11-15T11:57:46.197Z info: A client connected {}
2024-11-15T11:57:46.346Z info: A client connected {}
2024-11-15T11:57:46.525Z info: A client connected {}
2024-11-15T11:57:46.634Z info: A client disconnected {}
2024-11-15T11:57:46.697Z info: A client connected {}
2024-11-15T11:57:46.872Z info: A client connected {}
2024-11-15T11:57:46.977Z info: A client disconnected {}
2024-11-15T11:57:47.040Z info: A client connected {}
2024-11-15T11:57:47.150Z info: A client disconnected {}
2024-11-15T11:57:47.197Z info: A client connected {}
2024-11-15T11:57:48.640Z info: A client disconnected {}
2024-11-15T11:57:50.785Z info: A client connected {}
2024-11-15T11:57:50.927Z info: A client connected {}
2024-11-15T11:57:51.063Z info: A client connected {}
2024-11-15T11:57:51.195Z info: A client connected {}
2024-11-15T11:57:51.344Z info: A client connected {}
2024-11-15T11:57:51.490Z info: A client connected {}
2024-11-15T11:57:51.618Z info: A client connected {}
2024-11-15T11:57:51.746Z info: A client connected {}
2024-11-15T11:57:51.889Z info: A client connected {}
2024-11-15T11:57:52.019Z info: A client connected {}
2024-11-15T11:57:52.158Z info: A client connected {}
2024-11-15T11:57:52.289Z info: A client connected {}
2024-11-15T11:57:52.436Z info: A client connected {}
2024-11-15T11:57:52.585Z info: A client connected {}
2024-11-15T11:57:52.716Z info: A client connected {}
2024-11-15T11:57:52.859Z info: A client connected {}
2024-11-15T11:57:52.993Z info: A client connected {}
2024-11-15T11:57:53.129Z info: A client connected {}
2024-11-15T11:57:53.273Z info: A client connected {}
2024-11-15T11:57:53.418Z info: A client connected {}
2024-11-15T11:57:53.553Z info: A client connected {}
2024-11-15T11:57:53.675Z info: A client connected {}
2024-11-15T11:57:53.818Z info: A client connected {}
2024-11-15T11:57:53.951Z info: A client connected {}
2024-11-15T11:57:54.056Z info: A client disconnected {}
2024-11-15T11:57:54.102Z info: A client connected {}
2024-11-15T11:58:02.496Z info: A client disconnected {}
2024-11-15T11:58:02.531Z info: A client connected {}
2024-11-15T11:58:04.280Z info: A client disconnected {}
2024-11-15T11:58:04.303Z info: A client connected {}
2024-11-15T11:58:05.147Z info: A client disconnected {}
2024-11-15T11:58:05.174Z info: A client connected {}
2024-11-15T11:58:17.475Z info: A client disconnected {}
2024-11-15T11:58:17.510Z info: A client connected {}
2024-11-15T11:58:19.513Z info: A client disconnected {}
2024-11-15T11:58:19.541Z info: A client connected {}
2024-11-15T11:58:20.307Z info: A client disconnected {}
2024-11-15T11:58:20.337Z info: A client connected {}
2024-11-15T11:58:22.035Z info: A client disconnected {}
2024-11-15T11:58:22.139Z info: A client disconnected {}
2024-11-15T11:58:22.171Z info: A client connected {}
2024-11-15T11:58:22.210Z info: A client disconnected {}
2024-11-15T11:58:22.313Z info: A client disconnected {}
2024-11-15T11:58:22.346Z info: A client connected {}
2024-11-15T11:58:22.372Z info: A client disconnected {}
2024-11-15T11:58:22.477Z info: A client disconnected {}
2024-11-15T11:58:22.516Z info: A client connected {}
2024-11-15T11:58:22.532Z info: A client disconnected {}
2024-11-15T11:58:22.638Z info: A client disconnected {}
2024-11-15T11:58:22.683Z info: A client connected {}
2024-11-15T11:58:22.714Z info: A client disconnected {}
2024-11-15T11:58:22.819Z info: A client disconnected {}
2024-11-15T11:58:22.868Z info: A client connected {}
2024-11-15T11:58:22.878Z info: A client disconnected {}
2024-11-15T11:58:22.985Z info: A client disconnected {}
2024-11-15T11:58:23.019Z info: A client disconnected {}
2024-11-15T11:58:23.038Z info: A client connected {}
2024-11-15T11:58:23.151Z info: A client disconnected {}
2024-11-15T11:58:23.170Z info: A client connected {}
2024-11-15T11:58:23.191Z info: A client disconnected {}
2024-11-15T11:58:23.356Z info: A client disconnected {}
2024-11-15T11:58:23.460Z info: A client disconnected {}
2024-11-15T11:58:23.484Z info: A client connected {}
2024-11-15T11:58:23.522Z info: A client disconnected {}
2024-11-15T11:58:23.628Z info: A client disconnected {}
2024-11-15T11:58:23.677Z info: A client connected {}
2024-11-15T11:58:23.700Z info: A client disconnected {}
2024-11-15T11:58:23.803Z info: A client disconnected {}
2024-11-15T11:58:23.853Z info: A client connected {}
2024-11-15T11:58:23.859Z info: A client disconnected {}
2024-11-15T11:58:24.010Z info: A client connected {}
2024-11-15T11:58:24.031Z info: A client disconnected {}
2024-11-15T11:58:24.138Z info: A client connected {}
2024-11-15T11:58:24.211Z info: A client disconnected {}
2024-11-15T11:58:24.315Z info: A client disconnected {}
2024-11-15T11:58:24.373Z info: A client disconnected {}
2024-11-15T11:58:24.379Z info: A client connected {}
2024-11-15T11:58:24.489Z info: A client disconnected {}
2024-11-15T11:58:24.507Z info: A client connected {}
2024-11-15T11:58:24.532Z info: A client disconnected {}
2024-11-15T11:58:24.705Z info: A client disconnected {}
2024-11-15T11:58:24.809Z info: A client disconnected {}
2024-11-15T11:58:24.865Z info: A client disconnected {}
2024-11-15T11:58:24.881Z info: A client connected {}
2024-11-15T11:58:24.986Z info: A client disconnected {}
2024-11-15T11:58:25.029Z info: A client disconnected {}
2024-11-15T11:58:25.049Z info: A client connected {}
2024-11-15T11:58:25.162Z info: A client disconnected {}
2024-11-15T11:58:25.208Z info: A client disconnected {}
2024-11-15T11:58:25.221Z info: A client connected {}
2024-11-15T11:58:25.358Z info: A client connected {}
2024-11-15T11:58:25.371Z info: A client disconnected {}
2024-11-15T11:58:25.500Z info: A client connected {}
2024-11-15T11:58:25.530Z info: A client disconnected {}
2024-11-15T11:58:25.639Z info: A client connected {}
2024-11-15T11:58:25.709Z info: A client disconnected {}
2024-11-15T11:58:25.812Z info: A client disconnected {}
2024-11-15T11:58:25.865Z info: A client disconnected {}
2024-11-15T11:58:25.877Z info: A client connected {}
2024-11-15T11:58:25.981Z info: A client disconnected {}
2024-11-15T11:58:26.025Z info: A client disconnected {}
2024-11-15T11:58:26.031Z info: A client connected {}
2024-11-15T11:58:26.193Z info: A client disconnected {}
2024-11-15T11:58:26.301Z info: A client disconnected {}
2024-11-15T11:58:26.344Z info: A client connected {}
2024-11-15T11:58:26.360Z info: A client disconnected {}
2024-11-15T11:58:26.463Z info: A client disconnected {}
2024-11-15T11:58:26.523Z info: A client disconnected {}
2024-11-15T11:58:26.529Z info: A client connected {}
2024-11-15T11:58:26.657Z info: A client connected {}
2024-11-15T11:58:26.712Z info: A client disconnected {}
2024-11-15T11:58:26.816Z info: A client disconnected {}
2024-11-15T11:58:26.877Z info: A client disconnected {}
2024-11-15T11:58:26.889Z info: A client connected {}
2024-11-15T11:58:26.996Z info: A client disconnected {}
2024-11-15T11:58:27.039Z info: A client disconnected {}
2024-11-15T11:58:27.053Z info: A client connected {}
2024-11-15T11:58:27.191Z info: A client connected {}
2024-11-15T11:58:27.216Z info: A client disconnected {}
2024-11-15T11:58:27.336Z info: A client connected {}
2024-11-15T11:58:27.387Z info: A client disconnected {}
2024-11-15T11:58:27.477Z info: A client connected {}
2024-11-15T11:58:27.549Z info: A client disconnected {}
2024-11-15T11:58:27.653Z info: A client disconnected {}
2024-11-15T11:58:27.715Z info: A client connected {}
2024-11-15T11:58:27.731Z info: A client disconnected {}
2024-11-15T11:58:27.853Z info: A client connected {}
2024-11-15T11:58:27.877Z info: A client disconnected {}
2024-11-15T11:58:28.019Z info: A client disconnected {}
2024-11-15T11:58:28.025Z info: A client connected {}
2024-11-15T11:58:28.201Z info: A client connected {}
2024-11-15T11:58:28.206Z info: A client disconnected {}
2024-11-15T11:58:28.364Z info: A client connected {}
2024-11-15T11:58:28.365Z info: A client disconnected {}
2024-11-15T11:58:28.526Z info: A client disconnected {}
2024-11-15T11:58:28.541Z info: A client connected {}
2024-11-15T11:58:28.641Z info: A client disconnected {}
2024-11-15T11:58:28.691Z info: A client connected {}
2024-11-15T11:58:28.706Z info: A client disconnected {}
2024-11-15T11:58:28.833Z info: A client connected {}
2024-11-15T11:58:28.872Z info: A client disconnected {}
2024-11-15T11:58:28.970Z info: A client connected {}
2024-11-15T11:58:29.025Z info: A client disconnected {}
2024-11-15T11:58:29.128Z info: A client disconnected {}
2024-11-15T11:58:29.202Z info: A client connected {}
2024-11-15T11:58:29.204Z info: A client disconnected {}
2024-11-15T11:58:29.343Z info: A client connected {}
2024-11-15T11:58:29.363Z info: A client disconnected {}
2024-11-15T11:58:29.483Z info: A client connected {}
2024-11-15T11:58:29.530Z info: A client disconnected {}
2024-11-15T11:58:29.592Z info: A client disconnected {}
2024-11-15T11:58:29.644Z info: A client connected {}
2024-11-15T11:58:29.704Z info: A client disconnected {}
2024-11-15T11:58:29.806Z info: A client disconnected {}
2024-11-15T11:58:29.858Z info: A client disconnected {}
2024-11-15T11:58:29.873Z info: A client connected {}
2024-11-15T11:58:29.976Z info: A client disconnected {}
2024-11-15T11:58:30.028Z info: A client connected {}
2024-11-15T11:58:30.193Z info: A client disconnected {}
2024-11-15T11:58:30.203Z info: A client connected {}
2024-11-15T11:58:30.299Z info: A client disconnected {}
2024-11-15T11:58:30.363Z info: A client disconnected {}
2024-11-15T11:58:30.373Z info: A client connected {}
2024-11-15T11:58:30.481Z info: A client disconnected {}
2024-11-15T11:58:30.522Z info: A client disconnected {}
2024-11-15T11:58:30.544Z info: A client connected {}
2024-11-15T11:58:30.686Z info: A client disconnected {}
2024-11-15T11:58:30.702Z info: A client connected {}
2024-11-15T11:58:31.017Z info: A client disconnected {}
2024-11-15T11:58:31.121Z info: A client disconnected {}
2024-11-15T11:58:31.161Z info: A client connected {}
2024-11-15T11:58:31.191Z info: A client disconnected {}
2024-11-15T11:58:31.295Z info: A client disconnected {}
2024-11-15T11:58:31.343Z info: A client disconnected {}
2024-11-15T11:58:31.372Z info: A client connected {}
2024-11-15T11:58:31.561Z info: A client connected {}
2024-11-15T11:58:31.691Z info: A client disconnected {}
2024-11-15T11:58:31.751Z info: A client connected {}
2024-11-15T11:58:31.891Z info: A client connected {}
2024-11-15T11:58:32.066Z info: A client connected {}
2024-11-15T11:58:32.175Z info: A client disconnected {}
2024-11-15T11:58:32.241Z info: A client connected {}
2024-11-15T11:58:32.407Z info: A client connected {}
2024-11-15T11:58:32.555Z info: A client connected {}
2024-11-15T11:58:32.728Z info: A client connected {}
2024-11-15T11:59:39.758Z info: server started successfully! {}
2024-11-15T11:59:39.762Z info: Http server started successfully! {}
2024-11-15T11:59:39.926Z info: A client connected {}
2024-11-15T11:59:40.101Z info: A client connected {}
2024-11-15T11:59:40.251Z info: A client connected {}
2024-11-15T11:59:40.410Z info: A client connected {}
2024-11-15T11:59:40.552Z info: A client connected {}
2024-11-15T11:59:40.700Z info: A client connected {}
2024-11-15T11:59:40.835Z info: A client connected {}
2024-11-15T11:59:41.016Z info: A client connected {}
2024-11-15T11:59:41.191Z info: A client connected {}
2024-11-15T11:59:41.329Z info: A client connected {}
2024-11-15T11:59:41.496Z info: A client connected {}
2024-11-15T11:59:41.664Z info: A client connected {}
2024-11-15T11:59:41.831Z info: A client connected {}
2024-11-15T11:59:42.000Z info: A client connected {}
2024-11-15T11:59:42.114Z info: A client disconnected {}
2024-11-15T11:59:42.150Z info: A client connected {}
2024-11-15T11:59:44.642Z info: A client disconnected {}
2024-11-15T11:59:44.687Z info: A client connected {}
2024-11-15T11:59:45.649Z info: A client disconnected {}
2024-11-15T11:59:45.689Z info: A client connected {}
2024-11-15T11:59:48.947Z info: A client connected {}
2024-11-15T11:59:49.052Z info: A client disconnected {}
2024-11-15T11:59:49.094Z info: A client connected {}
2024-11-15T11:59:49.109Z info: A client connected {}
2024-11-15T11:59:49.211Z info: A client disconnected {}
2024-11-15T11:59:49.249Z info: A client connected {}
2024-11-15T11:59:49.255Z info: A client connected {}
2024-11-15T11:59:50.479Z info: A client disconnected {}
2024-11-15T11:59:50.585Z info: A client disconnected {}
2024-11-15T11:59:50.611Z info: A client connected {}
2024-11-15T12:00:22.481Z info: server started successfully! {}
2024-11-15T12:00:22.484Z info: Http server started successfully! {}
2024-11-15T12:00:24.510Z info: A client connected {}
2024-11-15T12:00:24.658Z info: A client connected {}
2024-11-15T12:00:24.768Z info: A client disconnected {}
2024-11-15T12:00:24.841Z info: A client connected {}
2024-11-15T12:00:25.006Z info: A client connected {}
2024-11-15T12:00:25.111Z info: A client disconnected {}
2024-11-15T12:00:25.191Z info: A client connected {}
2024-11-15T12:00:25.299Z info: A client disconnected {}
2024-11-15T12:00:25.364Z info: A client connected {}
2024-11-15T12:00:25.539Z info: A client connected {}
2024-11-15T12:00:25.689Z info: A client connected {}
2024-11-15T12:00:25.842Z info: A client connected {}
2024-11-15T12:00:26.001Z info: A client connected {}
2024-11-15T12:00:26.156Z info: A client connected {}
2024-11-15T12:00:26.263Z info: A client disconnected {}
2024-11-15T12:00:26.327Z info: A client connected {}
2024-11-15T12:00:26.436Z info: A client disconnected {}
2024-11-15T12:00:26.509Z info: A client connected {}
2024-11-15T12:00:26.621Z info: A client disconnected {}
2024-11-15T12:00:26.688Z info: A client connected {}
2024-11-15T12:00:26.875Z info: A client connected {}
2024-11-15T12:00:27.042Z info: A client connected {}
2024-11-15T12:00:27.149Z info: A client disconnected {}
2024-11-15T12:00:27.226Z info: A client connected {}
2024-11-15T12:00:27.375Z info: A client connected {}
2024-11-15T12:00:27.561Z info: A client connected {}
2024-11-15T12:00:27.726Z info: A client connected {}
2024-11-15T12:00:27.882Z info: A client connected {}
2024-11-15T12:00:28.062Z info: A client connected {}
2024-11-15T12:00:28.209Z info: A client connected {}
2024-11-15T12:00:28.383Z info: A client connected {}
2024-11-15T12:00:28.549Z info: A client connected {}
2024-11-15T12:00:28.720Z info: A client connected {}
2024-11-15T12:00:28.878Z info: A client connected {}
2024-11-15T12:00:29.052Z info: A client connected {}
2024-11-15T12:00:29.201Z info: A client connected {}
2024-11-15T12:00:29.306Z info: A client disconnected {}
2024-11-15T12:00:29.384Z info: A client connected {}
2024-11-15T12:00:29.532Z info: A client connected {}
2024-11-15T12:00:29.637Z info: A client disconnected {}
2024-11-15T12:00:29.722Z info: A client connected {}
2024-11-15T12:00:29.896Z info: A client connected {}
2024-11-15T12:00:30.002Z info: A client disconnected {}
2024-11-15T12:00:30.062Z info: A client connected {}
2024-11-15T12:00:30.172Z info: A client disconnected {}
2024-11-15T12:00:30.261Z info: A client connected {}
2024-11-15T12:00:30.445Z info: A client connected {}
2024-11-15T12:00:30.619Z info: A client connected {}
2024-11-15T12:00:30.777Z info: A client connected {}
2024-11-15T12:00:39.178Z info: A client connected {}
2024-11-15T12:00:39.312Z info: A client connected {}
2024-11-15T12:00:39.445Z info: A client connected {}
2024-11-15T12:00:39.583Z info: A client connected {}
2024-11-15T12:00:39.716Z info: A client connected {}
2024-11-15T12:00:39.849Z info: A client connected {}
2024-11-15T12:00:39.979Z info: A client connected {}
2024-11-15T12:00:40.111Z info: A client connected {}
2024-11-15T12:00:40.232Z info: A client connected {}
2024-11-15T12:00:40.363Z info: A client connected {}
2024-11-15T12:00:40.496Z info: A client connected {}
2024-11-15T12:00:40.601Z info: A client disconnected {}
2024-11-15T12:00:40.642Z info: A client connected {}
2024-11-15T12:00:48.387Z info: A client disconnected {}
2024-11-15T12:00:53.464Z info: A client connected {}
2024-11-15T12:00:53.610Z info: A client connected {}
2024-11-15T12:00:53.749Z info: A client connected {}
2024-11-15T12:00:53.858Z info: A client disconnected {}
2024-11-15T12:00:53.897Z info: A client connected {}
2024-11-15T12:01:09.507Z info: A client disconnected {}
2024-11-15T12:01:09.612Z info: A client disconnected {}
2024-11-15T12:01:09.770Z info: A client connected {}
2024-11-15T12:01:09.834Z info: A client disconnected {}
2024-11-15T12:01:09.937Z info: A client disconnected {}
2024-11-15T12:01:10.023Z info: A client connected {}
2024-11-15T12:01:10.128Z info: A client disconnected {}
2024-11-15T12:01:10.208Z info: A client connected {}
2024-11-15T12:01:10.313Z info: A client disconnected {}
2024-11-15T12:01:10.361Z info: A client disconnected {}
2024-11-15T12:01:10.417Z info: A client connected {}
2024-11-15T12:01:10.523Z info: A client disconnected {}
2024-11-15T12:01:10.534Z info: A client disconnected {}
2024-11-15T12:01:10.637Z info: A client connected {}
2024-11-15T12:01:10.684Z info: A client disconnected {}
2024-11-15T12:01:10.742Z info: A client disconnected {}
2024-11-15T12:01:10.836Z info: A client connected {}
2024-11-15T12:01:10.836Z info: A client disconnected {}
2024-11-15T12:01:10.948Z info: A client disconnected {}
2024-11-15T12:01:10.997Z info: A client disconnected {}
2024-11-15T12:01:11.049Z info: A client connected {}
2024-11-15T12:01:11.153Z info: A client disconnected {}
2024-11-15T12:01:11.226Z info: A client connected {}
2024-11-15T12:01:11.331Z info: A client disconnected {}
2024-11-15T12:01:11.424Z info: A client connected {}
2024-11-15T12:01:11.530Z info: A client disconnected {}
2024-11-15T12:01:11.649Z info: A client connected {}
2024-11-15T12:01:11.682Z info: A client disconnected {}
2024-11-15T12:01:11.754Z info: A client disconnected {}
2024-11-15T12:01:11.866Z info: A client connected {}
2024-11-15T12:01:11.868Z info: A client disconnected {}
2024-11-15T12:01:11.973Z info: A client disconnected {}
2024-11-15T12:01:12.051Z info: A client connected {}
2024-11-15T12:01:12.154Z info: A client disconnected {}
2024-11-15T12:01:12.220Z info: A client connected {}
2024-11-15T12:01:12.222Z info: A client disconnected {}
2024-11-15T12:01:12.326Z info: A client disconnected {}
2024-11-15T12:01:12.370Z info: A client disconnected {}
2024-11-15T12:01:12.423Z info: A client connected {}
2024-11-15T12:01:12.530Z info: A client disconnected {}
2024-11-15T12:01:12.557Z info: A client disconnected {}
2024-11-15T12:01:12.634Z info: A client connected {}
2024-11-15T12:01:12.722Z info: A client disconnected {}
2024-11-15T12:01:12.828Z info: A client disconnected {}
2024-11-15T12:01:12.874Z info: A client disconnected {}
2024-11-15T12:01:12.925Z info: A client connected {}
2024-11-15T12:01:13.033Z info: A client disconnected {}
2024-11-15T12:01:13.060Z info: A client disconnected {}
2024-11-15T12:01:13.141Z info: A client connected {}
2024-11-15T12:01:13.204Z info: A client disconnected {}
2024-11-15T12:01:13.307Z info: A client disconnected {}
2024-11-15T12:01:13.378Z info: A client disconnected {}
2024-11-15T12:01:13.391Z info: A client connected {}
2024-11-15T12:01:13.545Z info: A client disconnected {}
2024-11-15T12:01:13.649Z info: A client disconnected {}
2024-11-15T12:01:13.720Z info: A client disconnected {}
2024-11-15T12:01:13.739Z info: A client connected {}
2024-11-15T12:01:13.824Z info: A client disconnected {}
2024-11-15T12:01:13.872Z info: A client disconnected {}
2024-11-15T12:01:13.914Z info: A client connected {}
2024-11-15T12:01:14.018Z info: A client disconnected {}
2024-11-15T12:01:14.047Z info: A client disconnected {}
2024-11-15T12:01:14.129Z info: A client connected {}
2024-11-15T12:01:14.234Z info: A client disconnected {}
2024-11-15T12:01:14.337Z info: A client connected {}
2024-11-15T12:01:14.375Z info: A client disconnected {}
2024-11-15T12:01:14.551Z info: A client connected {}
2024-11-15T12:01:14.653Z info: A client disconnected {}
2024-11-15T12:01:14.714Z info: A client disconnected {}
2024-11-15T12:01:14.740Z info: A client connected {}
2024-11-15T12:01:15.255Z info: A client disconnected {}
2024-11-15T12:01:15.359Z info: A client disconnected {}
2024-11-15T12:01:15.433Z info: A client disconnected {}
2024-11-15T12:01:15.464Z info: A client connected {}
2024-11-15T12:01:15.535Z info: A client disconnected {}
2024-11-15T12:01:15.599Z info: A client connected {}
2024-11-15T12:01:15.607Z info: A client disconnected {}
2024-11-15T12:01:15.705Z info: A client disconnected {}
2024-11-15T12:01:15.772Z info: A client disconnected {}
2024-11-15T12:01:15.809Z info: A client connected {}
2024-11-15T12:01:19.009Z info: A client disconnected {}
2024-11-15T12:01:19.082Z info: A client connected {}
2024-11-15T12:01:19.186Z info: A client disconnected {}
2024-11-15T12:01:19.267Z info: A client connected {}
2024-11-15T12:01:19.374Z info: A client disconnected {}
2024-11-15T12:01:19.488Z info: A client connected {}
2024-11-15T12:01:19.596Z info: A client disconnected {}
2024-11-15T12:01:19.683Z info: A client connected {}
2024-11-15T12:01:19.793Z info: A client disconnected {}
2024-11-15T12:01:19.878Z info: A client connected {}
2024-11-15T12:01:19.989Z info: A client disconnected {}
2024-11-15T12:01:20.080Z info: A client connected {}
2024-11-15T12:01:20.192Z info: A client disconnected {}
2024-11-15T12:01:20.272Z info: A client connected {}
2024-11-15T12:01:20.378Z info: A client disconnected {}
2024-11-15T12:01:20.445Z info: A client connected {}
2024-11-15T12:01:20.548Z info: A client disconnected {}
2024-11-15T12:01:20.612Z info: A client connected {}
2024-11-15T12:01:20.722Z info: A client disconnected {}
2024-11-15T12:01:20.784Z info: A client connected {}
2024-11-15T12:01:20.895Z info: A client disconnected {}
2024-11-15T12:01:20.964Z info: A client connected {}
2024-11-15T12:01:21.068Z info: A client disconnected {}
2024-11-15T12:01:21.147Z info: A client connected {}
2024-11-15T12:01:21.251Z info: A client disconnected {}
2024-11-15T12:01:21.352Z info: A client connected {}
2024-11-15T12:01:21.459Z info: A client disconnected {}
2024-11-15T12:01:21.529Z info: A client connected {}
2024-11-15T12:01:21.636Z info: A client disconnected {}
2024-11-15T12:01:21.719Z info: A client connected {}
2024-11-15T12:01:21.824Z info: A client disconnected {}
2024-11-15T12:01:21.901Z info: A client connected {}
2024-11-15T12:01:22.009Z info: A client disconnected {}
2024-11-15T12:01:22.080Z info: A client connected {}
2024-11-15T12:01:22.189Z info: A client disconnected {}
2024-11-15T12:01:22.261Z info: A client connected {}
2024-11-15T12:01:22.367Z info: A client disconnected {}
2024-11-15T12:01:22.447Z info: A client connected {}
2024-11-15T12:01:22.561Z info: A client disconnected {}
2024-11-15T12:01:22.648Z info: A client connected {}
2024-11-15T12:01:22.752Z info: A client disconnected {}
2024-11-15T12:01:22.829Z info: A client connected {}
2024-11-15T12:01:22.933Z info: A client disconnected {}
2024-11-15T12:01:22.994Z info: A client connected {}
2024-11-15T12:01:23.098Z info: A client disconnected {}
2024-11-15T12:01:23.180Z info: A client connected {}
2024-11-15T12:01:23.287Z info: A client disconnected {}
2024-11-15T12:01:23.395Z info: A client connected {}
2024-11-15T12:01:23.503Z info: A client disconnected {}
2024-11-15T12:01:23.578Z info: A client connected {}
2024-11-15T12:01:23.685Z info: A client disconnected {}
2024-11-15T12:01:23.791Z info: A client connected {}
2024-11-15T12:01:24.029Z info: A client connected {}
2024-11-15T12:01:24.132Z info: A client disconnected {}
2024-11-15T12:01:24.178Z info: A client disconnected {}
2024-11-15T12:01:24.202Z info: A client connected {}
2024-11-15T12:01:24.306Z info: A client disconnected {}
2024-11-15T12:01:24.310Z info: A client disconnected {}
2024-11-15T12:01:24.384Z info: A client connected {}
2024-11-15T12:01:24.443Z info: A client disconnected {}
2024-11-15T12:01:24.546Z info: A client disconnected {}
2024-11-15T12:01:24.581Z info: A client disconnected {}
2024-11-15T12:01:24.642Z info: A client connected {}
2024-11-15T12:01:24.714Z info: A client disconnected {}
2024-11-15T12:01:24.819Z info: A client disconnected {}
2024-11-15T12:01:24.847Z info: A client disconnected {}
2024-11-15T12:01:24.911Z info: A client connected {}
2024-11-15T12:01:24.977Z info: A client disconnected {}
2024-11-15T12:01:25.079Z info: A client disconnected {}
2024-11-15T12:01:25.108Z info: A client disconnected {}
2024-11-15T12:01:25.164Z info: A client connected {}
2024-11-15T12:01:25.230Z info: A client disconnected {}
2024-11-15T12:01:25.333Z info: A client disconnected {}
2024-11-15T12:01:25.360Z info: A client disconnected {}
2024-11-15T12:01:25.398Z info: A client connected {}
2024-11-15T12:01:25.505Z info: A client disconnected {}
2024-11-15T12:01:25.607Z info: A client connected {}
2024-11-15T12:01:25.712Z info: A client disconnected {}
2024-11-15T12:01:25.774Z info: A client connected {}
2024-11-15T12:01:25.877Z info: A client disconnected {}
2024-11-15T12:01:25.943Z info: A client connected {}
2024-11-15T12:01:26.051Z info: A client disconnected {}
2024-11-15T12:01:26.140Z info: A client connected {}
2024-11-15T12:01:26.246Z info: A client disconnected {}
2024-11-15T12:01:26.318Z info: A client connected {}
2024-11-15T12:01:26.422Z info: A client disconnected {}
2024-11-15T12:01:26.500Z info: A client connected {}
2024-11-15T12:01:26.604Z info: A client disconnected {}
2024-11-15T12:01:26.683Z info: A client connected {}
2024-11-15T12:01:26.793Z info: A client disconnected {}
2024-11-15T12:01:26.876Z info: A client connected {}
2024-11-15T12:01:26.982Z info: A client disconnected {}
2024-11-15T12:01:27.081Z info: A client connected {}
2024-11-15T12:01:27.187Z info: A client disconnected {}
2024-11-15T12:01:27.279Z info: A client connected {}
2024-11-15T12:01:27.388Z info: A client disconnected {}
2024-11-15T12:01:27.462Z info: A client connected {}
2024-11-15T12:01:27.566Z info: A client disconnected {}
2024-11-15T12:01:27.645Z info: A client connected {}
2024-11-15T12:01:27.748Z info: A client disconnected {}
2024-11-15T12:01:27.837Z info: A client connected {}
2024-11-15T12:01:27.941Z info: A client disconnected {}
2024-11-15T12:01:57.172Z info: server started successfully! {}
2024-11-15T12:01:57.176Z info: Http server started successfully! {}
2024-11-15T12:01:57.380Z info: A client connected {}
2024-11-15T12:01:57.497Z info: A client disconnected {}
2024-11-15T12:01:57.583Z info: A client connected {}
2024-11-15T12:01:57.689Z info: A client disconnected {}
2024-11-15T12:01:57.792Z info: A client connected {}
2024-11-15T12:01:57.899Z info: A client disconnected {}
2024-11-15T12:01:57.971Z info: A client connected {}
2024-11-15T12:01:58.078Z info: A client disconnected {}
2024-11-15T12:01:58.177Z info: A client connected {}
2024-11-15T12:01:58.283Z info: A client disconnected {}
2024-11-15T12:01:58.375Z info: A client connected {}
2024-11-15T12:01:58.482Z info: A client disconnected {}
2024-11-15T12:01:58.585Z info: A client connected {}
2024-11-15T12:01:58.691Z info: A client disconnected {}
2024-11-15T12:01:58.798Z info: A client connected {}
2024-11-15T12:01:58.902Z info: A client disconnected {}
2024-11-15T12:01:59.004Z info: A client connected {}
2024-11-15T12:01:59.110Z info: A client disconnected {}
2024-11-15T12:01:59.216Z info: A client connected {}
2024-11-15T12:01:59.321Z info: A client disconnected {}
2024-11-15T12:01:59.397Z info: A client connected {}
2024-11-15T12:01:59.502Z info: A client disconnected {}
2024-11-15T12:01:59.613Z info: A client connected {}
2024-11-15T12:01:59.718Z info: A client disconnected {}
2024-11-15T12:01:59.824Z info: A client connected {}
2024-11-15T12:01:59.927Z info: A client disconnected {}
2024-11-15T12:02:00.040Z info: A client connected {}
2024-11-15T12:02:00.145Z info: A client disconnected {}
2024-11-15T12:02:00.230Z info: A client connected {}
2024-11-15T12:02:00.338Z info: A client disconnected {}
2024-11-15T12:02:00.442Z info: A client connected {}
2024-11-15T12:02:00.548Z info: A client disconnected {}
2024-11-15T12:02:00.658Z info: A client connected {}
2024-11-15T12:02:00.761Z info: A client disconnected {}
2024-11-15T12:02:00.859Z info: A client connected {}
2024-11-15T12:02:00.965Z info: A client disconnected {}
2024-11-15T12:02:01.063Z info: A client connected {}
2024-11-15T12:02:01.170Z info: A client disconnected {}
2024-11-15T12:02:01.273Z info: A client connected {}
2024-11-15T12:02:01.379Z info: A client disconnected {}
2024-11-15T12:02:01.475Z info: A client connected {}
2024-11-15T12:02:01.579Z info: A client disconnected {}
2024-11-15T12:02:01.681Z info: A client connected {}
2024-11-15T12:02:05.963Z info: A client disconnected {}
2024-11-15T12:02:13.648Z info: A client connected {}
2024-11-15T12:02:13.764Z info: A client disconnected {}
2024-11-15T12:02:13.800Z info: A client connected {}
2024-11-15T12:02:19.064Z info: A client disconnected {}
2024-11-15T12:02:19.090Z info: A client connected {}
2024-11-15T12:02:34.919Z info: A client disconnected {}
2024-11-15T12:02:34.950Z info: A client connected {}
2024-11-15T12:02:44.041Z info: A client disconnected {}
2024-11-15T12:02:44.080Z info: A client connected {}
2024-11-15T12:02:53.144Z info: A client connected {}
2024-11-15T12:02:53.269Z info: A client connected {}
2024-11-15T12:02:53.397Z info: A client connected {}
2024-11-15T12:02:53.531Z info: A client connected {}
2024-11-15T12:02:53.667Z info: A client connected {}
2024-11-15T12:02:53.796Z info: A client connected {}
2024-11-15T12:02:53.940Z info: A client connected {}
2024-11-15T12:02:54.089Z info: A client connected {}
2024-11-15T12:02:54.227Z info: A client connected {}
2024-11-15T12:02:54.361Z info: A client connected {}
2024-11-15T12:02:54.494Z info: A client connected {}
2024-11-15T12:02:54.640Z info: A client connected {}
2024-11-15T12:02:54.790Z info: A client connected {}
2024-11-15T12:02:54.921Z info: A client connected {}
2024-11-15T12:02:55.050Z info: A client connected {}
2024-11-15T12:02:55.174Z info: A client connected {}
2024-11-15T12:02:55.305Z info: A client connected {}
2024-11-15T12:02:55.438Z info: A client connected {}
2024-11-15T12:02:55.566Z info: A client connected {}
2024-11-15T12:02:55.692Z info: A client connected {}
2024-11-15T12:02:55.817Z info: A client connected {}
2024-11-15T12:02:55.943Z info: A client connected {}
2024-11-15T12:02:56.082Z info: A client connected {}
2024-11-15T12:02:56.214Z info: A client connected {}
2024-11-15T12:02:56.346Z info: A client connected {}
2024-11-15T12:02:56.491Z info: A client connected {}
2024-11-15T12:02:56.637Z info: A client connected {}
2024-11-15T12:02:56.787Z info: A client connected {}
2024-11-15T12:02:56.937Z info: A client connected {}
2024-11-15T12:02:57.073Z info: A client connected {}
2024-11-15T12:02:57.206Z info: A client connected {}
2024-11-15T12:02:57.345Z info: A client connected {}
2024-11-15T12:02:57.494Z info: A client connected {}
2024-11-15T12:02:57.621Z info: A client connected {}
2024-11-15T12:02:57.756Z info: A client connected {}
2024-11-15T12:02:57.905Z info: A client connected {}
2024-11-15T12:02:58.041Z info: A client connected {}
2024-11-15T12:02:58.190Z info: A client connected {}
2024-11-15T12:02:58.296Z info: A client disconnected {}
2024-11-15T12:02:58.343Z info: A client connected {}
2024-11-15T12:03:06.608Z info: server started successfully! {}
2024-11-15T12:03:06.612Z info: Http server started successfully! {}
2024-11-15T12:03:06.757Z info: A client connected {}
2024-11-15T12:03:06.892Z info: A client connected {}
2024-11-15T12:03:07.029Z info: A client connected {}
2024-11-15T12:03:07.183Z info: A client connected {}
2024-11-15T12:03:07.336Z info: A client connected {}
2024-11-15T12:03:07.498Z info: A client connected {}
2024-11-15T12:03:07.618Z info: A client connected {}
2024-11-15T12:03:07.651Z info: A client connected {}
2024-11-15T12:03:11.277Z info: A client disconnected {}
2024-11-15T12:03:11.306Z info: A client connected {}
2024-11-15T12:03:15.813Z info: A client disconnected {}
2024-11-15T12:03:15.842Z info: A client connected {}
2024-11-15T12:03:33.897Z info: A client disconnected {}
2024-11-15T12:03:33.929Z info: A client connected {}
2024-11-15T12:03:37.259Z info: A client disconnected {}
2024-11-15T12:03:37.288Z info: A client connected {}
2024-11-15T12:03:47.119Z info: server started successfully! {}
2024-11-15T12:03:47.122Z info: Http server started successfully! {}
2024-11-15T12:03:47.266Z info: A client connected {}
2024-11-15T12:03:47.377Z info: A client disconnected {}
2024-11-15T12:03:47.412Z info: A client connected {}
2024-11-15T12:03:48.607Z info: A client connected {}
2024-11-15T12:03:48.711Z info: A client disconnected {}
2024-11-15T12:03:48.735Z info: A client connected {}
2024-11-15T12:04:17.701Z info: server started successfully! {}
2024-11-15T12:04:17.704Z info: Http server started successfully! {}
2024-11-15T12:04:17.863Z info: A client connected {}
2024-11-15T12:04:17.993Z info: A client disconnected {}
2024-11-15T12:04:18.037Z info: A client connected {}
2024-11-15T12:04:18.612Z info: A client connected {}
2024-11-15T12:04:18.718Z info: A client disconnected {}
2024-11-15T12:04:18.763Z info: A client connected {}
2024-11-15T12:04:56.201Z info: A client disconnected {}
2024-11-15T12:04:56.249Z info: A client connected {}
2024-11-15T12:04:59.736Z info: A client disconnected {}
2024-11-15T12:04:59.776Z info: A client connected {}
2024-11-15T12:05:33.423Z info: server started successfully! {}
2024-11-15T12:05:33.426Z info: Http server started successfully! {}
2024-11-15T12:05:33.576Z info: A client connected {}
2024-11-15T12:05:33.607Z info: A client connected {}
2024-11-15T12:05:33.733Z info: A client connected {}
2024-11-15T12:05:33.897Z info: A client connected {}
2024-11-15T12:05:34.065Z info: A client connected {}
2024-11-15T12:05:34.230Z info: A client connected {}
2024-11-15T12:05:34.408Z info: A client connected {}
2024-11-15T12:05:34.585Z info: A client connected {}
2024-11-15T12:05:34.730Z info: A client connected {}
2024-11-15T12:05:34.892Z info: A client connected {}
2024-11-15T12:05:35.073Z info: A client connected {}
2024-11-15T12:05:35.217Z info: A client connected {}
2024-11-15T12:05:35.364Z info: A client connected {}
2024-11-15T12:05:35.519Z info: A client connected {}
2024-11-15T12:05:35.676Z info: A client connected {}
2024-11-15T12:05:35.854Z info: A client connected {}
2024-11-15T12:05:35.987Z info: A client connected {}
2024-11-15T12:05:36.155Z info: A client connected {}
2024-11-15T12:05:36.330Z info: A client connected {}
2024-11-15T12:05:36.441Z info: A client disconnected {}
2024-11-15T12:05:36.496Z info: A client connected {}
2024-11-15T12:05:36.631Z info: A client connected {}
2024-11-15T12:05:36.802Z info: A client connected {}
2024-11-15T12:05:36.966Z info: A client connected {}
2024-11-15T12:05:37.111Z info: A client connected {}
2024-11-15T12:05:37.287Z info: A client connected {}
2024-11-15T12:05:37.451Z info: A client connected {}
2024-11-15T12:05:37.592Z info: A client connected {}
2024-11-15T12:05:37.759Z info: A client connected {}
2024-11-15T12:05:37.926Z info: A client connected {}
2024-11-15T12:05:38.033Z info: A client disconnected {}
2024-11-15T12:05:38.105Z info: A client connected {}
2024-11-15T12:05:38.276Z info: A client connected {}
2024-11-15T12:05:38.441Z info: A client connected {}
2024-11-15T12:05:38.605Z info: A client connected {}
2024-11-15T12:05:38.784Z info: A client connected {}
2024-11-15T12:05:38.947Z info: A client connected {}
2024-11-15T12:05:39.090Z info: A client connected {}
2024-11-15T12:05:39.276Z info: A client connected {}
2024-11-15T12:05:39.423Z info: A client connected {}
2024-11-15T12:05:39.570Z info: A client connected {}
2024-11-15T12:05:39.725Z info: A client connected {}
2024-11-15T12:05:39.876Z info: A client connected {}
2024-11-15T12:05:40.015Z info: A client connected {}
2024-11-15T12:05:40.191Z info: A client connected {}
2024-11-15T12:05:40.368Z info: A client connected {}
2024-11-15T12:05:40.549Z info: A client connected {}
2024-11-15T12:05:40.727Z info: A client connected {}
2024-11-15T12:05:40.838Z info: A client disconnected {}
2024-11-15T12:05:40.908Z info: A client connected {}
2024-11-15T12:05:41.081Z info: A client connected {}
2024-11-15T12:05:41.242Z info: A client connected {}
2024-11-15T12:05:41.388Z info: A client connected {}
2024-11-15T12:05:41.555Z info: A client connected {}
2024-11-15T12:05:41.729Z info: A client connected {}
2024-11-15T12:05:41.903Z info: A client connected {}
2024-11-15T12:05:42.042Z info: A client connected {}
2024-11-15T12:05:42.197Z info: A client connected {}
2024-11-15T12:05:42.335Z info: A client connected {}
2024-11-15T12:05:42.502Z info: A client connected {}
2024-11-15T12:05:42.641Z info: A client connected {}
2024-11-15T12:05:42.760Z info: A client disconnected {}
2024-11-15T12:05:42.826Z info: A client connected {}
2024-11-15T12:05:43.010Z info: A client connected {}
2024-11-15T12:05:43.195Z info: A client connected {}
2024-11-15T12:05:43.370Z info: A client connected {}
2024-11-15T12:05:43.474Z info: A client disconnected {}
2024-11-15T12:05:43.541Z info: A client connected {}
2024-11-15T12:05:43.709Z info: A client connected {}
2024-11-15T12:05:43.845Z info: A client connected {}
2024-11-15T12:05:44.026Z info: A client connected {}
2024-11-15T12:05:44.199Z info: A client connected {}
2024-11-15T12:05:44.379Z info: A client connected {}
2024-11-15T12:05:44.502Z info: A client disconnected {}
2024-11-15T12:05:44.550Z info: A client connected {}
2024-11-15T12:06:18.575Z info: A client disconnected {}
2024-11-15T12:06:18.678Z info: A client disconnected {}
2024-11-15T12:06:18.730Z info: A client disconnected {}
2024-11-15T12:06:18.739Z info: A client connected {}
2024-11-15T12:06:18.849Z info: A client disconnected {}
2024-11-15T12:06:18.879Z info: A client connected {}
2024-11-15T12:06:18.891Z info: A client disconnected {}
2024-11-15T12:06:19.061Z info: A client disconnected {}
2024-11-15T12:06:19.164Z info: A client disconnected {}
2024-11-15T12:06:19.202Z info: A client connected {}
2024-11-15T12:06:19.224Z info: A client disconnected {}
2024-11-15T12:06:19.327Z info: A client disconnected {}
2024-11-15T12:06:19.370Z info: A client connected {}
2024-11-15T12:06:19.402Z info: A client disconnected {}
2024-11-15T12:06:19.505Z info: A client disconnected {}
2024-11-15T12:06:19.546Z info: A client connected {}
2024-11-15T12:06:19.576Z info: A client disconnected {}
2024-11-15T12:06:19.678Z info: A client disconnected {}
2024-11-15T12:06:19.718Z info: A client connected {}
2024-11-15T12:06:19.726Z info: A client disconnected {}
2024-11-15T12:06:19.888Z info: A client disconnected {}
2024-11-15T12:06:19.991Z info: A client disconnected {}
2024-11-15T12:06:20.029Z info: A client connected {}
2024-11-15T12:06:20.069Z info: A client disconnected {}
2024-11-15T12:06:20.173Z info: A client disconnected {}
2024-11-15T12:06:20.213Z info: A client disconnected {}
2024-11-15T12:06:20.218Z info: A client connected {}
2024-11-15T12:06:20.331Z info: A client disconnected {}
2024-11-15T12:06:20.360Z info: A client disconnected {}
2024-11-15T12:06:20.378Z info: A client connected {}
2024-11-15T12:06:20.516Z info: A client disconnected {}
2024-11-15T12:06:20.619Z info: A client disconnected {}
2024-11-15T12:06:20.663Z info: A client connected {}
2024-11-15T12:06:20.671Z info: A client disconnected {}
2024-11-15T12:06:20.773Z info: A client disconnected {}
2024-11-15T12:06:20.816Z info: A client connected {}
2024-11-15T12:06:20.848Z info: A client disconnected {}
2024-11-15T12:06:20.950Z info: A client disconnected {}
2024-11-15T12:06:20.984Z info: A client disconnected {}
2024-11-15T12:06:21.007Z info: A client connected {}
2024-11-15T12:06:21.147Z info: A client connected {}
2024-11-15T12:06:21.147Z info: A client disconnected {}
2024-11-15T12:06:21.288Z info: A client connected {}
2024-11-15T12:06:21.428Z info: A client connected {}
2024-11-15T12:06:21.492Z info: A client disconnected {}
2024-11-15T12:06:21.596Z info: A client disconnected {}
2024-11-15T12:06:21.628Z info: A client disconnected {}
2024-11-15T12:06:21.642Z info: A client connected {}
2024-11-15T12:06:21.799Z info: A client disconnected {}
2024-11-15T12:06:21.901Z info: A client disconnected {}
2024-11-15T12:06:21.945Z info: A client connected {}
2024-11-15T12:06:21.963Z info: A client disconnected {}
2024-11-15T12:06:22.072Z info: A client disconnected {}
2024-11-15T12:06:22.109Z info: A client disconnected {}
2024-11-15T12:06:22.131Z info: A client connected {}
2024-11-15T12:06:22.244Z info: A client disconnected {}
2024-11-15T12:06:22.276Z info: A client connected {}
2024-11-15T12:06:22.285Z info: A client disconnected {}
2024-11-15T12:06:22.447Z info: A client disconnected {}
2024-11-15T12:06:22.549Z info: A client disconnected {}
2024-11-15T12:06:22.589Z info: A client disconnected {}
2024-11-15T12:06:22.590Z info: A client connected {}
2024-11-15T12:06:22.753Z info: A client disconnected {}
2024-11-15T12:06:22.856Z info: A client disconnected {}
2024-11-15T12:06:22.896Z info: A client connected {}
2024-11-15T12:06:23.098Z info: A client disconnected {}
2024-11-15T12:06:23.202Z info: A client disconnected {}
2024-11-15T12:06:23.238Z info: A client connected {}
2024-11-15T12:06:23.270Z info: A client disconnected {}
2024-11-15T12:06:23.372Z info: A client disconnected {}
2024-11-15T12:06:23.413Z info: A client connected {}
2024-11-15T12:06:23.437Z info: A client disconnected {}
2024-11-15T12:06:23.542Z info: A client disconnected {}
2024-11-15T12:06:23.582Z info: A client connected {}
2024-11-15T12:06:23.600Z info: A client disconnected {}
2024-11-15T12:06:23.706Z info: A client disconnected {}
2024-11-15T12:06:23.747Z info: A client connected {}
2024-11-15T12:06:23.779Z info: A client disconnected {}
2024-11-15T12:06:23.883Z info: A client disconnected {}
2024-11-15T12:06:23.924Z info: A client connected {}
2024-11-15T12:06:23.945Z info: A client disconnected {}
2024-11-15T12:06:24.052Z info: A client disconnected {}
2024-11-15T12:06:24.087Z info: A client disconnected {}
2024-11-15T12:06:24.096Z info: A client connected {}
2024-11-15T12:06:24.274Z info: A client disconnected {}
2024-11-15T12:06:24.376Z info: A client disconnected {}
2024-11-15T12:06:24.416Z info: A client disconnected {}
2024-11-15T12:06:24.422Z info: A client connected {}
2024-11-15T12:06:24.566Z info: A client disconnected {}
2024-11-15T12:06:24.668Z info: A client disconnected {}
2024-11-15T12:06:24.709Z info: A client connected {}
2024-11-15T12:06:24.722Z info: A client disconnected {}
2024-11-15T12:06:24.824Z info: A client disconnected {}
2024-11-15T12:06:24.867Z info: A client connected {}
2024-11-15T12:06:24.872Z info: A client disconnected {}
2024-11-15T12:06:25.011Z info: A client disconnected {}
2024-11-15T12:06:25.114Z info: A client disconnected {}
2024-11-15T12:06:25.156Z info: A client connected {}
2024-11-15T12:06:25.188Z info: A client disconnected {}
2024-11-15T12:06:25.294Z info: A client disconnected {}
2024-11-15T12:06:25.339Z info: A client connected {}
2024-11-15T12:06:25.351Z info: A client disconnected {}
2024-11-15T12:06:25.453Z info: A client disconnected {}
2024-11-15T12:06:25.497Z info: A client connected {}
2024-11-15T12:06:25.542Z info: A client disconnected {}
2024-11-15T12:06:25.645Z info: A client disconnected {}
2024-11-15T12:06:25.722Z info: A client connected {}
2024-11-15T12:06:25.836Z info: A client disconnected {}
2024-11-15T12:06:25.877Z info: A client connected {}
2024-11-15T12:06:25.906Z info: A client disconnected {}
2024-11-15T12:06:26.008Z info: A client disconnected {}
2024-11-15T12:06:26.051Z info: A client connected {}
2024-11-15T12:06:26.077Z info: A client disconnected {}
2024-11-15T12:06:26.196Z info: A client disconnected {}
2024-11-15T12:06:26.234Z info: A client connected {}
2024-11-15T12:06:26.238Z info: A client disconnected {}
2024-11-15T12:06:26.383Z info: A client disconnected {}
2024-11-15T12:06:26.486Z info: A client disconnected {}
2024-11-15T12:06:26.526Z info: A client connected {}
2024-11-15T12:06:26.551Z info: A client disconnected {}
2024-11-15T12:06:26.655Z info: A client disconnected {}
2024-11-15T12:06:26.697Z info: A client connected {}
2024-11-15T12:06:26.724Z info: A client disconnected {}
2024-11-15T12:06:26.827Z info: A client disconnected {}
2024-11-15T12:06:26.867Z info: A client connected {}
2024-11-15T12:06:26.899Z info: A client disconnected {}
2024-11-15T12:06:27.009Z info: A client disconnected {}
2024-11-15T12:06:27.039Z info: A client disconnected {}
2024-11-15T12:06:27.057Z info: A client connected {}
2024-11-15T12:06:27.191Z info: A client disconnected {}
2024-11-15T12:06:27.293Z info: A client disconnected {}
2024-11-15T12:06:27.331Z info: A client disconnected {}
2024-11-15T12:06:27.337Z info: A client connected {}
2024-11-15T12:06:27.487Z info: A client connected {}
2024-11-15T12:06:27.499Z info: A client disconnected {}
2024-11-15T12:06:27.630Z info: A client connected {}
2024-11-15T12:06:27.739Z info: A client disconnected {}
2024-11-15T12:06:27.783Z info: A client connected {}
2024-11-15T12:06:27.822Z info: A client disconnected {}
2024-11-15T12:06:27.926Z info: A client disconnected {}
2024-11-15T12:06:27.968Z info: A client connected {}
2024-11-15T12:06:27.998Z info: A client disconnected {}
2024-11-15T12:06:28.102Z info: A client disconnected {}
2024-11-15T12:06:28.148Z info: A client connected {}
2024-11-15T12:06:28.188Z info: A client disconnected {}
2024-11-15T12:06:28.290Z info: A client disconnected {}
2024-11-15T12:06:28.335Z info: A client connected {}
2024-11-15T12:06:28.536Z info: A client disconnected {}
2024-11-15T12:06:28.640Z info: A client disconnected {}
2024-11-15T12:06:28.685Z info: A client connected {}
2024-11-15T12:06:28.704Z info: A client disconnected {}
2024-11-15T12:06:28.808Z info: A client disconnected {}
2024-11-15T12:06:28.840Z info: A client disconnected {}
2024-11-15T12:06:28.860Z info: A client connected {}
2024-11-15T12:06:29.012Z info: A client connected {}
2024-11-15T12:06:29.020Z info: A client disconnected {}
2024-11-15T12:06:29.124Z info: A client disconnected {}
2024-11-15T12:06:29.166Z info: A client connected {}
2024-11-15T12:06:29.194Z info: A client disconnected {}
2024-11-15T12:06:29.302Z info: A client disconnected {}
2024-11-15T12:06:29.348Z info: A client connected {}
2024-11-15T12:06:29.498Z info: A client connected {}
2024-11-15T12:06:29.649Z info: A client connected {}
2024-11-15T12:06:29.795Z info: A client connected {}
2024-11-15T12:06:29.964Z info: A client connected {}
2024-11-15T12:06:30.069Z info: A client disconnected {}
2024-11-15T12:06:30.114Z info: A client connected {}
2024-11-15T12:06:40.420Z info: A client disconnected {}
2024-11-15T12:06:40.468Z info: A client connected {}
2024-11-15T12:06:50.305Z info: server started successfully! {}
2024-11-15T12:06:50.308Z info: Http server started successfully! {}
2024-11-15T12:06:50.469Z info: A client connected {}
2024-11-15T12:06:50.579Z info: A client disconnected {}
2024-11-15T12:06:50.628Z info: A client connected {}
2024-11-15T12:06:50.812Z info: A client connected {}
2024-11-15T12:06:50.988Z info: A client connected {}
2024-11-15T12:06:51.134Z info: A client connected {}
2024-11-15T12:06:51.247Z info: A client disconnected {}
2024-11-15T12:06:51.284Z info: A client connected {}
2024-11-15T12:06:51.611Z info: A client connected {}
2024-11-15T12:06:51.717Z info: A client disconnected {}
2024-11-15T12:06:51.787Z info: A client connected {}
2024-11-15T12:06:51.926Z info: A client connected {}
2024-11-15T12:06:52.072Z info: A client connected {}
2024-11-15T12:06:52.225Z info: A client connected {}
2024-11-15T12:06:52.368Z info: A client connected {}
2024-11-15T12:06:52.537Z info: A client connected {}
2024-11-15T12:06:52.682Z info: A client connected {}
2024-11-15T12:06:52.853Z info: A client connected {}
2024-11-15T12:06:53.027Z info: A client connected {}
2024-11-15T12:06:53.206Z info: A client connected {}
2024-11-15T12:06:53.379Z info: A client connected {}
2024-11-15T12:06:53.558Z info: A client connected {}
2024-11-15T12:06:53.716Z info: A client connected {}
2024-11-15T12:06:53.824Z info: A client disconnected {}
2024-11-15T12:06:53.886Z info: A client connected {}
2024-11-15T12:06:54.072Z info: A client connected {}
2024-11-15T12:06:54.180Z info: A client disconnected {}
2024-11-15T12:06:54.250Z info: A client connected {}
2024-11-15T12:06:54.404Z info: A client connected {}
2024-11-15T12:06:54.558Z info: A client connected {}
2024-11-15T12:06:54.775Z info: A client connected {}
2024-11-15T12:06:54.920Z info: A client connected {}
2024-11-15T12:06:55.069Z info: A client connected {}
2024-11-15T12:06:55.222Z info: A client connected {}
2024-11-15T12:06:55.395Z info: A client connected {}
2024-11-15T12:06:55.568Z info: A client connected {}
2024-11-15T12:06:55.706Z info: A client connected {}
2024-11-15T12:06:55.853Z info: A client connected {}
2024-11-15T12:06:56.031Z info: A client connected {}
2024-11-15T12:06:56.140Z info: A client disconnected {}
2024-11-15T12:06:56.211Z info: A client connected {}
2024-11-15T12:06:59.560Z info: A client connected {}
2024-11-15T12:06:59.683Z info: A client connected {}
2024-11-15T12:06:59.820Z info: A client connected {}
2024-11-15T12:06:59.943Z info: A client connected {}
2024-11-15T12:07:00.095Z info: A client connected {}
2024-11-15T12:07:00.220Z info: A client connected {}
2024-11-15T12:07:00.368Z info: A client connected {}
2024-11-15T12:07:00.497Z info: A client connected {}
2024-11-15T12:07:00.627Z info: A client connected {}
2024-11-15T12:07:00.756Z info: A client connected {}
2024-11-15T12:07:00.888Z info: A client connected {}
2024-11-15T12:07:01.025Z info: A client connected {}
2024-11-15T12:07:01.177Z info: A client connected {}
2024-11-15T12:07:01.323Z info: A client connected {}
2024-11-15T12:07:01.478Z info: A client connected {}
2024-11-15T12:07:01.591Z info: A client disconnected {}
2024-11-15T12:07:01.613Z info: A client connected {}
2024-11-15T12:07:03.597Z info: A client disconnected {}
2024-11-15T12:07:03.623Z info: A client connected {}
2024-11-15T12:07:09.800Z info: server started successfully! {}
2024-11-15T12:07:09.803Z info: Http server started successfully! {}
2024-11-15T12:07:09.941Z info: A client connected {}
2024-11-15T12:07:10.050Z info: A client disconnected {}
2024-11-15T12:07:10.085Z info: A client connected {}
2024-11-15T12:07:10.615Z info: A client connected {}
2024-11-15T12:07:10.720Z info: A client disconnected {}
2024-11-15T12:07:10.769Z info: A client connected {}
2024-11-15T12:07:12.612Z info: A client connected {}
2024-11-15T12:07:12.721Z info: A client disconnected {}
2024-11-15T12:07:12.761Z info: A client connected {}
2024-11-15T12:08:44.846Z info: A client disconnected {}
2024-11-15T12:08:44.880Z info: A client connected {}
2024-11-15T12:08:50.760Z info: A client disconnected {}
2024-11-15T12:08:50.789Z info: A client connected {}
2024-11-15T12:08:55.499Z info: A client disconnected {}
2024-11-15T12:08:55.529Z info: A client connected {}
2024-11-15T12:09:05.390Z info: server started successfully! {}
2024-11-15T12:09:05.394Z info: Http server started successfully! {}
2024-11-15T12:09:05.538Z info: A client connected {}
2024-11-15T12:09:05.647Z info: A client disconnected {}
2024-11-15T12:09:05.678Z info: A client connected {}
2024-11-15T12:09:06.613Z info: A client connected {}
2024-11-15T12:09:06.719Z info: A client disconnected {}
2024-11-15T12:09:06.747Z info: A client connected {}
2024-11-15T12:09:10.615Z info: A client connected {}
2024-11-15T12:09:10.720Z info: A client disconnected {}
2024-11-15T12:09:10.759Z info: A client connected {}
2024-11-15T12:09:31.911Z info: A client disconnected {}
2024-11-15T12:09:31.957Z info: A client connected {}
2024-11-15T12:09:36.159Z info: A client disconnected {}
2024-11-15T12:09:36.196Z info: A client connected {}
2024-11-15T12:09:43.782Z info: server started successfully! {}
2024-11-15T12:09:43.785Z info: Http server started successfully! {}
2024-11-15T12:09:43.945Z info: A client connected {}
2024-11-15T12:09:44.092Z info: A client connected {}
2024-11-15T12:09:44.249Z info: A client connected {}
2024-11-15T12:09:44.422Z info: A client connected {}
2024-11-15T12:09:44.536Z info: A client disconnected {}
2024-11-15T12:09:44.570Z info: A client connected {}
2024-11-15T12:09:45.613Z info: A client connected {}
2024-11-15T12:09:45.622Z info: A client connected {}
2024-11-15T12:09:45.720Z info: A client disconnected {}
2024-11-15T12:09:45.768Z info: A client connected {}
2024-11-15T12:10:28.958Z info: A client disconnected {}
2024-11-15T12:10:29.063Z info: A client disconnected {}
2024-11-15T12:10:29.088Z info: A client disconnected {}
2024-11-15T12:10:29.109Z info: A client connected {}
2024-11-15T12:10:29.245Z info: A client disconnected {}
2024-11-15T12:10:29.351Z info: A client disconnected {}
2024-11-15T12:10:29.419Z info: A client connected {}
2024-11-15T12:10:29.558Z info: A client connected {}
2024-11-15T12:10:29.736Z info: A client connected {}
2024-11-15T12:10:29.908Z info: A client connected {}
2024-11-15T12:10:30.041Z info: A client connected {}
2024-11-15T12:10:30.212Z info: A client connected {}
2024-11-15T12:10:30.351Z info: A client connected {}
2024-11-15T12:10:30.490Z info: A client connected {}
2024-11-15T12:10:30.664Z info: A client connected {}
2024-11-15T12:10:30.802Z info: A client connected {}
2024-11-15T12:10:30.956Z info: A client connected {}
2024-11-15T12:10:31.092Z info: A client connected {}
2024-11-15T12:10:31.232Z info: A client connected {}
2024-11-15T12:10:31.370Z info: A client connected {}
2024-11-15T12:10:31.511Z info: A client connected {}
2024-11-15T12:10:31.650Z info: A client connected {}
2024-11-15T12:10:31.805Z info: A client connected {}
2024-11-15T12:10:31.944Z info: A client connected {}
2024-11-15T12:10:32.101Z info: A client connected {}
2024-11-15T12:10:32.263Z info: A client connected {}
2024-11-15T12:10:32.403Z info: A client connected {}
2024-11-15T12:10:32.540Z info: A client connected {}
2024-11-15T12:10:32.682Z info: A client connected {}
2024-11-15T12:10:32.832Z info: A client connected {}
2024-11-15T12:10:32.972Z info: A client connected {}
2024-11-15T12:10:33.107Z info: A client connected {}
2024-11-15T12:10:33.245Z info: A client connected {}
2024-11-15T12:10:33.398Z info: A client connected {}
2024-11-15T12:10:33.569Z info: A client connected {}
2024-11-15T12:10:33.740Z info: A client connected {}
2024-11-15T12:10:33.894Z info: A client connected {}
2024-11-15T12:10:34.062Z info: A client connected {}
2024-11-15T12:10:34.201Z info: A client connected {}
2024-11-15T12:10:34.370Z info: A client connected {}
2024-11-15T12:10:34.475Z info: A client disconnected {}
2024-11-15T12:10:34.541Z info: A client connected {}
2024-11-15T12:10:34.701Z info: A client connected {}
2024-11-15T12:10:34.846Z info: A client connected {}
2024-11-15T12:10:34.996Z info: A client connected {}
2024-11-15T12:10:35.107Z info: A client disconnected {}
2024-11-15T12:10:35.150Z info: A client connected {}
2024-11-15T12:11:14.423Z info: A client disconnected {}
2024-11-15T12:11:14.554Z info: A client disconnected {}
2024-11-15T12:11:14.728Z info: A client disconnected {}
2024-11-15T12:11:14.901Z info: A client disconnected {}
2024-11-15T12:11:15.038Z info: A client disconnected {}
2024-11-15T12:11:15.203Z info: A client disconnected {}
2024-11-15T12:11:15.346Z info: A client disconnected {}
2024-11-15T12:11:15.486Z info: A client disconnected {}
2024-11-15T12:11:15.656Z info: A client disconnected {}
2024-11-15T12:11:15.799Z info: A client disconnected {}
2024-11-15T12:11:15.954Z info: A client disconnected {}
2024-11-15T12:11:16.091Z info: A client disconnected {}
2024-11-15T12:11:16.227Z info: A client disconnected {}
2024-11-15T12:11:16.367Z info: A client disconnected {}
2024-11-15T12:11:16.507Z info: A client disconnected {}
2024-11-15T12:11:16.647Z info: A client disconnected {}
2024-11-15T12:11:16.792Z info: A client disconnected {}
2024-11-15T12:11:16.940Z info: A client disconnected {}
2024-11-15T12:11:17.098Z info: A client disconnected {}
2024-11-15T12:11:17.260Z info: A client disconnected {}
2024-11-15T12:11:17.398Z info: A client disconnected {}
2024-11-15T12:11:17.534Z info: A client disconnected {}
2024-11-15T12:11:17.677Z info: A client disconnected {}
2024-11-15T12:11:17.822Z info: A client disconnected {}
2024-11-15T12:11:17.969Z info: A client disconnected {}
2024-11-15T12:11:18.103Z info: A client disconnected {}
2024-11-15T12:11:18.242Z info: A client disconnected {}
2024-11-15T12:11:18.394Z info: A client disconnected {}
2024-11-15T12:11:18.559Z info: A client disconnected {}
2024-11-15T12:11:18.736Z info: A client disconnected {}
2024-11-15T12:11:18.885Z info: A client disconnected {}
2024-11-15T12:11:19.058Z info: A client disconnected {}
2024-11-15T12:11:19.198Z info: A client disconnected {}
2024-11-15T12:11:19.536Z info: A client disconnected {}
2024-11-15T12:11:19.697Z info: A client disconnected {}
2024-11-15T12:11:19.843Z info: A client disconnected {}
2024-11-15T12:11:27.342Z info: server started successfully! {}
2024-11-15T12:11:27.345Z info: Http server started successfully! {}
2024-11-15T12:11:27.515Z info: A client connected {}
2024-11-15T12:11:28.615Z info: A client connected {}
2024-11-15T12:11:32.608Z info: A client connected {}
2024-11-15T12:11:33.445Z info: A client disconnected {}
2024-11-15T12:11:36.304Z info: A client disconnected {}
2024-11-15T12:11:41.532Z info: A client connected {}
2024-11-15T12:11:41.638Z info: A client disconnected {}
2024-11-15T12:11:41.679Z info: A client connected {}
2024-11-15T12:11:43.949Z info: A client disconnected {}
2024-11-15T12:11:43.976Z info: A client connected {}
2024-11-15T12:11:56.530Z info: server started successfully! {}
2024-11-15T12:11:56.533Z info: Http server started successfully! {}
2024-11-15T12:11:56.628Z info: A client connected {}
2024-11-15T12:11:56.775Z info: A client connected {}
2024-11-15T12:11:56.909Z info: A client connected {}
2024-11-15T12:11:57.038Z info: A client connected {}
2024-11-15T12:11:57.170Z info: A client connected {}
2024-11-15T12:11:57.311Z info: A client connected {}
2024-11-15T12:11:57.441Z info: A client connected {}
2024-11-15T12:11:57.546Z info: A client disconnected {}
2024-11-15T12:11:57.593Z info: A client connected {}
2024-11-15T12:12:19.805Z info: A client disconnected {}
2024-11-15T12:12:19.844Z info: A client connected {}
2024-11-15T12:12:28.858Z info: A client disconnected {}
2024-11-15T12:12:28.888Z info: A client connected {}
2024-11-15T12:12:55.333Z info: server started successfully! {}
2024-11-15T12:12:55.336Z info: Http server started successfully! {}
2024-11-15T12:12:55.484Z info: A client connected {}
2024-11-15T12:12:55.593Z info: A client disconnected {}
2024-11-15T12:12:55.623Z info: A client connected {}
2024-11-15T12:13:01.614Z info: A client connected {}
2024-11-15T12:13:01.720Z info: A client disconnected {}
2024-11-15T12:13:01.752Z info: A client connected {}
2024-11-15T12:13:19.835Z info: A client disconnected {}
2024-11-15T12:13:19.870Z info: A client connected {}
