2024-12-04T10:15:23.478Z info: server started successfully! {}
2024-12-04T10:15:23.482Z info: Http server started successfully! {}
2024-12-04T10:16:45.831Z info: server started successfully! {}
2024-12-04T10:16:45.836Z info: Http server started successfully! {}
2024-12-04T10:17:08.533Z info: A client connected {}
2024-12-04T10:17:08.640Z info: A client disconnected {}
2024-12-04T10:17:08.674Z info: A client connected {}
2024-12-04T10:23:59.058Z info: A client disconnected {}
2024-12-04T10:23:59.098Z info: A client connected {}
2024-12-04T10:24:02.491Z info: A client disconnected {}
2024-12-04T10:24:02.521Z info: A client connected {}
2024-12-04T10:26:46.618Z info: A client disconnected {}
2024-12-04T10:26:46.659Z info: A client connected {}
2024-12-04T10:29:21.217Z info: A client disconnected {}
2024-12-04T10:29:21.260Z info: A client connected {}
2024-12-04T10:29:27.465Z info: A client disconnected {}
2024-12-04T10:29:27.495Z info: A client connected {}
2024-12-04T10:29:44.183Z info: A client disconnected {}
2024-12-04T10:29:44.221Z info: A client connected {}
2024-12-04T10:48:52.035Z info: A client disconnected {}
2024-12-04T10:48:52.061Z info: A client connected {}
2024-12-04T10:49:03.262Z info: A client disconnected {}
2024-12-04T10:49:03.293Z info: A client connected {}
2024-12-04T10:49:03.935Z info: A client disconnected {}
2024-12-04T10:49:03.960Z info: A client connected {}
2024-12-04T10:49:26.739Z info: A client disconnected {}
2024-12-04T10:49:26.773Z info: A client connected {}
2024-12-04T10:52:37.570Z info: A client disconnected {}
2024-12-04T10:52:37.604Z info: A client connected {}
2024-12-04T10:53:17.390Z info: A client disconnected {}
2024-12-04T10:53:17.448Z info: A client connected {}
2024-12-04T10:53:17.590Z info: A client connected {}
2024-12-04T10:53:17.743Z info: A client connected {}
2024-12-04T10:53:17.896Z info: A client connected {}
2024-12-04T10:53:18.044Z info: A client connected {}
2024-12-04T10:53:18.183Z info: A client connected {}
2024-12-04T10:53:18.328Z info: A client connected {}
2024-12-04T10:53:18.431Z info: A client disconnected {}
2024-12-04T10:53:18.493Z info: A client connected {}
2024-12-04T10:53:18.633Z info: A client connected {}
2024-12-04T10:53:18.777Z info: A client connected {}
2024-12-04T10:53:18.923Z info: A client connected {}
2024-12-04T10:53:19.066Z info: A client connected {}
2024-12-04T10:53:19.205Z info: A client connected {}
2024-12-04T10:53:19.354Z info: A client connected {}
2024-12-04T10:53:19.500Z info: A client connected {}
2024-12-04T10:53:19.646Z info: A client connected {}
2024-12-04T10:53:19.831Z info: A client connected {}
2024-12-04T10:53:19.987Z info: A client connected {}
2024-12-04T10:53:20.157Z info: A client connected {}
2024-12-04T10:53:20.297Z info: A client connected {}
2024-12-04T10:53:20.446Z info: A client connected {}
2024-12-04T10:53:20.590Z info: A client connected {}
2024-12-04T10:53:20.758Z info: A client connected {}
2024-12-04T10:53:20.914Z info: A client connected {}
2024-12-04T10:53:21.091Z info: A client connected {}
2024-12-04T10:53:21.242Z info: A client connected {}
2024-12-04T10:53:21.389Z info: A client connected {}
2024-12-04T10:53:21.540Z info: A client connected {}
2024-12-04T10:53:21.677Z info: A client connected {}
2024-12-04T10:53:21.861Z info: A client connected {}
2024-12-04T10:53:22.011Z info: A client connected {}
2024-12-04T10:53:22.123Z info: A client disconnected {}
2024-12-04T10:53:22.195Z info: A client connected {}
2024-12-04T10:53:22.305Z info: A client disconnected {}
2024-12-04T10:53:22.358Z info: A client connected {}
2024-12-04T10:53:22.495Z info: A client connected {}
2024-12-04T10:53:22.638Z info: A client connected {}
2024-12-04T10:53:22.777Z info: A client connected {}
2024-12-04T10:53:22.933Z info: A client connected {}
2024-12-04T10:53:23.112Z info: A client connected {}
2024-12-04T10:53:23.258Z info: A client connected {}
2024-12-04T10:53:23.411Z info: A client connected {}
2024-12-04T10:53:23.516Z info: A client disconnected {}
2024-12-04T10:53:23.597Z info: A client connected {}
2024-12-04T10:53:23.770Z info: A client connected {}
2024-12-04T10:53:23.918Z info: A client connected {}
2024-12-04T10:53:24.092Z info: A client connected {}
2024-12-04T10:53:24.256Z info: A client connected {}
2024-12-04T10:53:24.408Z info: A client connected {}
2024-12-04T10:53:24.521Z info: A client disconnected {}
2024-12-04T10:53:24.578Z info: A client connected {}
2024-12-04T10:53:24.749Z info: A client connected {}
2024-12-04T10:53:24.900Z info: A client connected {}
2024-12-04T10:53:25.008Z info: A client disconnected {}
2024-12-04T10:53:25.083Z info: A client connected {}
2024-12-04T10:53:25.252Z info: A client connected {}
2024-12-04T10:53:25.430Z info: A client connected {}
2024-12-04T10:53:25.580Z info: A client connected {}
2024-12-04T10:53:25.757Z info: A client connected {}
2024-12-04T10:53:25.912Z info: A client connected {}
2024-12-04T10:53:26.070Z info: A client connected {}
2024-12-04T10:53:26.243Z info: A client connected {}
2024-12-04T10:53:26.392Z info: A client connected {}
2024-12-04T10:53:26.547Z info: A client connected {}
2024-12-04T10:53:26.689Z info: A client connected {}
2024-12-04T10:53:26.860Z info: A client connected {}
2024-12-04T10:53:26.965Z info: A client disconnected {}
2024-12-04T10:53:27.055Z info: A client connected {}
2024-12-04T10:53:27.196Z info: A client connected {}
2024-12-04T10:53:27.376Z info: A client connected {}
2024-12-04T10:53:27.524Z info: A client connected {}
2024-12-04T10:53:27.704Z info: A client connected {}
2024-12-04T10:53:27.861Z info: A client connected {}
2024-12-04T10:53:28.048Z info: A client connected {}
2024-12-04T10:53:28.235Z info: A client connected {}
2024-12-04T10:53:28.388Z info: A client connected {}
2024-12-04T10:53:28.538Z info: A client connected {}
2024-12-04T10:53:28.690Z info: A client connected {}
2024-12-04T10:53:28.840Z info: A client connected {}
2024-12-04T10:53:29.023Z info: A client connected {}
2024-12-04T10:53:29.172Z info: A client connected {}
2024-12-04T10:53:29.354Z info: A client connected {}
2024-12-04T10:53:29.497Z info: A client connected {}
2024-12-04T10:53:29.652Z info: A client connected {}
2024-12-04T10:53:29.831Z info: A client connected {}
2024-12-04T10:53:30.004Z info: A client connected {}
2024-12-04T10:53:30.156Z info: A client connected {}
2024-12-04T10:53:30.335Z info: A client connected {}
2024-12-04T10:53:30.494Z info: A client connected {}
2024-12-04T10:53:30.643Z info: A client connected {}
2024-12-04T10:53:30.789Z info: A client connected {}
2024-12-04T10:53:30.934Z info: A client connected {}
2024-12-04T10:53:31.078Z info: A client connected {}
2024-12-04T10:53:31.260Z info: A client connected {}
2024-12-04T10:53:31.436Z info: A client connected {}
2024-12-04T10:53:31.583Z info: A client connected {}
2024-12-04T10:53:31.694Z info: A client disconnected {}
2024-12-04T10:53:31.756Z info: A client connected {}
2024-12-04T10:53:31.898Z info: A client connected {}
2024-12-04T10:53:32.056Z info: A client connected {}
2024-12-04T10:53:32.201Z info: A client connected {}
2024-12-04T10:53:32.387Z info: A client connected {}
2024-12-04T10:53:32.531Z info: A client connected {}
2024-12-04T10:53:32.687Z info: A client connected {}
2024-12-04T10:53:32.830Z info: A client connected {}
2024-12-04T10:53:32.980Z info: A client connected {}
2024-12-04T10:53:33.131Z info: A client connected {}
2024-12-04T10:53:33.297Z info: A client connected {}
2024-12-04T10:53:33.482Z info: A client connected {}
2024-12-04T10:53:33.655Z info: A client connected {}
2024-12-04T10:53:33.807Z info: A client connected {}
2024-12-04T10:53:33.914Z info: A client disconnected {}
2024-12-04T10:53:33.995Z info: A client connected {}
2024-12-04T10:53:34.160Z info: A client connected {}
2024-12-04T10:53:34.309Z info: A client connected {}
2024-12-04T10:53:34.455Z info: A client connected {}
2024-12-04T10:53:34.621Z info: A client connected {}
2024-12-04T10:53:34.766Z info: A client connected {}
2024-12-04T10:53:34.921Z info: A client connected {}
2024-12-04T10:53:35.104Z info: A client connected {}
2024-12-04T10:53:35.256Z info: A client connected {}
2024-12-04T10:53:35.408Z info: A client connected {}
2024-12-04T10:53:35.567Z info: A client connected {}
2024-12-04T10:53:35.676Z info: A client disconnected {}
2024-12-04T10:53:35.733Z info: A client connected {}
2024-12-04T10:53:35.900Z info: A client connected {}
2024-12-04T10:53:36.079Z info: A client connected {}
2024-12-04T10:53:36.226Z info: A client connected {}
2024-12-04T10:53:36.385Z info: A client connected {}
2024-12-04T10:53:36.543Z info: A client connected {}
2024-12-04T10:53:36.691Z info: A client connected {}
2024-12-04T10:53:36.878Z info: A client connected {}
2024-12-04T10:53:37.034Z info: A client connected {}
2024-12-04T10:53:37.184Z info: A client connected {}
2024-12-04T10:53:37.335Z info: A client connected {}
2024-12-04T10:53:37.492Z info: A client connected {}
2024-12-04T10:53:37.641Z info: A client connected {}
2024-12-04T10:53:37.788Z info: A client connected {}
2024-12-04T10:53:37.929Z info: A client connected {}
2024-12-04T10:53:38.107Z info: A client connected {}
2024-12-04T10:53:38.247Z info: A client connected {}
2024-12-04T10:53:38.395Z info: A client connected {}
2024-12-04T10:53:38.566Z info: A client connected {}
2024-12-04T10:53:38.675Z info: A client disconnected {}
2024-12-04T10:53:38.762Z info: A client connected {}
2024-12-04T10:54:02.444Z info: A client disconnected {}
2024-12-04T10:54:02.587Z info: A client disconnected {}
2024-12-04T10:54:02.736Z info: A client disconnected {}
2024-12-04T10:54:02.895Z info: A client disconnected {}
2024-12-04T10:54:03.038Z info: A client disconnected {}
2024-12-04T10:54:03.180Z info: A client disconnected {}
2024-12-04T10:54:03.490Z info: A client disconnected {}
2024-12-04T10:54:03.631Z info: A client disconnected {}
2024-12-04T10:54:03.773Z info: A client disconnected {}
2024-12-04T10:54:03.921Z info: A client disconnected {}
2024-12-04T10:54:04.063Z info: A client disconnected {}
2024-12-04T10:54:04.202Z info: A client disconnected {}
2024-12-04T10:54:04.350Z info: A client disconnected {}
2024-12-04T10:54:04.497Z info: A client disconnected {}
2024-12-04T10:54:04.644Z info: A client disconnected {}
2024-12-04T10:54:04.827Z info: A client disconnected {}
2024-12-04T10:54:04.986Z info: A client disconnected {}
2024-12-04T10:54:05.154Z info: A client disconnected {}
2024-12-04T10:54:05.295Z info: A client disconnected {}
2024-12-04T10:54:05.443Z info: A client disconnected {}
2024-12-04T10:54:05.584Z info: A client disconnected {}
2024-12-04T10:54:05.755Z info: A client disconnected {}
2024-12-04T10:54:05.911Z info: A client disconnected {}
2024-12-04T10:54:06.088Z info: A client disconnected {}
2024-12-04T10:54:06.237Z info: A client disconnected {}
2024-12-04T10:54:06.386Z info: A client disconnected {}
2024-12-04T10:54:06.536Z info: A client disconnected {}
2024-12-04T10:54:06.674Z info: A client disconnected {}
2024-12-04T10:54:06.856Z info: A client disconnected {}
2024-12-04T10:54:07.353Z info: A client disconnected {}
2024-12-04T10:54:07.491Z info: A client disconnected {}
2024-12-04T10:54:07.635Z info: A client disconnected {}
2024-12-04T10:54:07.774Z info: A client disconnected {}
2024-12-04T10:54:07.932Z info: A client disconnected {}
2024-12-04T10:54:08.109Z info: A client disconnected {}
2024-12-04T10:54:08.255Z info: A client disconnected {}
2024-12-04T10:54:08.595Z info: A client disconnected {}
2024-12-04T10:54:08.765Z info: A client disconnected {}
2024-12-04T10:54:08.916Z info: A client disconnected {}
2024-12-04T10:54:09.089Z info: A client disconnected {}
2024-12-04T10:54:09.253Z info: A client disconnected {}
2024-12-04T10:54:09.577Z info: A client disconnected {}
2024-12-04T10:54:09.743Z info: A client disconnected {}
2024-12-04T10:54:10.082Z info: A client disconnected {}
2024-12-04T10:54:10.249Z info: A client disconnected {}
2024-12-04T10:54:10.426Z info: A client disconnected {}
2024-12-04T10:54:10.579Z info: A client disconnected {}
2024-12-04T10:54:10.754Z info: A client disconnected {}
2024-12-04T10:54:10.910Z info: A client disconnected {}
2024-12-04T10:54:11.064Z info: A client disconnected {}
2024-12-04T10:54:11.240Z info: A client disconnected {}
2024-12-04T10:54:11.389Z info: A client disconnected {}
2024-12-04T10:54:11.543Z info: A client disconnected {}
2024-12-04T10:54:11.686Z info: A client disconnected {}
2024-12-04T10:54:12.051Z info: A client disconnected {}
2024-12-04T10:54:12.194Z info: A client disconnected {}
2024-12-04T10:54:12.373Z info: A client disconnected {}
2024-12-04T10:54:12.521Z info: A client disconnected {}
2024-12-04T10:54:12.698Z info: A client disconnected {}
2024-12-04T10:54:12.858Z info: A client disconnected {}
2024-12-04T10:54:13.043Z info: A client disconnected {}
2024-12-04T10:54:13.228Z info: A client disconnected {}
2024-12-04T10:54:13.386Z info: A client disconnected {}
2024-12-04T10:54:13.535Z info: A client disconnected {}
2024-12-04T10:54:13.687Z info: A client disconnected {}
2024-12-04T10:54:13.837Z info: A client disconnected {}
2024-12-04T10:54:14.018Z info: A client disconnected {}
2024-12-04T10:54:14.169Z info: A client disconnected {}
2024-12-04T10:54:14.349Z info: A client disconnected {}
2024-12-04T10:54:14.495Z info: A client disconnected {}
2024-12-04T10:54:14.650Z info: A client disconnected {}
2024-12-04T10:54:14.828Z info: A client disconnected {}
2024-12-04T10:54:15.000Z info: A client disconnected {}
2024-12-04T10:54:15.154Z info: A client disconnected {}
2024-12-04T10:54:15.333Z info: A client disconnected {}
2024-12-04T10:54:15.488Z info: A client disconnected {}
2024-12-04T10:54:15.640Z info: A client disconnected {}
2024-12-04T10:54:15.786Z info: A client disconnected {}
2024-12-04T10:54:15.929Z info: A client disconnected {}
2024-12-04T10:54:16.075Z info: A client disconnected {}
2024-12-04T10:54:16.258Z info: A client disconnected {}
2024-12-04T10:54:16.433Z info: A client disconnected {}
2024-12-04T10:54:16.755Z info: A client disconnected {}
2024-12-04T10:54:16.893Z info: A client disconnected {}
2024-12-04T10:54:17.052Z info: A client disconnected {}
2024-12-04T10:54:17.198Z info: A client disconnected {}
2024-12-04T10:54:17.385Z info: A client disconnected {}
2024-12-04T10:54:17.527Z info: A client disconnected {}
2024-12-04T10:54:17.684Z info: A client disconnected {}
2024-12-04T10:54:17.826Z info: A client disconnected {}
2024-12-04T10:54:17.976Z info: A client disconnected {}
2024-12-04T10:54:18.127Z info: A client disconnected {}
2024-12-04T10:54:18.291Z info: A client disconnected {}
2024-12-04T10:54:18.479Z info: A client disconnected {}
2024-12-04T10:54:18.653Z info: A client disconnected {}
2024-12-04T10:54:18.992Z info: A client disconnected {}
2024-12-04T10:54:19.158Z info: A client disconnected {}
2024-12-04T10:54:19.304Z info: A client disconnected {}
2024-12-04T10:54:19.453Z info: A client disconnected {}
2024-12-04T10:54:19.618Z info: A client disconnected {}
2024-12-04T10:54:19.764Z info: A client disconnected {}
2024-12-04T10:54:19.918Z info: A client disconnected {}
2024-12-04T10:54:20.102Z info: A client disconnected {}
2024-12-04T10:54:20.253Z info: A client disconnected {}
2024-12-04T10:54:20.406Z info: A client disconnected {}
2024-12-04T10:54:20.728Z info: A client disconnected {}
2024-12-04T10:54:20.899Z info: A client disconnected {}
2024-12-04T10:54:21.075Z info: A client disconnected {}
2024-12-04T10:54:21.224Z info: A client disconnected {}
2024-12-04T10:54:21.369Z info: A client disconnected {}
2024-12-04T10:54:21.539Z info: A client disconnected {}
2024-12-04T10:54:21.688Z info: A client disconnected {}
2024-12-04T10:54:21.874Z info: A client disconnected {}
2024-12-04T10:54:22.031Z info: A client disconnected {}
2024-12-04T10:54:22.181Z info: A client disconnected {}
2024-12-04T10:54:22.333Z info: A client disconnected {}
2024-12-04T10:54:22.486Z info: A client disconnected {}
2024-12-04T10:54:22.636Z info: A client disconnected {}
2024-12-04T10:54:22.786Z info: A client disconnected {}
2024-12-04T10:54:22.927Z info: A client disconnected {}
2024-12-04T10:54:23.104Z info: A client disconnected {}
2024-12-04T10:54:23.245Z info: A client disconnected {}
2024-12-04T10:54:23.393Z info: A client disconnected {}
2024-12-04T10:54:23.758Z info: A client disconnected {}
2024-12-04T10:55:09.981Z info: A client connected {}
2024-12-04T10:55:10.086Z info: A client disconnected {}
2024-12-04T10:55:10.139Z info: A client connected {}
2024-12-04T10:55:10.275Z info: A client connected {}
2024-12-04T10:55:10.379Z info: A client disconnected {}
2024-12-04T10:55:10.424Z info: A client connected {}
2024-12-04T10:55:30.469Z info: A client disconnected {}
2024-12-04T10:55:30.507Z info: A client connected {}
2024-12-04T10:55:40.949Z info: A client disconnected {}
2024-12-04T10:55:40.983Z info: A client connected {}
2024-12-04T10:55:55.137Z info: A client disconnected {}
2024-12-04T10:55:55.240Z info: A client disconnected {}
2024-12-04T10:55:55.278Z info: A client connected {}
2024-12-04T11:00:35.225Z info: A client disconnected {}
2024-12-04T11:00:35.258Z info: A client connected {}
2024-12-04T11:01:24.899Z info: A client disconnected {}
2024-12-04T11:01:24.931Z info: A client connected {}
2024-12-04T11:01:51.554Z info: A client disconnected {}
2024-12-04T11:01:51.604Z info: A client connected {}
2024-12-04T11:01:51.755Z info: A client connected {}
2024-12-04T11:01:51.892Z info: A client connected {}
2024-12-04T11:01:52.076Z info: A client connected {}
2024-12-04T11:01:52.186Z info: A client disconnected {}
2024-12-04T11:01:52.257Z info: A client connected {}
2024-12-04T11:01:52.392Z info: A client connected {}
2024-12-04T11:01:52.531Z info: A client connected {}
2024-12-04T11:01:52.669Z info: A client connected {}
2024-12-04T11:01:52.834Z info: A client connected {}
2024-12-04T11:01:52.997Z info: A client connected {}
2024-12-04T11:01:53.181Z info: A client connected {}
2024-12-04T11:01:53.341Z info: A client connected {}
2024-12-04T11:01:53.445Z info: A client disconnected {}
2024-12-04T11:01:53.519Z info: A client connected {}
2024-12-04T11:01:53.660Z info: A client connected {}
2024-12-04T11:01:53.802Z info: A client connected {}
2024-12-04T11:01:53.956Z info: A client connected {}
2024-12-04T11:01:54.097Z info: A client connected {}
2024-12-04T11:01:54.241Z info: A client connected {}
2024-12-04T11:01:54.421Z info: A client connected {}
2024-12-04T11:01:54.570Z info: A client connected {}
2024-12-04T11:01:54.722Z info: A client connected {}
2024-12-04T11:01:54.859Z info: A client connected {}
2024-12-04T11:01:55.003Z info: A client connected {}
2024-12-04T11:01:55.142Z info: A client connected {}
2024-12-04T11:01:55.285Z info: A client connected {}
2024-12-04T11:01:55.446Z info: A client connected {}
2024-12-04T11:01:55.587Z info: A client connected {}
2024-12-04T11:01:55.727Z info: A client connected {}
2024-12-04T11:01:55.837Z info: A client disconnected {}
2024-12-04T11:01:55.891Z info: A client connected {}
2024-12-04T11:01:56.000Z info: A client disconnected {}
2024-12-04T11:01:56.061Z info: A client connected {}
2024-12-04T11:01:56.197Z info: A client connected {}
2024-12-04T11:01:56.339Z info: A client connected {}
2024-12-04T11:01:56.478Z info: A client connected {}
2024-12-04T11:01:56.622Z info: A client connected {}
2024-12-04T11:01:56.762Z info: A client connected {}
2024-12-04T11:01:56.904Z info: A client connected {}
2024-12-04T11:01:57.048Z info: A client connected {}
2024-12-04T11:01:57.203Z info: A client connected {}
2024-12-04T11:01:57.369Z info: A client connected {}
2024-12-04T11:01:57.530Z info: A client connected {}
2024-12-04T11:01:57.695Z info: A client connected {}
2024-12-04T11:01:57.845Z info: A client connected {}
2024-12-04T11:01:57.995Z info: A client connected {}
2024-12-04T11:01:58.134Z info: A client connected {}
2024-12-04T11:01:58.298Z info: A client connected {}
2024-12-04T11:01:58.471Z info: A client connected {}
2024-12-04T11:01:58.627Z info: A client connected {}
2024-12-04T11:01:58.770Z info: A client connected {}
2024-12-04T11:01:58.908Z info: A client connected {}
2024-12-04T11:01:59.047Z info: A client connected {}
2024-12-04T11:01:59.188Z info: A client connected {}
2024-12-04T11:01:59.328Z info: A client connected {}
2024-12-04T11:01:59.483Z info: A client connected {}
2024-12-04T11:01:59.636Z info: A client connected {}
2024-12-04T11:01:59.741Z info: A client disconnected {}
2024-12-04T11:01:59.792Z info: A client connected {}
2024-12-04T11:01:59.934Z info: A client connected {}
2024-12-04T11:02:00.074Z info: A client connected {}
2024-12-04T11:02:00.181Z info: A client disconnected {}
2024-12-04T11:02:00.252Z info: A client connected {}
2024-12-04T11:02:00.391Z info: A client connected {}
2024-12-04T11:02:00.555Z info: A client connected {}
2024-12-04T11:02:00.709Z info: A client connected {}
2024-12-04T11:02:00.851Z info: A client connected {}
2024-12-04T11:02:00.991Z info: A client connected {}
2024-12-04T11:02:01.155Z info: A client connected {}
2024-12-04T11:02:01.265Z info: A client disconnected {}
2024-12-04T11:02:01.312Z info: A client connected {}
2024-12-04T11:02:36.607Z info: A client disconnected {}
2024-12-04T11:02:36.711Z info: A client disconnected {}
2024-12-04T11:02:36.753Z info: A client disconnected {}
2024-12-04T11:02:36.772Z info: A client connected {}
2024-12-04T11:02:36.877Z info: A client disconnected {}
2024-12-04T11:02:36.890Z info: A client disconnected {}
2024-12-04T11:02:36.948Z info: A client connected {}
2024-12-04T11:02:37.088Z info: A client connected {}
2024-12-04T11:02:37.230Z info: A client connected {}
2024-12-04T11:02:37.253Z info: A client disconnected {}
2024-12-04T11:02:37.332Z info: A client disconnected {}
2024-12-04T11:02:37.385Z info: A client connected {}
2024-12-04T11:02:37.388Z info: A client disconnected {}
2024-12-04T11:02:37.528Z info: A client disconnected {}
2024-12-04T11:02:37.529Z info: A client connected {}
2024-12-04T11:02:37.637Z info: A client disconnected {}
2024-12-04T11:02:37.666Z info: A client disconnected {}
2024-12-04T11:02:37.681Z info: A client connected {}
2024-12-04T11:02:37.826Z info: A client disconnected {}
2024-12-04T11:02:37.930Z info: A client disconnected {}
2024-12-04T11:02:37.976Z info: A client connected {}
2024-12-04T11:02:37.996Z info: A client disconnected {}
2024-12-04T11:02:38.106Z info: A client disconnected {}
2024-12-04T11:02:38.168Z info: A client connected {}
2024-12-04T11:02:38.176Z info: A client disconnected {}
2024-12-04T11:02:38.308Z info: A client connected {}
2024-12-04T11:02:38.447Z info: A client connected {}
2024-12-04T11:02:38.514Z info: A client disconnected {}
2024-12-04T11:02:38.617Z info: A client disconnected {}
2024-12-04T11:02:38.657Z info: A client connected {}
2024-12-04T11:02:38.658Z info: A client disconnected {}
2024-12-04T11:02:38.799Z info: A client disconnected {}
2024-12-04T11:02:38.903Z info: A client disconnected {}
2024-12-04T11:02:38.949Z info: A client disconnected {}
2024-12-04T11:02:38.982Z info: A client connected {}
2024-12-04T11:02:39.095Z info: A client disconnected {}
2024-12-04T11:02:39.170Z info: A client connected {}
2024-12-04T11:02:39.238Z info: A client disconnected {}
2024-12-04T11:02:39.343Z info: A client disconnected {}
2024-12-04T11:02:39.416Z info: A client disconnected {}
2024-12-04T11:02:39.418Z info: A client connected {}
2024-12-04T11:02:39.565Z info: A client disconnected {}
2024-12-04T11:02:39.594Z info: A client connected {}
2024-12-04T11:02:39.720Z info: A client disconnected {}
2024-12-04T11:02:39.824Z info: A client disconnected {}
2024-12-04T11:02:39.856Z info: A client disconnected {}
2024-12-04T11:02:39.898Z info: A client connected {}
2024-12-04T11:02:39.998Z info: A client disconnected {}
2024-12-04T11:02:40.061Z info: A client connected {}
2024-12-04T11:02:40.138Z info: A client disconnected {}
2024-12-04T11:02:40.244Z info: A client disconnected {}
2024-12-04T11:02:40.281Z info: A client disconnected {}
2024-12-04T11:02:40.327Z info: A client connected {}
2024-12-04T11:02:40.444Z info: A client disconnected {}
2024-12-04T11:02:40.483Z info: A client connected {}
2024-12-04T11:02:40.583Z info: A client disconnected {}
2024-12-04T11:02:40.688Z info: A client disconnected {}
2024-12-04T11:02:40.765Z info: A client connected {}
2024-12-04T11:02:40.940Z info: A client connected {}
2024-12-04T11:02:41.057Z info: A client disconnected {}
2024-12-04T11:02:41.125Z info: A client connected {}
2024-12-04T11:02:41.194Z info: A client disconnected {}
2024-12-04T11:02:41.299Z info: A client disconnected {}
2024-12-04T11:02:41.336Z info: A client disconnected {}
2024-12-04T11:02:41.382Z info: A client connected {}
2024-12-04T11:02:41.474Z info: A client disconnected {}
2024-12-04T11:02:41.579Z info: A client disconnected {}
2024-12-04T11:02:41.620Z info: A client disconnected {}
2024-12-04T11:02:41.662Z info: A client connected {}
2024-12-04T11:02:41.759Z info: A client disconnected {}
2024-12-04T11:02:41.863Z info: A client disconnected {}
2024-12-04T11:02:41.900Z info: A client disconnected {}
2024-12-04T11:02:41.949Z info: A client connected {}
2024-12-04T11:02:42.044Z info: A client disconnected {}
2024-12-04T11:02:42.148Z info: A client disconnected {}
2024-12-04T11:02:42.201Z info: A client disconnected {}
2024-12-04T11:02:42.233Z info: A client connected {}
2024-12-04T11:02:42.365Z info: A client disconnected {}
2024-12-04T11:02:42.469Z info: A client disconnected {}
2024-12-04T11:02:42.526Z info: A client disconnected {}
2024-12-04T11:02:42.550Z info: A client connected {}
2024-12-04T11:02:42.693Z info: A client disconnected {}
2024-12-04T11:02:42.798Z info: A client disconnected {}
2024-12-04T11:02:42.841Z info: A client disconnected {}
2024-12-04T11:02:42.879Z info: A client connected {}
2024-12-04T11:02:42.991Z info: A client disconnected {}
2024-12-04T11:02:43.064Z info: A client connected {}
2024-12-04T11:02:43.132Z info: A client disconnected {}
2024-12-04T11:02:43.236Z info: A client disconnected {}
2024-12-04T11:02:43.295Z info: A client disconnected {}
2024-12-04T11:02:43.322Z info: A client connected {}
2024-12-04T11:02:43.469Z info: A client disconnected {}
2024-12-04T11:02:43.573Z info: A client disconnected {}
2024-12-04T11:02:43.622Z info: A client disconnected {}
2024-12-04T11:02:43.660Z info: A client connected {}
2024-12-04T11:02:43.768Z info: A client disconnected {}
2024-12-04T11:02:43.838Z info: A client connected {}
2024-12-04T11:02:43.904Z info: A client disconnected {}
2024-12-04T11:02:44.009Z info: A client disconnected {}
2024-12-04T11:02:44.044Z info: A client disconnected {}
2024-12-04T11:02:44.096Z info: A client connected {}
2024-12-04T11:02:44.186Z info: A client disconnected {}
2024-12-04T11:02:44.290Z info: A client disconnected {}
2024-12-04T11:02:44.324Z info: A client disconnected {}
2024-12-04T11:02:44.365Z info: A client connected {}
2024-12-04T11:02:44.479Z info: A client disconnected {}
2024-12-04T11:02:44.540Z info: A client connected {}
2024-12-04T11:02:44.704Z info: A client connected {}
2024-12-04T11:02:44.789Z info: A client disconnected {}
2024-12-04T11:02:44.894Z info: A client disconnected {}
2024-12-04T11:02:44.929Z info: A client disconnected {}
2024-12-04T11:02:44.982Z info: A client connected {}
2024-12-04T11:02:45.149Z info: A client connected {}
2024-12-04T11:02:45.249Z info: A client disconnected {}
2024-12-04T11:02:45.328Z info: A client connected {}
2024-12-04T11:02:45.387Z info: A client disconnected {}
2024-12-04T11:02:45.490Z info: A client disconnected {}
2024-12-04T11:02:45.534Z info: A client disconnected {}
2024-12-04T11:02:45.575Z info: A client connected {}
2024-12-04T11:02:45.706Z info: A client disconnected {}
2024-12-04T11:02:45.738Z info: A client connected {}
2024-12-04T11:02:45.848Z info: A client disconnected {}
2024-12-04T11:02:45.953Z info: A client disconnected {}
2024-12-04T11:02:45.988Z info: A client disconnected {}
2024-12-04T11:02:46.027Z info: A client connected {}
2024-12-04T11:02:46.172Z info: A client connected {}
2024-12-04T11:02:46.335Z info: A client connected {}
2024-12-04T11:02:46.515Z info: A client connected {}
2024-12-04T11:02:46.665Z info: A client connected {}
2024-12-04T11:02:46.774Z info: A client disconnected {}
2024-12-04T11:02:46.851Z info: A client connected {}
2024-12-04T11:02:47.033Z info: A client connected {}
2024-12-04T11:02:47.192Z info: A client connected {}
2024-12-04T11:02:47.333Z info: A client connected {}
2024-12-04T11:02:47.475Z info: A client connected {}
2024-12-04T11:02:47.659Z info: A client connected {}
2024-12-04T11:02:47.806Z info: A client connected {}
2024-12-04T11:02:47.976Z info: A client connected {}
2024-12-04T11:02:48.160Z info: A client connected {}
2024-12-04T11:02:48.304Z info: A client connected {}
2024-12-04T11:02:48.489Z info: A client connected {}
2024-12-04T11:02:48.634Z info: A client connected {}
2024-12-04T11:02:48.770Z info: A client connected {}
2024-12-04T11:02:48.932Z info: A client connected {}
2024-12-04T11:02:49.077Z info: A client connected {}
2024-12-04T11:02:49.260Z info: A client connected {}
2024-12-04T11:02:49.402Z info: A client connected {}
2024-12-04T11:02:49.574Z info: A client connected {}
2024-12-04T11:02:49.725Z info: A client connected {}
2024-12-04T11:02:49.884Z info: A client connected {}
2024-12-04T11:02:50.048Z info: A client connected {}
2024-12-04T11:02:50.228Z info: A client connected {}
2024-12-04T11:02:50.411Z info: A client connected {}
2024-12-04T11:02:50.549Z info: A client connected {}
2024-12-04T11:02:50.732Z info: A client connected {}
2024-12-04T11:02:50.916Z info: A client connected {}
2024-12-04T11:02:51.060Z info: A client connected {}
2024-12-04T11:02:51.232Z info: A client connected {}
2024-12-04T11:02:51.406Z info: A client connected {}
2024-12-04T11:02:51.542Z info: A client connected {}
2024-12-04T11:02:51.685Z info: A client connected {}
2024-12-04T11:02:51.866Z info: A client connected {}
2024-12-04T11:02:52.042Z info: A client connected {}
2024-12-04T11:02:52.223Z info: A client connected {}
2024-12-04T11:02:52.408Z info: A client connected {}
2024-12-04T11:02:52.555Z info: A client connected {}
2024-12-04T11:02:52.694Z info: A client connected {}
2024-12-04T11:02:52.843Z info: A client connected {}
2024-12-04T11:02:52.994Z info: A client connected {}
2024-12-04T11:02:53.140Z info: A client connected {}
2024-12-04T11:02:53.288Z info: A client connected {}
2024-12-04T11:02:53.468Z info: A client connected {}
2024-12-04T11:02:53.615Z info: A client connected {}
2024-12-04T11:02:53.763Z info: A client connected {}
2024-12-04T11:02:53.939Z info: A client connected {}
2024-12-04T11:02:54.112Z info: A client connected {}
2024-12-04T11:02:54.291Z info: A client connected {}
2024-12-04T11:02:54.463Z info: A client connected {}
2024-12-04T11:02:54.615Z info: A client connected {}
2024-12-04T11:02:54.762Z info: A client connected {}
2024-12-04T11:02:54.914Z info: A client connected {}
2024-12-04T11:02:55.062Z info: A client connected {}
2024-12-04T11:02:55.209Z info: A client connected {}
2024-12-04T11:02:55.393Z info: A client connected {}
2024-12-04T11:02:55.499Z info: A client disconnected {}
2024-12-04T11:02:55.575Z info: A client connected {}
2024-12-04T11:02:55.760Z info: A client connected {}
2024-12-04T11:02:55.912Z info: A client connected {}
2024-12-04T11:02:56.086Z info: A client connected {}
2024-12-04T11:02:56.267Z info: A client connected {}
2024-12-04T11:02:56.428Z info: A client connected {}
2024-12-04T11:02:56.600Z info: A client connected {}
2024-12-04T11:02:56.784Z info: A client connected {}
2024-12-04T11:02:56.890Z info: A client disconnected {}
2024-12-04T11:02:56.970Z info: A client connected {}
2024-12-04T11:02:57.074Z info: A client disconnected {}
2024-12-04T11:02:57.135Z info: A client connected {}
2024-12-04T11:02:57.277Z info: A client connected {}
2024-12-04T11:02:57.430Z info: A client connected {}
2024-12-04T11:02:57.617Z info: A client connected {}
2024-12-04T11:02:57.727Z info: A client disconnected {}
2024-12-04T11:02:57.805Z info: A client connected {}
2024-12-04T11:02:57.988Z info: A client connected {}
2024-12-04T11:02:58.179Z info: A client connected {}
2024-12-04T11:02:58.363Z info: A client connected {}
2024-12-04T11:02:58.479Z info: A client disconnected {}
2024-12-04T11:02:58.514Z info: A client connected {}
2024-12-04T11:03:10.662Z info: A client disconnected {}
2024-12-04T11:03:10.709Z info: A client connected {}
2024-12-04T11:03:21.943Z info: A client disconnected {}
2024-12-04T11:03:22.046Z info: A client disconnected {}
2024-12-04T11:03:22.085Z info: A client disconnected {}
2024-12-04T11:03:22.097Z info: A client connected {}
2024-12-04T11:03:22.382Z info: A client disconnected {}
2024-12-04T11:03:22.487Z info: A client disconnected {}
2024-12-04T11:03:22.530Z info: A client connected {}
2024-12-04T11:03:23.164Z info: A client disconnected {}
2024-12-04T11:03:23.269Z info: A client disconnected {}
2024-12-04T11:03:23.304Z info: A client disconnected {}
2024-12-04T11:03:23.322Z info: A client connected {}
2024-12-04T11:03:23.486Z info: A client connected {}
2024-12-04T11:03:23.623Z info: A client connected {}
2024-12-04T11:03:23.761Z info: A client connected {}
2024-12-04T11:03:23.926Z info: A client connected {}
2024-12-04T11:03:23.977Z info: A client disconnected {}
2024-12-04T11:03:24.081Z info: A client disconnected {}
2024-12-04T11:03:24.165Z info: A client connected {}
2024-12-04T11:03:24.330Z info: A client connected {}
2024-12-04T11:03:24.416Z info: A client disconnected {}
2024-12-04T11:03:24.521Z info: A client disconnected {}
2024-12-04T11:03:24.593Z info: A client connected {}
2024-12-04T11:03:24.735Z info: A client connected {}
2024-12-04T11:03:24.883Z info: A client connected {}
2024-12-04T11:03:24.895Z info: A client disconnected {}
2024-12-04T11:03:24.995Z info: A client disconnected {}
2024-12-04T11:03:25.072Z info: A client connected {}
2024-12-04T11:03:25.216Z info: A client connected {}
2024-12-04T11:03:25.322Z info: A client disconnected {}
2024-12-04T11:03:25.396Z info: A client connected {}
2024-12-04T11:03:25.537Z info: A client connected {}
2024-12-04T11:03:25.699Z info: A client connected {}
2024-12-04T11:03:25.762Z info: A client disconnected {}
2024-12-04T11:03:25.866Z info: A client disconnected {}
2024-12-04T11:03:25.934Z info: A client connected {}
2024-12-04T11:03:25.937Z info: A client disconnected {}
2024-12-04T11:03:26.098Z info: A client connected {}
2024-12-04T11:03:26.241Z info: A client connected {}
2024-12-04T11:03:26.384Z info: A client connected {}
2024-12-04T11:03:26.519Z info: A client connected {}
2024-12-04T11:03:26.654Z info: A client connected {}
2024-12-04T11:03:26.799Z info: A client connected {}
2024-12-04T11:03:26.939Z info: A client connected {}
2024-12-04T11:03:27.103Z info: A client connected {}
2024-12-04T11:03:27.251Z info: A client connected {}
2024-12-04T11:03:27.392Z info: A client connected {}
2024-12-04T11:03:27.533Z info: A client connected {}
2024-12-04T11:03:27.670Z info: A client connected {}
2024-12-04T11:03:27.810Z info: A client connected {}
2024-12-04T11:03:27.875Z info: A client disconnected {}
2024-12-04T11:03:27.978Z info: A client disconnected {}
2024-12-04T11:03:28.043Z info: A client connected {}
2024-12-04T11:03:28.207Z info: A client connected {}
2024-12-04T11:03:28.386Z info: A client connected {}
2024-12-04T11:03:28.588Z info: A client connected {}
2024-12-04T11:03:28.656Z info: A client disconnected {}
2024-12-04T11:03:28.760Z info: A client disconnected {}
2024-12-04T11:03:28.841Z info: A client connected {}
2024-12-04T11:03:28.950Z info: A client disconnected {}
2024-12-04T11:03:28.990Z info: A client connected {}
2024-12-04T11:03:29.361Z info: A client disconnected {}
2024-12-04T11:03:29.466Z info: A client disconnected {}
2024-12-04T11:03:29.517Z info: A client connected {}
2024-12-04T11:03:29.536Z info: A client disconnected {}
2024-12-04T11:03:29.698Z info: A client connected {}
2024-12-04T11:03:29.870Z info: A client connected {}
2024-12-04T11:03:29.977Z info: A client disconnected {}
2024-12-04T11:03:30.051Z info: A client connected {}
2024-12-04T11:03:30.146Z info: A client disconnected {}
2024-12-04T11:03:30.250Z info: A client disconnected {}
2024-12-04T11:03:30.292Z info: A client connected {}
2024-12-04T11:03:30.569Z info: A client disconnected {}
2024-12-04T11:03:30.675Z info: A client disconnected {}
2024-12-04T11:03:30.762Z info: A client connected {}
2024-12-04T11:03:30.946Z info: A client connected {}
2024-12-04T11:03:31.023Z info: A client disconnected {}
2024-12-04T11:03:31.128Z info: A client disconnected {}
2024-12-04T11:03:31.171Z info: A client disconnected {}
2024-12-04T11:03:31.209Z info: A client connected {}
2024-12-04T11:03:31.333Z info: A client disconnected {}
2024-12-04T11:03:31.399Z info: A client connected {}
2024-12-04T11:03:31.512Z info: A client disconnected {}
2024-12-04T11:03:31.580Z info: A client connected {}
2024-12-04T11:03:31.728Z info: A client connected {}
2024-12-04T11:03:31.847Z info: A client disconnected {}
2024-12-04T11:03:31.910Z info: A client connected {}
2024-12-04T11:03:32.028Z info: A client disconnected {}
2024-12-04T11:03:32.095Z info: A client connected {}
2024-12-04T11:03:32.191Z info: A client disconnected {}
2024-12-04T11:03:32.295Z info: A client disconnected {}
2024-12-04T11:03:32.329Z info: A client disconnected {}
2024-12-04T11:03:32.370Z info: A client connected {}
2024-12-04T11:03:32.472Z info: A client disconnected {}
2024-12-04T11:03:32.523Z info: A client connected {}
2024-12-04T11:03:32.654Z info: A client disconnected {}
2024-12-04T11:03:32.702Z info: A client connected {}
2024-12-04T11:03:32.803Z info: A client disconnected {}
2024-12-04T11:03:32.907Z info: A client disconnected {}
2024-12-04T11:03:32.975Z info: A client disconnected {}
2024-12-04T11:03:32.997Z info: A client connected {}
2024-12-04T11:03:33.151Z info: A client disconnected {}
2024-12-04T11:03:33.256Z info: A client disconnected {}
2024-12-04T11:03:33.300Z info: A client disconnected {}
2024-12-04T11:03:33.346Z info: A client connected {}
2024-12-04T11:03:33.486Z info: A client disconnected {}
2024-12-04T11:03:33.528Z info: A client connected {}
2024-12-04T11:03:33.630Z info: A client disconnected {}
2024-12-04T11:03:33.735Z info: A client disconnected {}
2024-12-04T11:03:33.767Z info: A client disconnected {}
2024-12-04T11:03:33.818Z info: A client connected {}
2024-12-04T11:03:33.925Z info: A client disconnected {}
2024-12-04T11:03:33.995Z info: A client connected {}
2024-12-04T11:03:34.074Z info: A client disconnected {}
2024-12-04T11:03:34.179Z info: A client disconnected {}
2024-12-04T11:03:34.248Z info: A client connected {}
2024-12-04T11:03:34.253Z info: A client disconnected {}
2024-12-04T11:03:34.391Z info: A client connected {}
2024-12-04T11:03:34.398Z info: A client disconnected {}
2024-12-04T11:03:34.570Z info: A client disconnected {}
2024-12-04T11:03:34.583Z info: A client connected {}
2024-12-04T11:03:34.679Z info: A client disconnected {}
2024-12-04T11:03:34.723Z info: A client disconnected {}
2024-12-04T11:03:34.730Z info: A client connected {}
2024-12-04T11:03:34.836Z info: A client disconnected {}
2024-12-04T11:03:34.879Z info: A client disconnected {}
2024-12-04T11:03:34.917Z info: A client connected {}
2024-12-04T11:03:35.044Z info: A client disconnected {}
2024-12-04T11:03:35.063Z info: A client connected {}
2024-12-04T11:03:35.224Z info: A client disconnected {}
2024-12-04T11:03:35.329Z info: A client disconnected {}
2024-12-04T11:03:35.379Z info: A client connected {}
2024-12-04T11:03:35.405Z info: A client disconnected {}
2024-12-04T11:03:35.527Z info: A client connected {}
2024-12-04T11:03:35.545Z info: A client disconnected {}
2024-12-04T11:03:35.708Z info: A client connected {}
2024-12-04T11:03:35.724Z info: A client disconnected {}
2024-12-04T11:03:35.854Z info: A client connected {}
2024-12-04T11:03:35.912Z info: A client disconnected {}
2024-12-04T11:03:36.016Z info: A client disconnected {}
2024-12-04T11:03:36.057Z info: A client disconnected {}
2024-12-04T11:03:36.098Z info: A client connected {}
2024-12-04T11:03:36.228Z info: A client disconnected {}
2024-12-04T11:03:36.283Z info: A client connected {}
2024-12-04T11:03:36.393Z info: A client disconnected {}
2024-12-04T11:03:36.404Z info: A client disconnected {}
2024-12-04T11:03:36.445Z info: A client connected {}
2024-12-04T11:03:36.539Z info: A client disconnected {}
2024-12-04T11:03:36.642Z info: A client disconnected {}
2024-12-04T11:03:36.683Z info: A client disconnected {}
2024-12-04T11:03:36.727Z info: A client connected {}
2024-12-04T11:03:36.861Z info: A client disconnected {}
2024-12-04T11:03:36.906Z info: A client connected {}
2024-12-04T11:03:37.035Z info: A client disconnected {}
2024-12-04T11:03:37.140Z info: A client disconnected {}
2024-12-04T11:03:37.215Z info: A client disconnected {}
2024-12-04T11:03:37.227Z info: A client connected {}
2024-12-04T11:03:37.404Z info: A client disconnected {}
2024-12-04T11:03:37.508Z info: A client disconnected {}
2024-12-04T11:03:37.553Z info: A client disconnected {}
2024-12-04T11:03:37.560Z info: A client connected {}
2024-12-04T11:03:37.692Z info: A client disconnected {}
2024-12-04T11:03:37.747Z info: A client connected {}
2024-12-04T11:03:37.839Z info: A client disconnected {}
2024-12-04T11:03:37.944Z info: A client disconnected {}
2024-12-04T11:03:37.991Z info: A client disconnected {}
2024-12-04T11:03:38.032Z info: A client connected {}
2024-12-04T11:03:38.137Z info: A client disconnected {}
2024-12-04T11:03:38.241Z info: A client disconnected {}
2024-12-04T11:03:38.285Z info: A client disconnected {}
2024-12-04T11:03:38.322Z info: A client connected {}
2024-12-04T11:03:38.466Z info: A client disconnected {}
2024-12-04T11:03:38.504Z info: A client connected {}
2024-12-04T11:03:38.612Z info: A client disconnected {}
2024-12-04T11:03:38.716Z info: A client disconnected {}
2024-12-04T11:03:38.759Z info: A client disconnected {}
2024-12-04T11:03:38.794Z info: A client connected {}
2024-12-04T11:03:38.937Z info: A client disconnected {}
2024-12-04T11:03:38.979Z info: A client connected {}
2024-12-04T11:03:39.110Z info: A client disconnected {}
2024-12-04T11:03:39.213Z info: A client disconnected {}
2024-12-04T11:03:39.287Z info: A client disconnected {}
2024-12-04T11:03:39.292Z info: A client connected {}
2024-12-04T11:03:39.459Z info: A client disconnected {}
2024-12-04T11:03:39.473Z info: A client connected {}
2024-12-04T11:03:39.612Z info: A client disconnected {}
2024-12-04T11:03:39.716Z info: A client disconnected {}
2024-12-04T11:03:39.756Z info: A client connected {}
2024-12-04T11:03:39.758Z info: A client disconnected {}
2024-12-04T11:03:39.907Z info: A client disconnected {}
2024-12-04T11:03:40.012Z info: A client disconnected {}
2024-12-04T11:03:40.057Z info: A client disconnected {}
2024-12-04T11:03:40.091Z info: A client connected {}
2024-12-04T11:03:40.206Z info: A client disconnected {}
2024-12-04T11:03:40.281Z info: A client connected {}
2024-12-04T11:03:40.422Z info: A client connected {}
2024-12-04T11:03:40.572Z info: A client disconnected {}
2024-12-04T11:03:40.575Z info: A client connected {}
2024-12-04T11:03:40.720Z info: A client connected {}
2024-12-04T11:03:40.756Z info: A client disconnected {}
2024-12-04T11:03:40.827Z info: A client disconnected {}
2024-12-04T11:03:40.880Z info: A client connected {}
2024-12-04T11:03:40.908Z info: A client disconnected {}
2024-12-04T11:03:41.059Z info: A client connected {}
2024-12-04T11:03:41.083Z info: A client disconnected {}
2024-12-04T11:03:41.219Z info: A client connected {}
2024-12-04T11:03:41.264Z info: A client disconnected {}
2024-12-04T11:03:41.373Z info: A client connected {}
2024-12-04T11:03:41.424Z info: A client disconnected {}
2024-12-04T11:03:41.528Z info: A client disconnected {}
2024-12-04T11:03:41.598Z info: A client disconnected {}
2024-12-04T11:03:41.618Z info: A client connected {}
2024-12-04T11:03:42.131Z info: A client disconnected {}
2024-12-04T11:03:42.235Z info: A client disconnected {}
2024-12-04T11:03:42.273Z info: A client disconnected {}
2024-12-04T11:03:42.284Z info: A client connected {}
2024-12-04T11:03:42.429Z info: A client disconnected {}
2024-12-04T11:03:42.470Z info: A client connected {}
2024-12-04T11:03:42.800Z info: A client disconnected {}
2024-12-04T11:03:42.905Z info: A client disconnected {}
2024-12-04T11:03:42.973Z info: A client connected {}
2024-12-04T11:03:42.983Z info: A client disconnected {}
2024-12-04T11:03:43.127Z info: A client connected {}
2024-12-04T11:03:43.174Z info: A client disconnected {}
2024-12-04T11:03:43.272Z info: A client connected {}
2024-12-04T11:03:43.423Z info: A client connected {}
2024-12-04T11:03:43.610Z info: A client connected {}
2024-12-04T11:03:43.790Z info: A client connected {}
2024-12-04T11:03:43.975Z info: A client connected {}
2024-12-04T11:03:44.119Z info: A client connected {}
2024-12-04T11:03:44.299Z info: A client connected {}
2024-12-04T11:03:44.445Z info: A client connected {}
2024-12-04T11:03:44.630Z info: A client connected {}
2024-12-04T11:03:44.812Z info: A client connected {}
2024-12-04T11:03:44.999Z info: A client connected {}
2024-12-04T11:03:45.104Z info: A client disconnected {}
2024-12-04T11:03:45.183Z info: A client connected {}
2024-12-04T11:03:45.361Z info: A client connected {}
2024-12-04T11:03:45.544Z info: A client connected {}
2024-12-04T11:03:45.723Z info: A client connected {}
2024-12-04T11:03:45.902Z info: A client connected {}
2024-12-04T11:03:46.050Z info: A client connected {}
2024-12-04T11:03:46.198Z info: A client connected {}
2024-12-04T11:03:46.351Z info: A client connected {}
2024-12-04T11:03:46.532Z info: A client connected {}
2024-12-04T11:03:46.720Z info: A client connected {}
2024-12-04T11:03:46.915Z info: A client connected {}
2024-12-04T11:03:47.088Z info: A client connected {}
2024-12-04T11:03:47.248Z info: A client connected {}
2024-12-04T11:03:47.397Z info: A client connected {}
2024-12-04T11:03:47.563Z info: A client connected {}
2024-12-04T11:03:47.754Z info: A client connected {}
2024-12-04T11:03:47.905Z info: A client connected {}
2024-12-04T11:03:48.044Z info: A client connected {}
2024-12-04T11:03:48.185Z info: A client connected {}
2024-12-04T11:03:48.361Z info: A client connected {}
2024-12-04T11:03:48.497Z info: A client connected {}
2024-12-04T11:03:48.652Z info: A client connected {}
2024-12-04T11:03:48.802Z info: A client connected {}
2024-12-04T11:03:48.966Z info: A client connected {}
2024-12-04T11:03:49.137Z info: A client connected {}
2024-12-04T11:03:49.314Z info: A client connected {}
2024-12-04T11:03:49.478Z info: A client connected {}
2024-12-04T11:03:49.637Z info: A client connected {}
2024-12-04T11:03:49.781Z info: A client connected {}
2024-12-04T11:03:49.947Z info: A client connected {}
2024-12-04T11:03:50.120Z info: A client connected {}
2024-12-04T11:03:50.230Z info: A client disconnected {}
2024-12-04T11:03:50.265Z info: A client connected {}
2024-12-04T11:04:08.318Z info: A client disconnected {}
2024-12-04T11:04:08.423Z info: A client disconnected {}
2024-12-04T11:04:08.475Z info: A client connected {}
2024-12-04T11:04:08.484Z info: A client disconnected {}
2024-12-04T11:04:08.581Z info: A client disconnected {}
2024-12-04T11:04:08.620Z info: A client disconnected {}
2024-12-04T11:04:08.647Z info: A client connected {}
2024-12-04T11:04:08.756Z info: A client disconnected {}
2024-12-04T11:04:08.826Z info: A client connected {}
2024-12-04T11:04:09.011Z info: A client connected {}
2024-12-04T11:04:09.160Z info: A client connected {}
2024-12-04T11:04:09.160Z info: A client disconnected {}
2024-12-04T11:04:09.302Z info: A client connected {}
2024-12-04T11:04:09.452Z info: A client connected {}
2024-12-04T11:04:09.590Z info: A client disconnected {}
2024-12-04T11:04:09.630Z info: A client connected {}
2024-12-04T11:04:09.730Z info: A client disconnected {}
2024-12-04T11:04:09.834Z info: A client disconnected {}
2024-12-04T11:04:09.917Z info: A client connected {}
2024-12-04T11:04:10.066Z info: A client disconnected {}
2024-12-04T11:04:10.108Z info: A client connected {}
2024-12-04T11:04:10.211Z info: A client disconnected {}
2024-12-04T11:04:10.315Z info: A client disconnected {}
2024-12-04T11:04:10.394Z info: A client disconnected {}
2024-12-04T11:04:10.400Z info: A client connected {}
2024-12-04T11:04:10.499Z info: A client disconnected {}
2024-12-04T11:04:10.534Z info: A client disconnected {}
2024-12-04T11:04:10.578Z info: A client connected {}
2024-12-04T11:04:10.754Z info: A client connected {}
2024-12-04T11:04:10.909Z info: A client connected {}
2024-12-04T11:04:10.931Z info: A client disconnected {}
2024-12-04T11:04:11.082Z info: A client connected {}
2024-12-04T11:04:11.094Z info: A client disconnected {}
2024-12-04T11:04:11.238Z info: A client disconnected {}
2024-12-04T11:04:11.240Z info: A client connected {}
2024-12-04T11:04:11.379Z info: A client disconnected {}
2024-12-04T11:04:11.383Z info: A client connected {}
2024-12-04T11:04:11.519Z info: A client disconnected {}
2024-12-04T11:04:11.555Z info: A client connected {}
2024-12-04T11:04:11.651Z info: A client disconnected {}
2024-12-04T11:04:11.755Z info: A client disconnected {}
2024-12-04T11:04:11.795Z info: A client disconnected {}
2024-12-04T11:04:11.810Z info: A client connected {}
2024-12-04T11:04:11.935Z info: A client disconnected {}
2024-12-04T11:04:11.957Z info: A client connected {}
2024-12-04T11:04:12.101Z info: A client disconnected {}
2024-12-04T11:04:12.206Z info: A client disconnected {}
2024-12-04T11:04:12.247Z info: A client disconnected {}
2024-12-04T11:04:12.288Z info: A client connected {}
2024-12-04T11:04:12.389Z info: A client disconnected {}
2024-12-04T11:04:12.494Z info: A client disconnected {}
2024-12-04T11:04:12.530Z info: A client disconnected {}
2024-12-04T11:04:12.573Z info: A client connected {}
2024-12-04T11:04:12.666Z info: A client disconnected {}
2024-12-04T11:04:12.772Z info: A client disconnected {}
2024-12-04T11:04:12.865Z info: A client connected {}
2024-12-04T11:04:13.039Z info: A client disconnected {}
2024-12-04T11:04:13.053Z info: A client connected {}
2024-12-04T11:04:13.145Z info: A client disconnected {}
2024-12-04T11:04:13.204Z info: A client disconnected {}
2024-12-04T11:04:13.215Z info: A client connected {}
2024-12-04T11:04:13.383Z info: A client disconnected {}
2024-12-04T11:04:13.487Z info: A client disconnected {}
2024-12-04T11:04:13.563Z info: A client connected {}
2024-12-04T11:04:13.670Z info: A client disconnected {}
2024-12-04T11:04:13.731Z info: A client connected {}
2024-12-04T11:04:13.841Z info: A client disconnected {}
2024-12-04T11:04:13.904Z info: A client connected {}
2024-12-04T11:04:14.050Z info: A client connected {}
2024-12-04T11:04:14.191Z info: A client connected {}
2024-12-04T11:04:14.332Z info: A client connected {}
2024-12-04T11:04:14.513Z info: A client connected {}
2024-12-04T11:04:14.514Z info: A client disconnected {}
2024-12-04T11:04:14.689Z info: A client connected {}
2024-12-04T11:04:14.693Z info: A client disconnected {}
2024-12-04T11:04:14.831Z info: A client connected {}
2024-12-04T11:04:14.868Z info: A client disconnected {}
2024-12-04T11:04:14.938Z info: A client disconnected {}
2024-12-04T11:04:15.014Z info: A client connected {}
2024-12-04T11:04:15.153Z info: A client connected {}
2024-12-04T11:04:15.292Z info: A client connected {}
2024-12-04T11:04:15.430Z info: A client connected {}
2024-12-04T11:04:15.541Z info: A client disconnected {}
2024-12-04T11:04:15.575Z info: A client connected {}
2024-12-04T11:04:15.755Z info: A client disconnected {}
2024-12-04T11:04:15.777Z info: A client disconnected {}
2024-12-04T11:04:16.203Z info: A client disconnected {}
2024-12-04T11:04:16.393Z info: A client disconnected {}
2024-12-04T11:04:16.577Z info: A client disconnected {}
2024-12-04T11:04:16.726Z info: A client disconnected {}
2024-12-04T11:04:16.906Z info: A client disconnected {}
2024-12-04T11:04:17.368Z info: A client disconnected {}
2024-12-04T11:04:17.519Z info: A client disconnected {}
2024-12-04T11:04:18.340Z info: A client disconnected {}
2024-12-04T11:04:18.814Z info: A client disconnected {}
2024-12-04T11:04:19.247Z info: A client disconnected {}
2024-12-04T11:04:19.385Z info: A client disconnected {}
2024-12-04T11:04:19.914Z info: A client disconnected {}
2024-12-04T11:04:20.378Z info: A client disconnected {}
2024-12-04T11:04:20.525Z info: A client disconnected {}
2024-12-04T11:04:20.703Z info: A client disconnected {}
2024-12-04T11:04:21.095Z info: A client disconnected {}
2024-12-04T11:04:21.723Z info: A client disconnected {}
2024-12-04T11:04:22.554Z info: A client disconnected {}
2024-12-04T11:04:23.320Z info: A client disconnected {}
2024-12-04T11:04:23.790Z info: A client disconnected {}
2024-12-04T11:04:24.287Z info: A client disconnected {}
2024-12-04T11:04:25.088Z info: A client disconnected {}
2024-12-04T11:04:25.277Z info: A client disconnected {}
2024-12-04T11:04:25.417Z info: A client disconnected {}
2024-12-04T11:04:25.573Z info: A client disconnected {}
2024-12-04T11:04:25.877Z info: A client disconnected {}
2024-12-04T11:04:26.055Z info: A client disconnected {}
2024-12-04T11:04:26.214Z info: A client disconnected {}
2024-12-04T11:04:30.614Z info: server started successfully! {}
2024-12-04T11:04:30.617Z info: Http server started successfully! {}
2024-12-04T11:04:33.369Z info: A client connected {}
2024-12-04T11:04:33.521Z info: A client connected {}
2024-12-04T11:04:33.655Z info: A client connected {}
2024-12-04T11:04:33.790Z info: A client connected {}
2024-12-04T11:04:33.927Z info: A client connected {}
2024-12-04T11:04:34.060Z info: A client connected {}
2024-12-04T11:04:34.192Z info: A client connected {}
2024-12-04T11:04:34.327Z info: A client connected {}
2024-12-04T11:04:34.465Z info: A client connected {}
2024-12-04T11:04:34.600Z info: A client connected {}
2024-12-04T11:04:34.736Z info: A client connected {}
2024-12-04T11:04:34.874Z info: A client connected {}
2024-12-04T11:04:35.008Z info: A client connected {}
2024-12-04T11:04:35.137Z info: A client connected {}
2024-12-04T11:04:35.260Z info: A client connected {}
2024-12-04T11:04:35.391Z info: A client connected {}
2024-12-04T11:04:35.519Z info: A client connected {}
2024-12-04T11:04:35.650Z info: A client connected {}
2024-12-04T11:04:35.763Z info: A client disconnected {}
2024-12-04T11:04:35.783Z info: A client connected {}
2024-12-04T11:05:18.374Z info: A client disconnected {}
2024-12-04T11:05:18.479Z info: A client disconnected {}
2024-12-04T11:05:18.515Z info: A client connected {}
2024-12-04T11:05:18.518Z info: A client disconnected {}
2024-12-04T11:05:18.651Z info: A client disconnected {}
2024-12-04T11:05:18.755Z info: A client disconnected {}
2024-12-04T11:05:18.786Z info: A client connected {}
2024-12-04T11:05:18.787Z info: A client disconnected {}
2024-12-04T11:05:18.924Z info: A client disconnected {}
2024-12-04T11:05:19.027Z info: A client disconnected {}
2024-12-04T11:05:19.056Z info: A client connected {}
2024-12-04T11:05:19.059Z info: A client disconnected {}
2024-12-04T11:05:19.190Z info: A client disconnected {}
2024-12-04T11:05:19.295Z info: A client disconnected {}
2024-12-04T11:05:19.326Z info: A client disconnected {}
2024-12-04T11:05:19.328Z info: A client connected {}
2024-12-04T11:05:19.461Z info: A client disconnected {}
2024-12-04T11:05:19.566Z info: A client disconnected {}
2024-12-04T11:05:19.596Z info: A client disconnected {}
2024-12-04T11:05:19.599Z info: A client connected {}
2024-12-04T11:05:19.734Z info: A client disconnected {}
2024-12-04T11:05:19.839Z info: A client disconnected {}
2024-12-04T11:05:19.870Z info: A client disconnected {}
2024-12-04T11:05:19.876Z info: A client connected {}
2024-12-04T11:05:20.007Z info: A client disconnected {}
2024-12-04T11:05:20.116Z info: A client disconnected {}
2024-12-04T11:05:20.136Z info: A client disconnected {}
2024-12-04T11:05:20.170Z info: A client connected {}
2024-12-04T11:05:20.259Z info: A client disconnected {}
2024-12-04T11:05:20.362Z info: A client disconnected {}
2024-12-04T11:05:20.388Z info: A client disconnected {}
2024-12-04T11:05:20.392Z info: A client connected {}
2024-12-04T11:05:20.519Z info: A client disconnected {}
2024-12-04T11:05:20.624Z info: A client disconnected {}
2024-12-04T11:05:20.663Z info: A client connected {}
2024-12-04T11:12:26.523Z info: server started successfully! {}
2024-12-04T11:12:26.526Z info: Http server started successfully! {}
2024-12-04T11:12:26.666Z info: A client connected {}
2024-12-04T11:12:26.779Z info: A client disconnected {}
2024-12-04T11:12:26.794Z info: A client connected {}
2024-12-04T11:12:30.132Z info: A client disconnected {}
2024-12-04T11:12:30.162Z info: A client connected {}
2024-12-04T11:13:05.072Z info: A client disconnected {}
2024-12-04T11:13:05.114Z info: A client connected {}
2024-12-04T11:18:21.713Z info: A client disconnected {}
2024-12-04T11:18:21.757Z info: A client connected {}
2024-12-04T11:20:32.299Z info: A client disconnected {}
2024-12-04T11:20:32.340Z info: A client connected {}
2024-12-04T11:25:22.558Z info: A client disconnected {}
2024-12-04T11:25:22.603Z info: A client connected {}
2024-12-04T11:26:19.664Z info: A client disconnected {}
2024-12-04T11:26:19.709Z info: A client connected {}
2024-12-04T11:27:11.525Z info: A client disconnected {}
2024-12-04T11:27:11.565Z info: A client connected {}
2024-12-04T11:27:18.010Z info: A client disconnected {}
2024-12-04T11:27:18.039Z info: A client connected {}
2024-12-04T11:28:28.945Z info: server started successfully! {}
2024-12-04T11:28:28.948Z info: Http server started successfully! {}
2024-12-04T11:28:30.162Z info: A client connected {}
2024-12-04T11:28:30.273Z info: A client disconnected {}
2024-12-04T11:28:30.299Z info: A client connected {}
2024-12-04T11:28:36.049Z info: server started successfully! {}
2024-12-04T11:28:36.052Z info: Http server started successfully! {}
2024-12-04T11:28:36.192Z info: A client connected {}
2024-12-04T11:28:36.301Z info: A client disconnected {}
2024-12-04T11:28:36.347Z info: A client connected {}
