2024-07-12T13:07:54.883Z error: stderr: /home/devops/test.sh: line 4: echso: command not found
 {}
2024-07-12T13:56:40.275Z error: stderr: [object Object] {}
2024-07-12T14:03:39.862Z error: stderr: Error: Command failed: bash /home/devops/test.sh
/home/devops/test.sh: line 6: echoss: command not found
 {}
2024-07-12T14:04:12.607Z error: err: Error: Command failed: bash /home/devops/test.sh
/home/devops/test.sh: line 6: echoss: command not found
 {}
2024-07-12T14:05:00.113Z error: err: /home/devops/test.sh: line 6: echoss: command not found
 {}
2024-07-12T14:07:02.898Z error: err: Error: Command failed: bash /home/devops/test.sh
Unknown command verb 'startus', did you mean 'status'?
 {}
2024-07-12T16:04:40.253Z error: err: Error: Command failed: bash /home/devops/test.sh
Unit apache2ss.service could not be found.
Unit cronss.service could not be found.
 {}
2024-07-12T16:04:55.587Z error: err: Error: Command failed: bash /home/devops/test.sh
Unit apache2ss.service could not be found.
Unit cronss.service could not be found.
 {}
2024-07-12T16:06:17.683Z error: err: Error: Command failed: bash /home/devops/test.sh
Unit apache2ss.service could not be found.
Unit cronss.service could not be found.
 {}
2024-07-12T16:07:33.769Z error: err: Error: Command failed: bash /home/devops/test.sh
Unit crons.service could not be found.
 {}
2024-07-12T16:07:43.064Z error: err: Error: Command failed: bash /home/devops/test.sh
Unit crons.service could not be found.
 {}
2024-07-12T16:09:34.214Z error: err: Error: Command failed: bash /home/devops/test.sh
Unit cronsa.service could not be found.
 {}
2024-07-12T16:12:12.465Z error: err: Error: Command failed: systemctl status redis
Unit redis.service could not be found.
 {}
2024-07-12T16:12:12.469Z error: err: Error: Command failed: systemctl status mysql
Unit mysql.service could not be found.
 {}
2024-07-12T16:14:19.026Z error: err: Error: Command failed: systemctl status redis
Unit redis.service could not be found.
 {}
2024-07-12T16:14:19.030Z error: err: Error: Command failed: systemctl status mysql
Unit mysql.service could not be found.
 {}
2024-07-12T16:30:47.755Z error: err: Error: Command failed: systemctl status mysql
Unit mysql.service could not be found.
 {}
2024-07-12T16:30:47.757Z error: err: Error: Command failed: systemctl status redis
Unit redis.service could not be found.
 {}
2024-07-12T16:30:59.318Z error: err: Error: Command failed: systemctl status redis
Unit redis.service could not be found.
 {}
2024-07-12T16:30:59.323Z error: err: Error: Command failed: systemctl status mysql
Unit mysql.service could not be found.
 {}
2024-07-12T16:31:33.089Z error: err: Error: Command failed: systemctl status redis
Unit redis.service could not be found.
 {}
2024-07-12T16:31:33.094Z error: err: Error: Command failed: systemctl status mysql
Unit mysql.service could not be found.
 {}
2024-07-12T16:32:02.980Z error: err: Error: Command failed: systemctl status redis
Unit redis.service could not be found.
 {}
2024-07-12T16:32:02.983Z error: err: Error: Command failed: systemctl status mysql
Unit mysql.service could not be found.
 {}
2024-07-12T16:32:14.544Z error: err: Error: Command failed: systemctl status redis
Unit redis.service could not be found.
 {}
2024-07-12T16:32:14.549Z error: err: Error: Command failed: systemctl status mysql
Unit mysql.service could not be found.
 {}
2024-07-12T16:32:15.728Z error: err: Error: Command failed: systemctl status redis
Unit redis.service could not be found.
 {}
2024-07-12T16:32:15.735Z error: err: Error: Command failed: systemctl status mysql
Unit mysql.service could not be found.
 {}
2024-07-12T16:32:16.353Z error: err: Error: Command failed: systemctl status redis
Unit redis.service could not be found.
 {}
2024-07-12T16:32:16.361Z error: err: Error: Command failed: systemctl status mysql
Unit mysql.service could not be found.
 {}
2024-07-12T16:32:18.705Z error: err: Error: Command failed: systemctl status redis
Unit redis.service could not be found.
 {}
2024-07-12T16:32:18.711Z error: err: Error: Command failed: systemctl status mysql
Unit mysql.service could not be found.
 {}
2024-07-12T16:32:23.778Z error: err: Error: Command failed: systemctl status redis
Unit redis.service could not be found.
 {}
2024-07-12T16:32:23.779Z error: err: Error: Command failed: systemctl status mysql
Unit mysql.service could not be found.
 {}
2024-07-12T17:40:58.820Z error: err: Error: Command failed: systemctl status redis
Unit redis.service could not be found.
 {}
2024-07-12T17:40:58.825Z error: err: Error: Command failed: systemctl status mysql
Unit mysql.service could not be found.
 {}
2024-07-12T17:51:53.222Z error: err: Error: Command failed: systemctl status redis
Unit redis.service could not be found.
 {}
2024-07-12T17:51:53.227Z error: err: Error: Command failed: systemctl status mysql
Unit mysql.service could not be found.
 {}
2024-07-12T18:20:35.504Z error: err: Error: Command failed: systemctl status redis
Unit redis.service could not be found.
 {}
2024-07-12T18:20:35.509Z error: err: Error: Command failed: systemctl status mysql
Unit mysql.service could not be found.
 {}
2024-07-12T18:20:40.772Z error: err: Error: Command failed: systemctl status redis
Unit redis.service could not be found.
 {}
2024-07-12T18:20:40.775Z error: err: Error: Command failed: systemctl status mysql
Unit mysql.service could not be found.
 {}
2024-07-12T18:32:15.068Z error: err: Error: Command failed: systemctl status mysql
Unit mysql.service could not be found.
 {}
2024-07-12T18:32:15.070Z error: err: Error: Command failed: systemctl status redis
Unit redis.service could not be found.
 {}
2024-07-12T18:32:24.543Z error: err: Error: Command failed: systemctl status redis
Unit redis.service could not be found.
 {}
2024-07-12T18:32:24.546Z error: err: Error: Command failed: systemctl status mysql
Unit mysql.service could not be found.
 {}
2024-07-12T18:32:27.683Z error: err: Error: Command failed: systemctl status redis
Unit redis.service could not be found.
 {}
2024-07-12T18:32:27.686Z error: err: Error: Command failed: systemctl status mysql
Unit mysql.service could not be found.
 {}
